mpijob CMD : mpirun -wdir /home/i0012/i001200/program/HPhi/samples/Standard/Spin/S1Chain /home/i0012/i001200/bin/HPhi -s StdFace.def

Intel MPI Placement option
--------------------------
I_MPI_PIN_DOMAIN=omp

Node   MPI
------------
uv14 1

                                                                
      ,ammmmmmmmmmmmmmb,,        Welcome to the                 
    ,@@` dm          mb  ===m                                    
  ,@@` d@@@@@@@@@@@@@@@@b Pm,    @@          @@        @@       
 d@  d@@@ @@@ @@@@@@ @@@@b ~@a   @@          @@     @@@@@@@@    
d@   @@@@ ^^^ @@@@ m m @@@   @,  @@          @@   @@@  @@  @@@  
@    @@@@_@@@_@@@@mm mm@@@   @|  @@mmmmmmmmmm@@  @@    @@    @@ 
P@    9@@@@@@@@@@@@@@@@@P    @~  @@@@@@@@@@@@@@  @@    @@    @@ 
 @@      ~~9@@@@@@PPP~      @P   @@          @@   @@@  @@  @@@  
  ~@@b      @@@@@@@      ,@@~    @@          @@     @@@@@@@@    
    ~@@@m,,@@@@@@@@@  ,m@~`      @@          @@        @@       
        ~~9@@@@@@@@@  ~                                         
           9@P~~~9@P             Version 1.0                    
                                                                


#####  Parallelization Info.  #####

  OpenMP threads : 40
  MPI PEs : 1 


######  Standard Intarface Mode STARTS  ######

  Open Standard-Mode Inputfile StdFace.def 

  KEYWORD : l                    | VALUE : 6 
  KEYWORD : model                | VALUE : spingc 
  KEYWORD : lattice              | VALUE : chain 
  KEYWORD : method               | VALUE : fulldiag 
  Skipping a line.
  Skipping a line.
  KEYWORD : 2s                   | VALUE : 2 
  KEYWORD : j                    | VALUE : 1.0 

#######  Parameter Summary  #######

  @ Lattice Size & Shape

                L = 6  
                a = 1.00000     ######  DEFAULT VALUE IS USED  ######

  @ Hamiltonian 

               2S = 2         
                h = 0.00000     ######  DEFAULT VALUE IS USED  ######
            Gamma = 0.00000     ######  DEFAULT VALUE IS USED  ######
                D = 0.00000     ######  DEFAULT VALUE IS USED  ######
              J0x = 1.00000   
              J0y = 1.00000   
              J0z = 1.00000   

  @ Numerical conditions

       LargeValue = 12.00000    ######  DEFAULT VALUE IS USED  ######
         filehead = zvo         ######  DEFAULT VALUE IS USED  ######
      Lanczos_max = 2000        ######  DEFAULT VALUE IS USED  ######
       initial_iv = -1          ######  DEFAULT VALUE IS USED  ######
             nvec = 1           ######  DEFAULT VALUE IS USED  ######
             exct = 1           ######  DEFAULT VALUE IS USED  ######
       LanczosEps = 14          ######  DEFAULT VALUE IS USED  ######
    LanczosTarget = 2           ######  DEFAULT VALUE IS USED  ######
           NumAve = 5           ######  DEFAULT VALUE IS USED  ######
    ExpecInterval = 20          ######  DEFAULT VALUE IS USED  ######
      ioutputmode = 1           ######  DEFAULT VALUE IS USED  ######

######  Print Expert input files  ######

    zlocspin.def is written.
      zTrans.def is written.
   zInterAll.def is written.
    namelist.def is written.
     calcmod.def is written.
     modpara.def is written.
    greenone.def is written.
    greentwo.def is written.

######  Input files are generated.  ######

  Read File 'namelist.def'.
  Read File 'calcmod.def' for CalcMod.
  Read File 'modpara.def' for ModPara.
  Read File 'zlocspn.def' for LocSpin.
  Read File 'zTrans.def' for Trans.
  Read File 'zInterAll.def' for InterAll.
  Read File 'greenone.def' for OneBodyG.
  Read File 'greentwo.def' for TwoBodyG.

######  Definition files are correct.  ######

  Read File 'zlocspn.def'.
  Read File 'zTrans.def'.
  Read File 'zInterAll.def'.
  Read File 'greenone.def'.
  Read File 'greentwo.def'.

######  Indices and Parameters of Definition files(*.def) are complete.  ######

  MAX DIMENSION idim_max=729 
  APPROXIMATE REQUIRED MEMORY  max_mem=0.136049 GB 


######  MPI site separation summary  ######

  INTRA process site
    Site    Bit
       0       3
       1       3
       2       3
       3       3
       4       3
       5       3

  INTER process site
    Site    Bit

  Process element info
    Process       Dimension   Nup  Ndown  Nelec  Total2Sz   State
          0             729     0      0      0         0   

   Total dimension : 729


######  LARGE ALLOCATE FINISH !  ######

  Start: Calculate HilbertNum for fixed Sz. 
  End  : Calculate HilbertNum for fixed Sz. 

  Start: Calculate diagaonal components of Hamiltonian. 
  End  : Calculate diagaonal components of Hamiltonian. 

######  Start: Setting Hamiltonian.  ######

######  End  : Setting Hamiltonian.  ######

######  Start: Diagonalization.  ######

######  End  : Diagonalization.  ######

######  Start: Calc Expected value.  ######

i=    0 Energy= -8.617423 N=  6.000000 Sz=  0.000000 S2= -0.000000 Doublon=  0.000000 
i=    1 Energy= -7.896796 N=  6.000000 Sz=  1.000000 S2=  2.000000 Doublon=  0.000000 
i=    2 Energy= -7.896796 N=  6.000000 Sz= -1.000000 S2=  2.000000 Doublon=  0.000000 
i=    3 Energy= -7.896796 N=  6.000000 Sz= -0.000000 S2=  2.000000 Doublon=  0.000000 
i=    4 Energy= -6.461718 N=  6.000000 Sz= -0.000000 S2=  6.000000 Doublon=  0.000000 
i=    5 Energy= -6.461718 N=  6.000000 Sz=  2.000000 S2=  6.000000 Doublon=  0.000000 
i=    6 Energy= -6.461718 N=  6.000000 Sz=  1.000000 S2=  6.000000 Doublon=  0.000000 
i=    7 Energy= -6.461718 N=  6.000000 Sz= -1.001639 S2=  6.000000 Doublon=  0.000000 
i=    8 Energy= -6.461718 N=  6.000000 Sz= -1.998360 S2=  6.000000 Doublon=  0.000000 
i=    9 Energy= -6.121784 N=  6.000000 Sz=  0.321672 S2=  2.000000 Doublon=  0.000000 
i=   10 Energy= -6.121784 N=  6.000000 Sz= -0.939245 S2=  2.000000 Doublon=  0.000000 
i=   11 Energy= -6.121784 N=  6.000000 Sz=  0.211015 S2=  2.000000 Doublon=  0.000000 
i=   12 Energy= -6.121784 N=  6.000000 Sz=  0.895404 S2=  2.000000 Doublon=  0.000000 
i=   13 Energy= -6.121784 N=  6.000000 Sz= -0.967618 S2=  2.000000 Doublon=  0.000000 
i=   14 Energy= -6.121784 N=  6.000000 Sz=  0.478772 S2=  2.000000 Doublon=  0.000000 
i=   15 Energy= -6.084885 N=  6.000000 Sz=  0.886767 S2=  2.000000 Doublon=  0.000000 
i=   16 Energy= -6.084885 N=  6.000000 Sz=  0.999795 S2=  2.000000 Doublon=  0.000000 
i=   17 Energy= -6.084885 N=  6.000000 Sz= -0.957802 S2=  2.000000 Doublon=  0.000000 
i=   18 Energy= -6.084885 N=  6.000000 Sz=  0.009538 S2=  2.000000 Doublon=  0.000000 
i=   19 Energy= -6.084885 N=  6.000000 Sz= -0.963288 S2=  2.000000 Doublon=  0.000000 
i=   20 Energy= -6.084885 N=  6.000000 Sz=  0.024991 S2=  2.000000 Doublon=  0.000000 
i=   21 Energy= -5.449490 N=  6.000000 Sz= -0.000000 S2=  0.000000 Doublon=  0.000000 
i=   22 Energy= -5.000000 N=  6.000000 Sz= -0.884803 S2=  2.000000 Doublon=  0.000000 
i=   23 Energy= -5.000000 N=  6.000000 Sz=  0.999690 S2=  2.000000 Doublon=  0.000000 
i=   24 Energy= -5.000000 N=  6.000000 Sz= -0.114886 S2=  2.000000 Doublon=  0.000000 
i=   25 Energy= -4.797899 N=  6.000000 Sz=  0.000000 S2= -0.000000 Doublon=  0.000000 
i=   26 Energy= -4.758388 N=  6.000000 Sz=  1.682637 S2=  6.000000 Doublon=  0.000000 
i=   27 Energy= -4.758388 N=  6.000000 Sz= -0.557938 S2=  6.000000 Doublon=  0.000000 
i=   28 Energy= -4.758388 N=  6.000000 Sz= -0.149794 S2=  6.000000 Doublon=  0.000000 
i=   29 Energy= -4.758388 N=  6.000000 Sz= -0.241518 S2=  6.000000 Doublon=  0.000000 
i=   30 Energy= -4.758388 N=  6.000000 Sz= -1.726230 S2=  6.000000 Doublon=  0.000000 
i=   31 Energy= -4.758388 N=  6.000000 Sz= -0.240831 S2=  6.000000 Doublon=  0.000000 
i=   32 Energy= -4.758388 N=  6.000000 Sz=  2.000000 S2=  6.000000 Doublon=  0.000000 
i=   33 Energy= -4.758388 N=  6.000000 Sz= -0.141558 S2=  6.000000 Doublon=  0.000000 
i=   34 Energy= -4.758388 N=  6.000000 Sz=  0.221461 S2=  6.000000 Doublon=  0.000000 
i=   35 Energy= -4.758388 N=  6.000000 Sz= -0.846230 S2=  6.000000 Doublon=  0.000000 
i=   36 Energy= -4.705821 N=  6.000000 Sz= -0.989409 S2=  6.000000 Doublon=  0.000000 
i=   37 Energy= -4.705821 N=  6.000000 Sz= -0.555782 S2=  6.000000 Doublon=  0.000000 
i=   38 Energy= -4.705821 N=  6.000000 Sz=  0.460292 S2=  6.000000 Doublon=  0.000000 
i=   39 Energy= -4.705821 N=  6.000000 Sz=  1.999998 S2=  6.000000 Doublon=  0.000000 
i=   40 Energy= -4.705821 N=  6.000000 Sz= -0.417721 S2=  6.000000 Doublon=  0.000000 
i=   41 Energy= -4.705821 N=  6.000000 Sz= -1.528079 S2=  6.000000 Doublon=  0.000000 
i=   42 Energy= -4.705821 N=  6.000000 Sz= -0.172407 S2=  6.000000 Doublon=  0.000000 
i=   43 Energy= -4.705821 N=  6.000000 Sz= -0.858940 S2=  6.000000 Doublon=  0.000000 
i=   44 Energy= -4.705821 N=  6.000000 Sz=  1.962390 S2=  6.000000 Doublon=  0.000000 
i=   45 Energy= -4.705821 N=  6.000000 Sz=  0.099657 S2=  6.000000 Doublon=  0.000000 
i=   46 Energy= -4.626198 N=  6.000000 Sz= -0.000000 S2= -0.000000 Doublon=  0.000000 
i=   47 Energy= -4.626198 N=  6.000000 Sz= -0.000000 S2= -0.000000 Doublon=  0.000000 
i=   48 Energy= -4.298839 N=  6.000000 Sz= -1.001847 S2= 12.000000 Doublon=  0.000000 
i=   49 Energy= -4.298839 N=  6.000000 Sz= -0.000381 S2= 12.000000 Doublon=  0.000000 
i=   50 Energy= -4.298839 N=  6.000000 Sz= -2.950471 S2= 12.000000 Doublon=  0.000000 
i=   51 Energy= -4.298839 N=  6.000000 Sz=  0.047699 S2= 12.000000 Doublon=  0.000000 
i=   52 Energy= -4.298839 N=  6.000000 Sz= -1.073478 S2= 12.000000 Doublon=  0.000000 
i=   53 Energy= -4.298839 N=  6.000000 Sz=  2.999997 S2= 12.000000 Doublon=  0.000000 
i=   54 Energy= -4.298839 N=  6.000000 Sz=  1.978481 S2= 12.000000 Doublon=  0.000000 
i=   55 Energy= -4.094114 N=  6.000000 Sz= -0.563820 S2=  2.000000 Doublon=  0.000000 
i=   56 Energy= -4.094114 N=  6.000000 Sz= -0.435534 S2=  2.000000 Doublon=  0.000000 
i=   57 Energy= -4.094114 N=  6.000000 Sz= -0.977408 S2=  2.000000 Doublon=  0.000000 
i=   58 Energy= -4.094114 N=  6.000000 Sz=  0.999798 S2=  2.000000 Doublon=  0.000000 
i=   59 Energy= -4.094114 N=  6.000000 Sz=  0.947737 S2=  2.000000 Doublon=  0.000000 
i=   60 Energy= -4.094114 N=  6.000000 Sz=  0.029227 S2=  2.000000 Doublon=  0.000000 
i=   61 Energy= -3.963372 N=  6.000000 Sz= -0.831910 S2=  2.000000 Doublon=  0.000000 
i=   62 Energy= -3.963372 N=  6.000000 Sz=  0.022875 S2=  2.000000 Doublon=  0.000000 
i=   63 Energy= -3.963372 N=  6.000000 Sz=  0.472496 S2=  2.000000 Doublon=  0.000000 
i=   64 Energy= -3.963372 N=  6.000000 Sz= -0.957098 S2=  2.000000 Doublon=  0.000000 
i=   65 Energy= -3.963372 N=  6.000000 Sz=  0.999596 S2=  2.000000 Doublon=  0.000000 
i=   66 Energy= -3.963372 N=  6.000000 Sz=  0.294042 S2=  2.000000 Doublon=  0.000000 
i=   67 Energy= -3.781728 N=  6.000000 Sz= -1.440388 S2=  6.000000 Doublon=  0.000000 
i=   68 Energy= -3.781728 N=  6.000000 Sz= -1.325724 S2=  6.000000 Doublon=  0.000000 
i=   69 Energy= -3.781728 N=  6.000000 Sz=  1.726168 S2=  6.000000 Doublon=  0.000000 
i=   70 Energy= -3.781728 N=  6.000000 Sz=  0.862630 S2=  6.000000 Doublon=  0.000000 
i=   71 Energy= -3.781728 N=  6.000000 Sz= -1.002778 S2=  6.000000 Doublon=  0.000000 
i=   72 Energy= -3.781728 N=  6.000000 Sz=  0.563316 S2=  6.000000 Doublon=  0.000000 
i=   73 Energy= -3.781728 N=  6.000000 Sz=  0.322793 S2=  6.000000 Doublon=  0.000000 
i=   74 Energy= -3.781728 N=  6.000000 Sz= -1.756512 S2=  6.000000 Doublon=  0.000000 
i=   75 Energy= -3.781728 N=  6.000000 Sz=  1.999057 S2=  6.000000 Doublon=  0.000000 
i=   76 Energy= -3.781728 N=  6.000000 Sz=  0.051440 S2=  6.000000 Doublon=  0.000000 
i=   77 Energy= -3.737106 N=  6.000000 Sz= -0.800730 S2=  2.000000 Doublon=  0.000000 
i=   78 Energy= -3.737106 N=  6.000000 Sz=  0.999385 S2=  2.000000 Doublon=  0.000000 
i=   79 Energy= -3.737106 N=  6.000000 Sz= -0.198655 S2=  2.000000 Doublon=  0.000000 
i=   80 Energy= -3.448678 N=  6.000000 Sz= -1.018765 S2=  6.000000 Doublon=  0.000000 
i=   81 Energy= -3.448678 N=  6.000000 Sz=  0.827400 S2=  6.000000 Doublon=  0.000000 
i=   82 Energy= -3.448678 N=  6.000000 Sz=  1.999996 S2=  6.000000 Doublon=  0.000000 
i=   83 Energy= -3.448678 N=  6.000000 Sz= -1.968399 S2=  6.000000 Doublon=  0.000000 
i=   84 Energy= -3.448678 N=  6.000000 Sz=  0.159768 S2=  6.000000 Doublon=  0.000000 
i=   85 Energy= -3.414214 N=  6.000000 Sz=  0.178949 S2=  6.000000 Doublon=  0.000000 
i=   86 Energy= -3.414214 N=  6.000000 Sz=  2.000000 S2=  6.000000 Doublon=  0.000000 
i=   87 Energy= -3.414214 N=  6.000000 Sz= -1.730375 S2=  6.000000 Doublon=  0.000000 
i=   88 Energy= -3.414214 N=  6.000000 Sz= -0.500074 S2=  6.000000 Doublon=  0.000000 
i=   89 Energy= -3.414214 N=  6.000000 Sz=  0.051500 S2=  6.000000 Doublon=  0.000000 
i=   90 Energy= -3.360721 N=  6.000000 Sz=  0.995703 S2=  2.000000 Doublon=  0.000000 
i=   91 Energy= -3.360721 N=  6.000000 Sz=  0.559033 S2=  2.000000 Doublon=  0.000000 
i=   92 Energy= -3.360721 N=  6.000000 Sz=  0.047459 S2=  2.000000 Doublon=  0.000000 
i=   93 Energy= -3.360721 N=  6.000000 Sz= -0.870736 S2=  2.000000 Doublon=  0.000000 
i=   94 Energy= -3.360721 N=  6.000000 Sz= -0.282166 S2=  2.000000 Doublon=  0.000000 
i=   95 Energy= -3.360721 N=  6.000000 Sz= -0.449292 S2=  2.000000 Doublon=  0.000000 
i=   96 Energy= -3.351558 N=  6.000000 Sz=  1.999874 S2=  6.000000 Doublon=  0.000000 
i=   97 Energy= -3.351558 N=  6.000000 Sz= -0.987393 S2=  6.000000 Doublon=  0.000000 
i=   98 Energy= -3.351558 N=  6.000000 Sz= -0.651817 S2=  6.000000 Doublon=  0.000000 
i=   99 Energy= -3.351558 N=  6.000000 Sz=  1.930927 S2=  6.000000 Doublon=  0.000000 
i=  100 Energy= -3.351558 N=  6.000000 Sz=  1.009920 S2=  6.000000 Doublon=  0.000000 
i=  101 Energy= -3.351558 N=  6.000000 Sz= -1.379894 S2=  6.000000 Doublon=  0.000000 
i=  102 Energy= -3.351558 N=  6.000000 Sz= -1.236502 S2=  6.000000 Doublon=  0.000000 
i=  103 Energy= -3.351558 N=  6.000000 Sz= -0.599049 S2=  6.000000 Doublon=  0.000000 
i=  104 Energy= -3.351558 N=  6.000000 Sz=  0.652507 S2=  6.000000 Doublon=  0.000000 
i=  105 Energy= -3.351558 N=  6.000000 Sz= -0.738572 S2=  6.000000 Doublon=  0.000000 
i=  106 Energy= -3.330234 N=  6.000000 Sz= -0.000000 S2= -0.000000 Doublon=  0.000000 
i=  107 Energy= -3.000000 N=  6.000000 Sz= -1.050610 S2=  3.267700 Doublon=  0.000000 
i=  108 Energy= -3.000000 N=  6.000000 Sz= -0.453056 S2=  5.928709 Doublon=  0.000000 
i=  109 Energy= -3.000000 N=  6.000000 Sz=  0.927600 S2=  5.742204 Doublon=  0.000000 
i=  110 Energy= -3.000000 N=  6.000000 Sz=  1.999961 S2=  5.999991 Doublon=  0.000000 
i=  111 Energy= -3.000000 N=  6.000000 Sz= -0.628252 S2=  5.850988 Doublon=  0.000000 
i=  112 Energy= -3.000000 N=  6.000000 Sz= -0.361114 S2=  1.470803 Doublon=  0.000000 
i=  113 Energy= -3.000000 N=  6.000000 Sz= -0.434529 S2=  1.739605 Doublon=  0.000000 
i=  114 Energy= -2.828427 N=  6.000000 Sz= -0.671892 S2=  2.000000 Doublon=  0.000000 
i=  115 Energy= -2.828427 N=  6.000000 Sz=  0.999318 S2=  2.000000 Doublon=  0.000000 
i=  116 Energy= -2.828427 N=  6.000000 Sz= -0.327426 S2=  2.000000 Doublon=  0.000000 
i=  117 Energy= -2.815649 N=  6.000000 Sz=  2.481083 S2= 12.000000 Doublon=  0.000000 
i=  118 Energy= -2.815649 N=  6.000000 Sz=  0.649911 S2= 12.000000 Doublon=  0.000000 
i=  119 Energy= -2.815649 N=  6.000000 Sz=  1.829375 S2= 12.000000 Doublon=  0.000000 
i=  120 Energy= -2.815649 N=  6.000000 Sz= -2.151261 S2= 12.000000 Doublon=  0.000000 
i=  121 Energy= -2.815649 N=  6.000000 Sz= -1.133166 S2= 12.000000 Doublon=  0.000000 
i=  122 Energy= -2.815649 N=  6.000000 Sz=  0.052086 S2= 12.000000 Doublon=  0.000000 
i=  123 Energy= -2.815649 N=  6.000000 Sz= -1.677714 S2= 12.000000 Doublon=  0.000000 
i=  124 Energy= -2.815649 N=  6.000000 Sz= -1.055252 S2= 12.000000 Doublon=  0.000000 
i=  125 Energy= -2.815649 N=  6.000000 Sz= -1.049626 S2= 12.000000 Doublon=  0.000000 
i=  126 Energy= -2.815649 N=  6.000000 Sz=  2.995232 S2= 12.000000 Doublon=  0.000000 
i=  127 Energy= -2.815649 N=  6.000000 Sz=  0.116945 S2= 12.000000 Doublon=  0.000000 
i=  128 Energy= -2.815649 N=  6.000000 Sz=  0.265825 S2= 12.000000 Doublon=  0.000000 
i=  129 Energy= -2.815649 N=  6.000000 Sz= -0.102395 S2= 12.000000 Doublon=  0.000000 
i=  130 Energy= -2.815649 N=  6.000000 Sz= -1.221042 S2= 12.000000 Doublon=  0.000000 
i=  131 Energy= -2.776392 N=  6.000000 Sz= -1.919021 S2=  6.000000 Doublon=  0.000000 
i=  132 Energy= -2.776392 N=  6.000000 Sz= -0.907737 S2=  6.000000 Doublon=  0.000000 
i=  133 Energy= -2.776392 N=  6.000000 Sz=  0.034787 S2=  6.000000 Doublon=  0.000000 
i=  134 Energy= -2.776392 N=  6.000000 Sz=  0.791984 S2=  6.000000 Doublon=  0.000000 
i=  135 Energy= -2.776392 N=  6.000000 Sz=  1.999987 S2=  6.000000 Doublon=  0.000000 
i=  136 Energy= -2.732051 N=  6.000000 Sz= -0.995410 S2=  2.000000 Doublon=  0.000000 
i=  137 Energy= -2.732051 N=  6.000000 Sz=  0.998897 S2=  2.000000 Doublon=  0.000000 
i=  138 Energy= -2.732051 N=  6.000000 Sz= -0.003488 S2=  2.000000 Doublon=  0.000000 
i=  139 Energy= -2.592768 N=  6.000000 Sz= -1.808477 S2=  6.000000 Doublon=  0.000000 
i=  140 Energy= -2.592768 N=  6.000000 Sz= -0.052581 S2=  6.000000 Doublon=  0.000000 
i=  141 Energy= -2.592768 N=  6.000000 Sz=  1.999961 S2=  6.000000 Doublon=  0.000000 
i=  142 Energy= -2.592768 N=  6.000000 Sz= -1.155407 S2=  6.000000 Doublon=  0.000000 
i=  143 Energy= -2.592768 N=  6.000000 Sz=  0.012063 S2=  6.000000 Doublon=  0.000000 
i=  144 Energy= -2.592768 N=  6.000000 Sz=  0.731829 S2=  6.000000 Doublon=  0.000000 
i=  145 Energy= -2.592768 N=  6.000000 Sz=  1.801744 S2=  6.000000 Doublon=  0.000000 
i=  146 Energy= -2.592768 N=  6.000000 Sz= -0.105689 S2=  6.000000 Doublon=  0.000000 
i=  147 Energy= -2.592768 N=  6.000000 Sz= -0.776194 S2=  6.000000 Doublon=  0.000000 
i=  148 Energy= -2.592768 N=  6.000000 Sz= -0.647250 S2=  6.000000 Doublon=  0.000000 
i=  149 Energy= -2.328165 N=  6.000000 Sz=  0.999473 S2=  2.000000 Doublon=  0.000000 
i=  150 Energy= -2.328165 N=  6.000000 Sz= -0.565024 S2=  2.000000 Doublon=  0.000000 
i=  151 Energy= -2.328165 N=  6.000000 Sz= -0.434449 S2=  2.000000 Doublon=  0.000000 
i=  152 Energy= -2.177410 N=  6.000000 Sz= -0.870392 S2= 12.000000 Doublon=  0.000000 
i=  153 Energy= -2.177410 N=  6.000000 Sz=  0.183359 S2= 12.000000 Doublon=  0.000000 
i=  154 Energy= -2.177410 N=  6.000000 Sz=  0.769048 S2= 12.000000 Doublon=  0.000000 
i=  155 Energy= -2.177410 N=  6.000000 Sz=  1.476115 S2= 12.000000 Doublon=  0.000000 
i=  156 Energy= -2.177410 N=  6.000000 Sz=  0.253897 S2= 12.000000 Doublon=  0.000000 
i=  157 Energy= -2.177410 N=  6.000000 Sz=  2.361278 S2= 12.000000 Doublon=  0.000000 
i=  158 Energy= -2.177410 N=  6.000000 Sz= -1.659247 S2= 12.000000 Doublon=  0.000000 
i=  159 Energy= -2.177410 N=  6.000000 Sz= -0.337246 S2= 12.000000 Doublon=  0.000000 
i=  160 Energy= -2.177410 N=  6.000000 Sz= -2.391734 S2= 12.000000 Doublon=  0.000000 
i=  161 Energy= -2.177410 N=  6.000000 Sz=  0.289276 S2= 12.000000 Doublon=  0.000000 
i=  162 Energy= -2.177410 N=  6.000000 Sz= -1.241982 S2= 12.000000 Doublon=  0.000000 
i=  163 Energy= -2.177410 N=  6.000000 Sz= -0.911050 S2= 12.000000 Doublon=  0.000000 
i=  164 Energy= -2.177410 N=  6.000000 Sz= -0.902982 S2= 12.000000 Doublon=  0.000000 
i=  165 Energy= -2.177410 N=  6.000000 Sz=  2.981657 S2= 12.000000 Doublon=  0.000000 
i=  166 Energy= -2.101820 N=  6.000000 Sz=  0.239590 S2=  6.000000 Doublon=  0.000000 
i=  167 Energy= -2.101820 N=  6.000000 Sz=  1.910093 S2=  6.000000 Doublon=  0.000000 
i=  168 Energy= -2.101820 N=  6.000000 Sz=  0.847299 S2=  6.000000 Doublon=  0.000000 
i=  169 Energy= -2.101820 N=  6.000000 Sz= -0.276367 S2=  6.000000 Doublon=  0.000000 
i=  170 Energy= -2.101820 N=  6.000000 Sz= -0.483030 S2=  6.000000 Doublon=  0.000000 
i=  171 Energy= -2.101820 N=  6.000000 Sz= -0.319210 S2=  6.000000 Doublon=  0.000000 
i=  172 Energy= -2.101820 N=  6.000000 Sz= -1.937970 S2=  6.000000 Doublon=  0.000000 
i=  173 Energy= -2.101820 N=  6.000000 Sz= -0.156133 S2=  6.000000 Doublon=  0.000000 
i=  174 Energy= -2.101820 N=  6.000000 Sz=  1.094763 S2=  6.000000 Doublon=  0.000000 
i=  175 Energy= -2.101820 N=  6.000000 Sz= -0.919035 S2=  6.000000 Doublon=  0.000000 
i=  176 Energy= -2.000000 N=  6.000000 Sz= -0.463023 S2=  5.261006 Doublon=  0.000000 
i=  177 Energy= -2.000000 N=  6.000000 Sz=  0.362755 S2=  8.549135 Doublon=  0.000000 
i=  178 Energy= -2.000000 N=  6.000000 Sz= -0.351198 S2=  5.800515 Doublon=  0.000000 
i=  179 Energy= -2.000000 N=  6.000000 Sz=  2.859199 S2= 11.431639 Doublon=  0.000000 
i=  180 Energy= -2.000000 N=  6.000000 Sz= -1.057014 S2=  9.347356 Doublon=  0.000000 
i=  181 Energy= -2.000000 N=  6.000000 Sz= -1.020820 S2=  8.089613 Doublon=  0.000000 
i=  182 Energy= -2.000000 N=  6.000000 Sz= -0.957794 S2=  9.011630 Doublon=  0.000000 
i=  183 Energy= -2.000000 N=  6.000000 Sz= -1.549031 S2=  8.867693 Doublon=  0.000000 
i=  184 Energy= -2.000000 N=  6.000000 Sz=  0.717420 S2=  6.454103 Doublon=  0.000000 
i=  185 Energy= -2.000000 N=  6.000000 Sz=  1.189311 S2=  4.273919 Doublon=  0.000000 
i=  186 Energy= -2.000000 N=  6.000000 Sz=  0.775783 S2=  5.505041 Doublon=  0.000000 
i=  187 Energy= -2.000000 N=  6.000000 Sz=  0.140708 S2=  7.341130 Doublon=  0.000000 
i=  188 Energy= -2.000000 N=  6.000000 Sz= -0.646295 S2=  6.067220 Doublon=  0.000000 
i=  189 Energy= -1.870343 N=  6.000000 Sz=  0.997197 S2=  2.000000 Doublon=  0.000000 
i=  190 Energy= -1.870343 N=  6.000000 Sz= -0.803222 S2=  2.000000 Doublon=  0.000000 
i=  191 Energy= -1.870343 N=  6.000000 Sz=  0.141762 S2=  2.000000 Doublon=  0.000000 
i=  192 Energy= -1.870343 N=  6.000000 Sz= -0.452511 S2=  2.000000 Doublon=  0.000000 
i=  193 Energy= -1.870343 N=  6.000000 Sz=  0.194297 S2=  2.000000 Doublon=  0.000000 
i=  194 Energy= -1.870343 N=  6.000000 Sz= -0.077523 S2=  2.000000 Doublon=  0.000000 
i=  195 Energy= -1.732051 N=  6.000000 Sz= -2.126489 S2= 12.000000 Doublon=  0.000000 
i=  196 Energy= -1.732051 N=  6.000000 Sz=  1.778208 S2= 12.000000 Doublon=  0.000000 
i=  197 Energy= -1.732051 N=  6.000000 Sz= -0.776872 S2= 12.000000 Doublon=  0.000000 
i=  198 Energy= -1.732051 N=  6.000000 Sz= -2.082816 S2= 12.000000 Doublon=  0.000000 
i=  199 Energy= -1.732051 N=  6.000000 Sz=  0.734673 S2= 12.000000 Doublon=  0.000000 
i=  200 Energy= -1.732051 N=  6.000000 Sz=  2.999902 S2= 12.000000 Doublon=  0.000000 
i=  201 Energy= -1.732051 N=  6.000000 Sz= -0.526606 S2= 12.000000 Doublon=  0.000000 
i=  202 Energy= -1.689965 N=  6.000000 Sz=  0.474977 S2=  2.000000 Doublon=  0.000000 
i=  203 Energy= -1.689965 N=  6.000000 Sz=  0.033371 S2=  2.000000 Doublon=  0.000000 
i=  204 Energy= -1.689965 N=  6.000000 Sz= -0.500117 S2=  2.000000 Doublon=  0.000000 
i=  205 Energy= -1.689965 N=  6.000000 Sz=  0.948732 S2=  2.000000 Doublon=  0.000000 
i=  206 Energy= -1.689965 N=  6.000000 Sz= -0.477738 S2=  2.000000 Doublon=  0.000000 
i=  207 Energy= -1.689965 N=  6.000000 Sz= -0.479226 S2=  2.000000 Doublon=  0.000000 
i=  208 Energy= -1.515138 N=  6.000000 Sz=  0.000000 S2= -0.000000 Doublon=  0.000000 
i=  209 Energy= -1.515138 N=  6.000000 Sz=  0.000000 S2= -0.000000 Doublon=  0.000000 
i=  210 Energy= -1.489289 N=  6.000000 Sz=  3.999986 S2= 20.000000 Doublon=  0.000000 
i=  211 Energy= -1.489289 N=  6.000000 Sz= -3.197866 S2= 20.000000 Doublon=  0.000000 
i=  212 Energy= -1.489289 N=  6.000000 Sz= -0.508751 S2= 20.000000 Doublon=  0.000000 
i=  213 Energy= -1.489289 N=  6.000000 Sz= -0.161885 S2= 20.000000 Doublon=  0.000000 
i=  214 Energy= -1.489289 N=  6.000000 Sz= -1.726213 S2= 20.000000 Doublon=  0.000000 
i=  215 Energy= -1.489289 N=  6.000000 Sz= -0.083548 S2= 20.000000 Doublon=  0.000000 
i=  216 Energy= -1.489289 N=  6.000000 Sz= -3.298288 S2= 20.000000 Doublon=  0.000000 
i=  217 Energy= -1.489289 N=  6.000000 Sz=  2.959303 S2= 20.000000 Doublon=  0.000000 
i=  218 Energy= -1.489289 N=  6.000000 Sz=  2.017261 S2= 20.000000 Doublon=  0.000000 
i=  219 Energy= -1.414214 N=  6.000000 Sz=  0.714080 S2=  9.188477 Doublon=  0.000000 
i=  220 Energy= -1.414214 N=  6.000000 Sz=  0.230888 S2= 11.931452 Doublon=  0.000000 
i=  221 Energy= -1.414214 N=  6.000000 Sz= -0.067842 S2= 10.374206 Doublon=  0.000000 
i=  222 Energy= -1.414214 N=  6.000000 Sz=  0.074952 S2=  8.757315 Doublon=  0.000000 
i=  223 Energy= -1.414214 N=  6.000000 Sz= -0.810057 S2= 11.374527 Doublon=  0.000000 
i=  224 Energy= -1.414214 N=  6.000000 Sz= -1.254941 S2= 11.116561 Doublon=  0.000000 
i=  225 Energy= -1.414214 N=  6.000000 Sz=  1.978445 S2= 11.108642 Doublon=  0.000000 
i=  226 Energy= -1.414214 N=  6.000000 Sz= -0.171742 S2= 10.776100 Doublon=  0.000000 
i=  227 Energy= -1.414214 N=  6.000000 Sz= -0.162855 S2= 10.262872 Doublon=  0.000000 
i=  228 Energy= -1.414214 N=  6.000000 Sz=  2.972780 S2= 11.935163 Doublon=  0.000000 
i=  229 Energy= -1.414214 N=  6.000000 Sz= -0.089165 S2=  9.741251 Doublon=  0.000000 
i=  230 Energy= -1.414214 N=  6.000000 Sz= -0.670347 S2= 11.746071 Doublon=  0.000000 
i=  231 Energy= -1.414214 N=  6.000000 Sz= -0.954798 S2=  9.015018 Doublon=  0.000000 
i=  232 Energy= -1.414214 N=  6.000000 Sz=  1.183176 S2= 10.438166 Doublon=  0.000000 
i=  233 Energy= -1.414214 N=  6.000000 Sz=  0.111729 S2= 10.329834 Doublon=  0.000000 
i=  234 Energy= -1.414214 N=  6.000000 Sz= -1.131442 S2=  9.103070 Doublon=  0.000000 
i=  235 Energy= -1.414214 N=  6.000000 Sz= -1.042598 S2= 10.641860 Doublon=  0.000000 
i=  236 Energy= -1.414214 N=  6.000000 Sz= -0.336183 S2= 10.529807 Doublon=  0.000000 
i=  237 Energy= -1.414214 N=  6.000000 Sz= -0.574079 S2=  9.629609 Doublon=  0.000000 
i=  238 Energy= -1.388065 N=  6.000000 Sz=  2.999845 S2= 12.000000 Doublon=  0.000000 
i=  239 Energy= -1.388065 N=  6.000000 Sz= -2.363651 S2= 12.000000 Doublon=  0.000000 
i=  240 Energy= -1.388065 N=  6.000000 Sz= -0.338299 S2= 12.000000 Doublon=  0.000000 
i=  241 Energy= -1.388065 N=  6.000000 Sz=  0.486103 S2= 12.000000 Doublon=  0.000000 
i=  242 Energy= -1.388065 N=  6.000000 Sz= -1.948278 S2= 12.000000 Doublon=  0.000000 
i=  243 Energy= -1.388065 N=  6.000000 Sz=  0.487535 S2= 12.000000 Doublon=  0.000000 
i=  244 Energy= -1.388065 N=  6.000000 Sz=  0.676743 S2= 12.000000 Doublon=  0.000000 
i=  245 Energy= -1.383852 N=  6.000000 Sz= -1.748278 S2= 12.000000 Doublon=  0.000000 
i=  246 Energy= -1.383852 N=  6.000000 Sz= -0.674517 S2= 12.000000 Doublon=  0.000000 
i=  247 Energy= -1.383852 N=  6.000000 Sz= -0.697708 S2= 12.000000 Doublon=  0.000000 
i=  248 Energy= -1.383852 N=  6.000000 Sz= -0.464376 S2= 12.000000 Doublon=  0.000000 
i=  249 Energy= -1.383852 N=  6.000000 Sz= -0.414071 S2= 12.000000 Doublon=  0.000000 
i=  250 Energy= -1.383852 N=  6.000000 Sz= -0.728923 S2= 12.000000 Doublon=  0.000000 
i=  251 Energy= -1.383852 N=  6.000000 Sz=  0.183029 S2= 12.000000 Doublon=  0.000000 
i=  252 Energy= -1.383852 N=  6.000000 Sz=  0.246408 S2= 12.000000 Doublon=  0.000000 
i=  253 Energy= -1.383852 N=  6.000000 Sz= -1.201001 S2= 12.000000 Doublon=  0.000000 
i=  254 Energy= -1.383852 N=  6.000000 Sz=  0.493565 S2= 12.000000 Doublon=  0.000000 
i=  255 Energy= -1.383852 N=  6.000000 Sz=  2.242912 S2= 12.000000 Doublon=  0.000000 
i=  256 Energy= -1.383852 N=  6.000000 Sz= -0.704938 S2= 12.000000 Doublon=  0.000000 
i=  257 Energy= -1.383852 N=  6.000000 Sz=  2.659085 S2= 12.000000 Doublon=  0.000000 
i=  258 Energy= -1.383852 N=  6.000000 Sz=  0.808814 S2= 12.000000 Doublon=  0.000000 
i=  259 Energy= -1.208600 N=  6.000000 Sz= -0.214708 S2=  6.000000 Doublon=  0.000000 
i=  260 Energy= -1.208600 N=  6.000000 Sz= -0.810318 S2=  6.000000 Doublon=  0.000000 
i=  261 Energy= -1.208600 N=  6.000000 Sz= -0.597124 S2=  6.000000 Doublon=  0.000000 
i=  262 Energy= -1.208600 N=  6.000000 Sz=  1.999922 S2=  6.000000 Doublon=  0.000000 
i=  263 Energy= -1.208600 N=  6.000000 Sz= -1.582048 S2=  6.000000 Doublon=  0.000000 
i=  264 Energy= -1.208600 N=  6.000000 Sz=  0.185303 S2=  6.000000 Doublon=  0.000000 
i=  265 Energy= -1.208600 N=  6.000000 Sz=  0.044950 S2=  6.000000 Doublon=  0.000000 
i=  266 Energy= -1.208600 N=  6.000000 Sz=  0.653636 S2=  6.000000 Doublon=  0.000000 
i=  267 Energy= -1.208600 N=  6.000000 Sz= -0.542508 S2=  6.000000 Doublon=  0.000000 
i=  268 Energy= -1.208600 N=  6.000000 Sz=  0.862896 S2=  6.000000 Doublon=  0.000000 
i=  269 Energy= -0.981406 N=  6.000000 Sz= -0.035916 S2=  6.000000 Doublon=  0.000000 
i=  270 Energy= -0.981406 N=  6.000000 Sz=  1.998962 S2=  6.000000 Doublon=  0.000000 
i=  271 Energy= -0.981406 N=  6.000000 Sz= -0.725065 S2=  6.000000 Doublon=  0.000000 
i=  272 Energy= -0.981406 N=  6.000000 Sz= -0.164472 S2=  6.000000 Doublon=  0.000000 
i=  273 Energy= -0.981406 N=  6.000000 Sz= -1.057493 S2=  6.000000 Doublon=  0.000000 
i=  274 Energy= -0.981406 N=  6.000000 Sz=  0.810632 S2=  6.000000 Doublon=  0.000000 
i=  275 Energy= -0.981406 N=  6.000000 Sz= -1.091706 S2=  6.000000 Doublon=  0.000000 
i=  276 Energy= -0.981406 N=  6.000000 Sz=  0.320276 S2=  6.000000 Doublon=  0.000000 
i=  277 Energy= -0.981406 N=  6.000000 Sz=  0.777298 S2=  6.000000 Doublon=  0.000000 
i=  278 Energy= -0.981406 N=  6.000000 Sz= -0.832516 S2=  6.000000 Doublon=  0.000000 
i=  279 Energy= -0.802005 N=  6.000000 Sz=  1.999937 S2=  6.000000 Doublon=  0.000000 
i=  280 Energy= -0.802005 N=  6.000000 Sz=  0.619881 S2=  6.000000 Doublon=  0.000000 
i=  281 Energy= -0.802005 N=  6.000000 Sz= -0.928922 S2=  6.000000 Doublon=  0.000000 
i=  282 Energy= -0.802005 N=  6.000000 Sz= -0.779436 S2=  6.000000 Doublon=  0.000000 
i=  283 Energy= -0.802005 N=  6.000000 Sz= -1.352296 S2=  6.000000 Doublon=  0.000000 
i=  284 Energy= -0.802005 N=  6.000000 Sz=  0.397610 S2=  6.000000 Doublon=  0.000000 
i=  285 Energy= -0.802005 N=  6.000000 Sz=  0.318084 S2=  6.000000 Doublon=  0.000000 
i=  286 Energy= -0.802005 N=  6.000000 Sz= -1.052366 S2=  6.000000 Doublon=  0.000000 
i=  287 Energy= -0.802005 N=  6.000000 Sz= -0.190505 S2=  6.000000 Doublon=  0.000000 
i=  288 Energy= -0.802005 N=  6.000000 Sz=  0.968014 S2=  6.000000 Doublon=  0.000000 
i=  289 Energy= -0.718481 N=  6.000000 Sz=  0.613652 S2=  2.000000 Doublon=  0.000000 
i=  290 Energy= -0.718481 N=  6.000000 Sz= -0.417161 S2=  2.000000 Doublon=  0.000000 
i=  291 Energy= -0.718481 N=  6.000000 Sz= -0.225906 S2=  2.000000 Doublon=  0.000000 
i=  292 Energy= -0.718481 N=  6.000000 Sz= -0.497532 S2=  2.000000 Doublon=  0.000000 
i=  293 Energy= -0.718481 N=  6.000000 Sz= -0.454644 S2=  2.000000 Doublon=  0.000000 
i=  294 Energy= -0.718481 N=  6.000000 Sz=  0.981591 S2=  2.000000 Doublon=  0.000000 
i=  295 Energy= -0.700390 N=  6.000000 Sz= -0.940570 S2=  2.000000 Doublon=  0.000000 
i=  296 Energy= -0.700390 N=  6.000000 Sz=  0.913023 S2=  2.000000 Doublon=  0.000000 
i=  297 Energy= -0.700390 N=  6.000000 Sz=  0.027547 S2=  2.000000 Doublon=  0.000000 
i=  298 Energy= -0.624401 N=  6.000000 Sz= -0.452167 S2=  2.000000 Doublon=  0.000000 
i=  299 Energy= -0.624401 N=  6.000000 Sz=  0.628869 S2=  2.000000 Doublon=  0.000000 
i=  300 Energy= -0.624401 N=  6.000000 Sz= -0.223317 S2=  2.000000 Doublon=  0.000000 
i=  301 Energy= -0.624401 N=  6.000000 Sz= -0.126492 S2=  2.000000 Doublon=  0.000000 
i=  302 Energy= -0.624401 N=  6.000000 Sz= -0.783523 S2=  2.000000 Doublon=  0.000000 
i=  303 Energy= -0.624401 N=  6.000000 Sz=  0.956630 S2=  2.000000 Doublon=  0.000000 
i=  304 Energy= -0.585786 N=  6.000000 Sz=  1.999678 S2=  6.000000 Doublon=  0.000000 
i=  305 Energy= -0.585786 N=  6.000000 Sz= -0.718433 S2=  6.000000 Doublon=  0.000000 
i=  306 Energy= -0.585786 N=  6.000000 Sz= -0.168156 S2=  6.000000 Doublon=  0.000000 
i=  307 Energy= -0.585786 N=  6.000000 Sz= -0.898976 S2=  6.000000 Doublon=  0.000000 
i=  308 Energy= -0.585786 N=  6.000000 Sz= -0.214113 S2=  6.000000 Doublon=  0.000000 
i=  309 Energy= -0.561553 N=  6.000000 Sz=  2.724535 S2= 12.000000 Doublon=  0.000000 
i=  310 Energy= -0.561553 N=  6.000000 Sz=  1.402409 S2= 12.000000 Doublon=  0.000000 
i=  311 Energy= -0.561553 N=  6.000000 Sz= -2.180413 S2= 12.000000 Doublon=  0.000000 
i=  312 Energy= -0.561553 N=  6.000000 Sz=  0.579046 S2= 12.000000 Doublon=  0.000000 
i=  313 Energy= -0.561553 N=  6.000000 Sz=  0.666899 S2= 12.000000 Doublon=  0.000000 
i=  314 Energy= -0.561553 N=  6.000000 Sz= -2.352381 S2= 12.000000 Doublon=  0.000000 
i=  315 Energy= -0.561553 N=  6.000000 Sz= -0.840094 S2= 12.000000 Doublon=  0.000000 
i=  316 Energy= -0.550510 N=  6.000000 Sz= -0.000000 S2= -0.000000 Doublon=  0.000000 
i=  317 Energy= -0.339047 N=  6.000000 Sz= -0.000000 S2= -0.000000 Doublon=  0.000000 
i=  318 Energy= -0.058973 N=  6.000000 Sz=  1.065752 S2=  6.000000 Doublon=  0.000000 
i=  319 Energy= -0.058973 N=  6.000000 Sz=  1.999967 S2=  6.000000 Doublon=  0.000000 
i=  320 Energy= -0.058973 N=  6.000000 Sz= -0.743674 S2=  6.000000 Doublon=  0.000000 
i=  321 Energy= -0.058973 N=  6.000000 Sz= -0.188103 S2=  6.000000 Doublon=  0.000000 
i=  322 Energy= -0.058973 N=  6.000000 Sz= -0.049683 S2=  6.000000 Doublon=  0.000000 
i=  323 Energy= -0.058973 N=  6.000000 Sz= -0.784946 S2=  6.000000 Doublon=  0.000000 
i=  324 Energy= -0.058973 N=  6.000000 Sz= -0.980060 S2=  6.000000 Doublon=  0.000000 
i=  325 Energy= -0.058973 N=  6.000000 Sz= -0.034077 S2=  6.000000 Doublon=  0.000000 
i=  326 Energy= -0.058973 N=  6.000000 Sz=  0.468321 S2=  6.000000 Doublon=  0.000000 
i=  327 Energy= -0.058973 N=  6.000000 Sz= -0.753496 S2=  6.000000 Doublon=  0.000000 
i=  328 Energy=  0.000000 N=  6.000000 Sz=  3.974302 S2= 19.839571 Doublon=  0.000000 
i=  329 Energy=  0.000000 N=  6.000000 Sz=  2.331366 S2= 14.877130 Doublon=  0.000000 
i=  330 Energy= -0.000000 N=  6.000000 Sz= -1.426638 S2= 13.844869 Doublon=  0.000000 
i=  331 Energy=  0.000000 N=  6.000000 Sz= -0.757148 S2= 12.397523 Doublon=  0.000000 
i=  332 Energy=  0.000000 N=  6.000000 Sz=  1.141681 S2= 13.790075 Doublon=  0.000000 
i=  333 Energy=  0.000000 N=  6.000000 Sz= -1.221601 S2= 14.968377 Doublon=  0.000000 
i=  334 Energy= -0.000000 N=  6.000000 Sz=  0.605556 S2= 14.891768 Doublon=  0.000000 
i=  335 Energy=  0.000000 N=  6.000000 Sz=  0.625605 S2= 13.349409 Doublon=  0.000000 
i=  336 Energy=  0.000000 N=  6.000000 Sz=  0.047498 S2= 14.045113 Doublon=  0.000000 
i=  337 Energy=  0.000000 N=  6.000000 Sz=  0.050412 S2= 10.873191 Doublon=  0.000000 
i=  338 Energy= -0.000000 N=  6.000000 Sz= -0.408425 S2= 12.509079 Doublon=  0.000000 
i=  339 Energy=  0.000000 N=  6.000000 Sz= -0.296204 S2= 12.951298 Doublon=  0.000000 
i=  340 Energy=  0.000000 N=  6.000000 Sz= -0.912304 S2= 13.050645 Doublon=  0.000000 
i=  341 Energy=  0.000000 N=  6.000000 Sz= -0.163048 S2= 14.343758 Doublon=  0.000000 
i=  342 Energy= -0.000000 N=  6.000000 Sz= -1.345690 S2= 12.543847 Doublon=  0.000000 
i=  343 Energy=  0.000000 N=  6.000000 Sz=  0.146534 S2= 13.298444 Doublon=  0.000000 
i=  344 Energy=  0.000000 N=  6.000000 Sz= -0.266432 S2= 13.997789 Doublon=  0.000000 
i=  345 Energy=  0.000000 N=  6.000000 Sz= -0.936359 S2= 13.427448 Doublon=  0.000000 
i=  346 Energy= -0.000000 N=  6.000000 Sz= -0.332068 S2= 15.043774 Doublon=  0.000000 
i=  347 Energy= -0.000000 N=  6.000000 Sz= -0.272662 S2= 12.528637 Doublon=  0.000000 
i=  348 Energy=  0.000000 N=  6.000000 Sz= -0.881020 S2= 15.538458 Doublon=  0.000000 
i=  349 Energy=  0.000000 N=  6.000000 Sz= -0.568316 S2= 14.839865 Doublon=  0.000000 
i=  350 Energy=  0.000000 N=  6.000000 Sz= -0.286057 S2= 13.302210 Doublon=  0.000000 
i=  351 Energy=  0.000000 N=  6.000000 Sz= -0.485157 S2= 12.726057 Doublon=  0.000000 
i=  352 Energy= -0.000000 N=  6.000000 Sz= -0.468483 S2= 13.703318 Doublon=  0.000000 
i=  353 Energy= -0.000000 N=  6.000000 Sz= -0.421281 S2= 13.435489 Doublon=  0.000000 
i=  354 Energy= -0.000000 N=  6.000000 Sz= -0.252949 S2= 12.623047 Doublon=  0.000000 
i=  355 Energy=  0.000000 N=  6.000000 Sz=  0.370963 S2= 15.613073 Doublon=  0.000000 
i=  356 Energy=  0.000000 N=  6.000000 Sz= -0.080987 S2= 16.177126 Doublon=  0.000000 
i=  357 Energy= -0.000000 N=  6.000000 Sz= -0.139376 S2= 13.901845 Doublon=  0.000000 
i=  358 Energy= -0.000000 N=  6.000000 Sz= -0.842936 S2= 14.901594 Doublon=  0.000000 
i=  359 Energy= -0.000000 N=  6.000000 Sz= -0.799473 S2= 13.332310 Doublon=  0.000000 
i=  360 Energy=  0.000000 N=  6.000000 Sz=  0.238984 S2= 13.032009 Doublon=  0.000000 
i=  361 Energy= -0.000000 N=  6.000000 Sz=  0.030572 S2= 14.450801 Doublon=  0.000000 
i=  362 Energy= -0.000000 N=  6.000000 Sz= -0.134322 S2= 12.700994 Doublon=  0.000000 
i=  363 Energy=  0.000000 N=  6.000000 Sz= -0.506441 S2= 13.620133 Doublon=  0.000000 
i=  364 Energy= -0.000000 N=  6.000000 Sz= -0.623780 S2= 13.650525 Doublon=  0.000000 
i=  365 Energy= -0.000000 N=  6.000000 Sz=  0.618944 S2= 15.066250 Doublon=  0.000000 
i=  366 Energy=  0.000000 N=  6.000000 Sz= -0.699360 S2= 13.111323 Doublon=  0.000000 
i=  367 Energy=  0.000000 N=  6.000000 Sz=  2.927646 S2= 16.409592 Doublon=  0.000000 
i=  368 Energy= -0.000000 N=  6.000000 Sz=  1.145859 S2= 13.577912 Doublon=  0.000000 
i=  369 Energy=  0.000000 N=  6.000000 Sz=  1.272594 S2= 15.714327 Doublon=  0.000000 
i=  370 Energy=  0.321637 N=  6.000000 Sz= -1.427951 S2= 12.000000 Doublon=  0.000000 
i=  371 Energy=  0.321637 N=  6.000000 Sz= -0.166261 S2= 12.000000 Doublon=  0.000000 
i=  372 Energy=  0.321637 N=  6.000000 Sz=  1.177137 S2= 12.000000 Doublon=  0.000000 
i=  373 Energy=  0.321637 N=  6.000000 Sz=  0.200896 S2= 12.000000 Doublon=  0.000000 
i=  374 Energy=  0.321637 N=  6.000000 Sz=  0.541232 S2= 12.000000 Doublon=  0.000000 
i=  375 Energy=  0.321637 N=  6.000000 Sz= -0.109027 S2= 12.000000 Doublon=  0.000000 
i=  376 Energy=  0.321637 N=  6.000000 Sz=  0.510336 S2= 12.000000 Doublon=  0.000000 
i=  377 Energy=  0.321637 N=  6.000000 Sz= -1.108639 S2= 12.000000 Doublon=  0.000000 
i=  378 Energy=  0.321637 N=  6.000000 Sz= -0.157822 S2= 12.000000 Doublon=  0.000000 
i=  379 Energy=  0.321637 N=  6.000000 Sz= -1.238017 S2= 12.000000 Doublon=  0.000000 
i=  380 Energy=  0.321637 N=  6.000000 Sz= -1.445658 S2= 12.000000 Doublon=  0.000000 
i=  381 Energy=  0.321637 N=  6.000000 Sz=  1.223508 S2= 12.000000 Doublon=  0.000000 
i=  382 Energy=  0.321637 N=  6.000000 Sz=  2.000219 S2= 12.000000 Doublon=  0.000000 
i=  383 Energy=  0.321637 N=  6.000000 Sz=  0.000045 S2= 12.000000 Doublon=  0.000000 
i=  384 Energy=  0.324869 N=  6.000000 Sz= -0.810493 S2= 20.000000 Doublon=  0.000000 
i=  385 Energy=  0.324869 N=  6.000000 Sz= -2.563179 S2= 20.000000 Doublon=  0.000000 
i=  386 Energy=  0.324869 N=  6.000000 Sz= -1.147989 S2= 20.000000 Doublon=  0.000000 
i=  387 Energy=  0.324869 N=  6.000000 Sz= -1.193987 S2= 20.000000 Doublon=  0.000000 
i=  388 Energy=  0.324869 N=  6.000000 Sz= -1.066125 S2= 20.000000 Doublon=  0.000000 
i=  389 Energy=  0.324869 N=  6.000000 Sz= -0.639683 S2= 20.000000 Doublon=  0.000000 
i=  390 Energy=  0.324869 N=  6.000000 Sz= -0.709654 S2= 20.000000 Doublon=  0.000000 
i=  391 Energy=  0.324869 N=  6.000000 Sz=  2.465016 S2= 20.000000 Doublon=  0.000000 
i=  392 Energy=  0.324869 N=  6.000000 Sz= -2.024726 S2= 20.000000 Doublon=  0.000000 
i=  393 Energy=  0.324869 N=  6.000000 Sz= -1.109111 S2= 20.000000 Doublon=  0.000000 
i=  394 Energy=  0.324869 N=  6.000000 Sz=  0.330468 S2= 20.000000 Doublon=  0.000000 
i=  395 Energy=  0.324869 N=  6.000000 Sz= -0.468958 S2= 20.000000 Doublon=  0.000000 
i=  396 Energy=  0.324869 N=  6.000000 Sz=  2.768071 S2= 20.000000 Doublon=  0.000000 
i=  397 Energy=  0.324869 N=  6.000000 Sz= -1.347073 S2= 20.000000 Doublon=  0.000000 
i=  398 Energy=  0.324869 N=  6.000000 Sz=  0.173559 S2= 20.000000 Doublon=  0.000000 
i=  399 Energy=  0.324869 N=  6.000000 Sz=  3.363385 S2= 20.000000 Doublon=  0.000000 
i=  400 Energy=  0.324869 N=  6.000000 Sz= -0.019469 S2= 20.000000 Doublon=  0.000000 
i=  401 Energy=  0.324869 N=  6.000000 Sz=  3.999950 S2= 20.000000 Doublon=  0.000000 
i=  402 Energy=  0.522981 N=  6.000000 Sz=  0.599841 S2=  6.000000 Doublon=  0.000000 
i=  403 Energy=  0.522981 N=  6.000000 Sz=  1.998861 S2=  6.000000 Doublon=  0.000000 
i=  404 Energy=  0.522981 N=  6.000000 Sz= -0.464388 S2=  6.000000 Doublon=  0.000000 
i=  405 Energy=  0.522981 N=  6.000000 Sz=  1.382077 S2=  6.000000 Doublon=  0.000000 
i=  406 Energy=  0.522981 N=  6.000000 Sz= -0.497612 S2=  6.000000 Doublon=  0.000000 
i=  407 Energy=  0.522981 N=  6.000000 Sz=  0.196677 S2=  6.000000 Doublon=  0.000000 
i=  408 Energy=  0.522981 N=  6.000000 Sz= -0.103781 S2=  6.000000 Doublon=  0.000000 
i=  409 Energy=  0.522981 N=  6.000000 Sz= -0.727319 S2=  6.000000 Doublon=  0.000000 
i=  410 Energy=  0.522981 N=  6.000000 Sz= -1.136521 S2=  6.000000 Doublon=  0.000000 
i=  411 Energy=  0.522981 N=  6.000000 Sz= -1.247834 S2=  6.000000 Doublon=  0.000000 
i=  412 Energy=  0.590129 N=  6.000000 Sz=  1.136321 S2= 12.000000 Doublon=  0.000000 
i=  413 Energy=  0.590129 N=  6.000000 Sz=  1.288413 S2= 12.000000 Doublon=  0.000000 
i=  414 Energy=  0.590129 N=  6.000000 Sz= -0.054768 S2= 12.000000 Doublon=  0.000000 
i=  415 Energy=  0.590129 N=  6.000000 Sz= -1.100016 S2= 12.000000 Doublon=  0.000000 
i=  416 Energy=  0.590129 N=  6.000000 Sz= -1.331559 S2= 12.000000 Doublon=  0.000000 
i=  417 Energy=  0.590129 N=  6.000000 Sz=  0.214327 S2= 12.000000 Doublon=  0.000000 
i=  418 Energy=  0.590129 N=  6.000000 Sz= -1.077707 S2= 12.000000 Doublon=  0.000000 
i=  419 Energy=  0.590129 N=  6.000000 Sz=  2.935439 S2= 12.000000 Doublon=  0.000000 
i=  420 Energy=  0.590129 N=  6.000000 Sz= -0.510228 S2= 12.000000 Doublon=  0.000000 
i=  421 Energy=  0.590129 N=  6.000000 Sz=  0.882031 S2= 12.000000 Doublon=  0.000000 
i=  422 Energy=  0.590129 N=  6.000000 Sz= -0.134515 S2= 12.000000 Doublon=  0.000000 
i=  423 Energy=  0.590129 N=  6.000000 Sz= -0.652320 S2= 12.000000 Doublon=  0.000000 
i=  424 Energy=  0.590129 N=  6.000000 Sz= -0.663256 S2= 12.000000 Doublon=  0.000000 
i=  425 Energy=  0.590129 N=  6.000000 Sz= -0.932163 S2= 12.000000 Doublon=  0.000000 
i=  426 Energy=  0.624343 N=  6.000000 Sz=  0.517365 S2=  2.000000 Doublon=  0.000000 
i=  427 Energy=  0.624343 N=  6.000000 Sz= -0.670655 S2=  2.000000 Doublon=  0.000000 
i=  428 Energy=  0.624343 N=  6.000000 Sz=  0.986284 S2=  2.000000 Doublon=  0.000000 
i=  429 Energy=  0.624343 N=  6.000000 Sz= -0.406289 S2=  2.000000 Doublon=  0.000000 
i=  430 Energy=  0.624343 N=  6.000000 Sz= -0.718014 S2=  2.000000 Doublon=  0.000000 
i=  431 Energy=  0.624343 N=  6.000000 Sz=  0.291309 S2=  2.000000 Doublon=  0.000000 
i=  432 Energy=  0.710831 N=  6.000000 Sz= -3.470338 S2= 20.000000 Doublon=  0.000000 
i=  433 Energy=  0.710831 N=  6.000000 Sz= -0.772456 S2= 20.000000 Doublon=  0.000000 
i=  434 Energy=  0.710831 N=  6.000000 Sz= -1.229640 S2= 20.000000 Doublon=  0.000000 
i=  435 Energy=  0.710831 N=  6.000000 Sz=  1.406536 S2= 20.000000 Doublon=  0.000000 
i=  436 Energy=  0.710831 N=  6.000000 Sz=  3.997579 S2= 20.000000 Doublon=  0.000000 
i=  437 Energy=  0.710831 N=  6.000000 Sz= -3.301115 S2= 20.000000 Doublon=  0.000000 
i=  438 Energy=  0.710831 N=  6.000000 Sz= -0.314775 S2= 20.000000 Doublon=  0.000000 
i=  439 Energy=  0.710831 N=  6.000000 Sz=  0.687105 S2= 20.000000 Doublon=  0.000000 
i=  440 Energy=  0.710831 N=  6.000000 Sz=  2.997105 S2= 20.000000 Doublon=  0.000000 
i=  441 Energy=  0.732051 N=  6.000000 Sz= -0.002317 S2=  2.000000 Doublon=  0.000000 
i=  442 Energy=  0.732051 N=  6.000000 Sz=  0.984862 S2=  2.000000 Doublon=  0.000000 
i=  443 Energy=  0.732051 N=  6.000000 Sz= -0.982544 S2=  2.000000 Doublon=  0.000000 
i=  444 Energy=  0.841941 N=  6.000000 Sz=  0.999227 S2=  2.000000 Doublon=  0.000000 
i=  445 Energy=  0.841941 N=  6.000000 Sz= -0.059148 S2=  2.000000 Doublon=  0.000000 
i=  446 Energy=  0.841941 N=  6.000000 Sz=  0.068555 S2=  2.000000 Doublon=  0.000000 
i=  447 Energy=  0.841941 N=  6.000000 Sz= -0.076681 S2=  2.000000 Doublon=  0.000000 
i=  448 Energy=  0.841941 N=  6.000000 Sz= -0.923021 S2=  2.000000 Doublon=  0.000000 
i=  449 Energy=  0.841941 N=  6.000000 Sz= -0.008932 S2=  2.000000 Doublon=  0.000000 
i=  450 Energy=  1.000000 N=  6.000000 Sz= -1.433817 S2= 12.000000 Doublon=  0.000000 
i=  451 Energy=  1.000000 N=  6.000000 Sz= -0.670348 S2= 12.000000 Doublon=  0.000000 
i=  452 Energy=  1.000000 N=  6.000000 Sz=  2.789279 S2= 12.000000 Doublon=  0.000000 
i=  453 Energy=  1.000000 N=  6.000000 Sz=  0.792515 S2= 12.000000 Doublon=  0.000000 
i=  454 Energy=  1.000000 N=  6.000000 Sz= -0.835509 S2= 12.000000 Doublon=  0.000000 
i=  455 Energy=  1.000000 N=  6.000000 Sz=  1.744519 S2= 12.000000 Doublon=  0.000000 
i=  456 Energy=  1.000000 N=  6.000000 Sz= -2.386639 S2= 12.000000 Doublon=  0.000000 
i=  457 Energy=  1.141336 N=  6.000000 Sz=  0.000000 S2= -0.000000 Doublon=  0.000000 
i=  458 Energy=  1.141336 N=  6.000000 Sz= -0.000000 S2= -0.000000 Doublon=  0.000000 
i=  459 Energy=  1.192139 N=  6.000000 Sz= -1.728278 S2=  6.000000 Doublon=  0.000000 
i=  460 Energy=  1.192139 N=  6.000000 Sz=  0.155671 S2=  6.000000 Doublon=  0.000000 
i=  461 Energy=  1.192139 N=  6.000000 Sz=  1.955352 S2=  6.000000 Doublon=  0.000000 
i=  462 Energy=  1.192139 N=  6.000000 Sz=  0.430613 S2=  6.000000 Doublon=  0.000000 
i=  463 Energy=  1.192139 N=  6.000000 Sz= -0.813357 S2=  6.000000 Doublon=  0.000000 
i=  464 Energy=  1.414214 N=  6.000000 Sz=  2.993919 S2= 11.989587 Doublon=  0.000000 
i=  465 Energy=  1.414214 N=  6.000000 Sz=  2.381592 S2= 10.410228 Doublon=  0.000000 
i=  466 Energy=  1.414214 N=  6.000000 Sz= -1.119482 S2=  9.478649 Doublon=  0.000000 
i=  467 Energy=  1.414214 N=  6.000000 Sz=  0.054942 S2= 10.194395 Doublon=  0.000000 
i=  468 Energy=  1.414214 N=  6.000000 Sz= -1.194806 S2=  9.797651 Doublon=  0.000000 
i=  469 Energy=  1.414214 N=  6.000000 Sz= -0.612449 S2= 10.600170 Doublon=  0.000000 
i=  470 Energy=  1.414214 N=  6.000000 Sz= -0.733501 S2= 11.275183 Doublon=  0.000000 
i=  471 Energy=  1.414214 N=  6.000000 Sz=  0.553906 S2=  8.249274 Doublon=  0.000000 
i=  472 Energy=  1.414214 N=  6.000000 Sz= -0.650728 S2= 11.290077 Doublon=  0.000000 
i=  473 Energy=  1.414214 N=  6.000000 Sz=  0.697162 S2= 10.357688 Doublon=  0.000000 
i=  474 Energy=  1.414214 N=  6.000000 Sz=  0.851659 S2=  9.406845 Doublon=  0.000000 
i=  475 Energy=  1.414214 N=  6.000000 Sz= -1.536403 S2= 10.989064 Doublon=  0.000000 
i=  476 Energy=  1.414214 N=  6.000000 Sz= -0.160434 S2= 11.785009 Doublon=  0.000000 
i=  477 Energy=  1.414214 N=  6.000000 Sz= -0.530295 S2= 10.532212 Doublon=  0.000000 
i=  478 Energy=  1.414214 N=  6.000000 Sz= -1.251617 S2= 11.339011 Doublon=  0.000000 
i=  479 Energy=  1.414214 N=  6.000000 Sz=  0.684522 S2=  9.771754 Doublon=  0.000000 
i=  480 Energy=  1.414214 N=  6.000000 Sz= -0.954807 S2= 10.467539 Doublon=  0.000000 
i=  481 Energy=  1.414214 N=  6.000000 Sz= -1.059071 S2= 10.913027 Doublon=  0.000000 
i=  482 Energy=  1.414214 N=  6.000000 Sz=  1.585890 S2=  9.152638 Doublon=  0.000000 
i=  483 Energy=  1.460811 N=  6.000000 Sz=  3.961914 S2= 20.000000 Doublon=  0.000000 
i=  484 Energy=  1.460811 N=  6.000000 Sz=  1.873856 S2= 20.000000 Doublon=  0.000000 
i=  485 Energy=  1.460811 N=  6.000000 Sz= -2.109802 S2= 20.000000 Doublon=  0.000000 
i=  486 Energy=  1.460811 N=  6.000000 Sz= -2.564755 S2= 20.000000 Doublon=  0.000000 
i=  487 Energy=  1.460811 N=  6.000000 Sz= -0.652092 S2= 20.000000 Doublon=  0.000000 
i=  488 Energy=  1.460811 N=  6.000000 Sz= -0.201395 S2= 20.000000 Doublon=  0.000000 
i=  489 Energy=  1.460811 N=  6.000000 Sz=  1.809587 S2= 20.000000 Doublon=  0.000000 
i=  490 Energy=  1.460811 N=  6.000000 Sz= -1.444717 S2= 20.000000 Doublon=  0.000000 
i=  491 Energy=  1.460811 N=  6.000000 Sz= -1.222366 S2= 20.000000 Doublon=  0.000000 
i=  492 Energy=  1.460811 N=  6.000000 Sz=  0.074109 S2= 20.000000 Doublon=  0.000000 
i=  493 Energy=  1.460811 N=  6.000000 Sz= -0.194037 S2= 20.000000 Doublon=  0.000000 
i=  494 Energy=  1.460811 N=  6.000000 Sz= -1.855639 S2= 20.000000 Doublon=  0.000000 
i=  495 Energy=  1.460811 N=  6.000000 Sz=  0.438427 S2= 20.000000 Doublon=  0.000000 
i=  496 Energy=  1.460811 N=  6.000000 Sz=  0.364579 S2= 20.000000 Doublon=  0.000000 
i=  497 Energy=  1.460811 N=  6.000000 Sz=  3.332935 S2= 20.000000 Doublon=  0.000000 
i=  498 Energy=  1.460811 N=  6.000000 Sz= -0.928809 S2= 20.000000 Doublon=  0.000000 
i=  499 Energy=  1.460811 N=  6.000000 Sz= -0.565537 S2= 20.000000 Doublon=  0.000000 
i=  500 Energy=  1.460811 N=  6.000000 Sz= -0.116257 S2= 20.000000 Doublon=  0.000000 
i=  501 Energy=  1.662456 N=  6.000000 Sz= -0.999270 S2=  2.000000 Doublon=  0.000000 
i=  502 Energy=  1.662456 N=  6.000000 Sz=  0.999950 S2=  2.000000 Doublon=  0.000000 
i=  503 Energy=  1.662456 N=  6.000000 Sz= -0.000680 S2=  2.000000 Doublon=  0.000000 
i=  504 Energy=  1.732051 N=  6.000000 Sz=  1.972878 S2= 12.000000 Doublon=  0.000000 
i=  505 Energy=  1.732051 N=  6.000000 Sz=  2.999182 S2= 12.000000 Doublon=  0.000000 
i=  506 Energy=  1.732051 N=  6.000000 Sz= -0.013120 S2= 12.000000 Doublon=  0.000000 
i=  507 Energy=  1.732051 N=  6.000000 Sz= -2.870344 S2= 12.000000 Doublon=  0.000000 
i=  508 Energy=  1.732051 N=  6.000000 Sz= -2.056327 S2= 12.000000 Doublon=  0.000000 
i=  509 Energy=  1.732051 N=  6.000000 Sz= -1.007140 S2= 12.000000 Doublon=  0.000000 
i=  510 Energy=  1.732051 N=  6.000000 Sz=  0.974870 S2= 12.000000 Doublon=  0.000000 
i=  511 Energy=  1.974971 N=  6.000000 Sz= -0.977505 S2=  6.000000 Doublon=  0.000000 
i=  512 Energy=  1.974971 N=  6.000000 Sz= -0.228094 S2=  6.000000 Doublon=  0.000000 
i=  513 Energy=  1.974971 N=  6.000000 Sz= -0.257300 S2=  6.000000 Doublon=  0.000000 
i=  514 Energy=  1.974971 N=  6.000000 Sz= -0.420664 S2=  6.000000 Doublon=  0.000000 
i=  515 Energy=  1.974971 N=  6.000000 Sz=  1.780256 S2=  6.000000 Doublon=  0.000000 
i=  516 Energy=  1.974971 N=  6.000000 Sz= -0.126917 S2=  6.000000 Doublon=  0.000000 
i=  517 Energy=  1.974971 N=  6.000000 Sz= -0.639049 S2=  6.000000 Doublon=  0.000000 
i=  518 Energy=  1.974971 N=  6.000000 Sz=  1.999986 S2=  6.000000 Doublon=  0.000000 
i=  519 Energy=  1.974971 N=  6.000000 Sz= -0.921734 S2=  6.000000 Doublon=  0.000000 
i=  520 Energy=  1.974971 N=  6.000000 Sz= -0.208978 S2=  6.000000 Doublon=  0.000000 
i=  521 Energy=  2.000000 N=  6.000000 Sz=  3.916133 S2= 22.140343 Doublon=  0.000000 
i=  522 Energy=  2.000000 N=  6.000000 Sz=  2.052852 S2= 21.420932 Doublon=  0.000000 
i=  523 Energy=  2.000000 N=  6.000000 Sz=  3.243839 S2= 23.908458 Doublon=  0.000000 
i=  524 Energy=  2.000000 N=  6.000000 Sz=  0.893842 S2= 24.276679 Doublon=  0.000000 
i=  525 Energy=  2.000000 N=  6.000000 Sz= -1.322776 S2= 21.954795 Doublon=  0.000000 
i=  526 Energy=  2.000000 N=  6.000000 Sz= -0.471042 S2= 23.756195 Doublon=  0.000000 
i=  527 Energy=  2.000000 N=  6.000000 Sz= -0.085757 S2= 23.690400 Doublon=  0.000000 
i=  528 Energy=  2.000000 N=  6.000000 Sz= -1.801107 S2= 24.934182 Doublon=  0.000000 
i=  529 Energy=  2.000000 N=  6.000000 Sz= -0.341921 S2= 22.502940 Doublon=  0.000000 
i=  530 Energy=  2.000000 N=  6.000000 Sz= -2.051113 S2= 20.744023 Doublon=  0.000000 
i=  531 Energy=  2.000000 N=  6.000000 Sz= -0.698510 S2= 21.756069 Doublon=  0.000000 
i=  532 Energy=  2.000000 N=  6.000000 Sz= -0.458553 S2= 22.173908 Doublon=  0.000000 
i=  533 Energy=  2.000000 N=  6.000000 Sz= -0.427926 S2= 21.052190 Doublon=  0.000000 
i=  534 Energy=  2.000000 N=  6.000000 Sz= -1.479045 S2= 22.175624 Doublon=  0.000000 
i=  535 Energy=  2.000000 N=  6.000000 Sz= -0.821015 S2= 22.157336 Doublon=  0.000000 
i=  536 Energy=  2.000000 N=  6.000000 Sz= -0.691088 S2= 24.650081 Doublon=  0.000000 
i=  537 Energy=  2.000000 N=  6.000000 Sz= -0.397453 S2= 22.546404 Doublon=  0.000000 
i=  538 Energy=  2.000000 N=  6.000000 Sz= -0.584880 S2= 21.052095 Doublon=  0.000000 
i=  539 Energy=  2.000000 N=  6.000000 Sz= -0.789146 S2= 24.352970 Doublon=  0.000000 
i=  540 Energy=  2.000000 N=  6.000000 Sz= -0.763537 S2= 24.256938 Doublon=  0.000000 
i=  541 Energy=  2.000000 N=  6.000000 Sz= -0.839938 S2= 22.677758 Doublon=  0.000000 
i=  542 Energy=  2.000000 N=  6.000000 Sz= -0.820737 S2= 21.916585 Doublon=  0.000000 
i=  543 Energy=  2.000000 N=  6.000000 Sz= -1.209120 S2= 23.038032 Doublon=  0.000000 
i=  544 Energy=  2.000000 N=  6.000000 Sz= -0.478505 S2= 22.547384 Doublon=  0.000000 
i=  545 Energy=  2.000000 N=  6.000000 Sz= -1.106720 S2= 24.173640 Doublon=  0.000000 
i=  546 Energy=  2.000000 N=  6.000000 Sz= -0.858418 S2= 24.001754 Doublon=  0.000000 
i=  547 Energy=  2.000000 N=  6.000000 Sz= -1.283174 S2= 21.270259 Doublon=  0.000000 
i=  548 Energy=  2.000000 N=  6.000000 Sz=  0.262079 S2= 23.642037 Doublon=  0.000000 
i=  549 Energy=  2.000000 N=  6.000000 Sz= -0.866834 S2= 22.278529 Doublon=  0.000000 
i=  550 Energy=  2.000000 N=  6.000000 Sz= -0.980325 S2= 20.809185 Doublon=  0.000000 
i=  551 Energy=  2.000000 N=  6.000000 Sz= -1.196098 S2= 23.882894 Doublon=  0.000000 
i=  552 Energy=  2.000000 N=  6.000000 Sz= -0.994698 S2= 23.202202 Doublon=  0.000000 
i=  553 Energy=  2.000000 N=  6.000000 Sz=  2.981292 S2= 22.718458 Doublon=  0.000000 
i=  554 Energy=  2.000000 N=  6.000000 Sz=  4.968879 S2= 29.734107 Doublon=  0.000000 
i=  555 Energy=  2.000000 N=  6.000000 Sz= -0.354794 S2= 22.895641 Doublon=  0.000000 
i=  556 Energy=  2.000000 N=  6.000000 Sz= -1.177934 S2= 23.107390 Doublon=  0.000000 
i=  557 Energy=  2.000000 N=  6.000000 Sz=  3.657020 S2= 20.747306 Doublon=  0.000000 
i=  558 Energy=  2.000000 N=  6.000000 Sz=  3.376230 S2= 21.854278 Doublon=  0.000000 
i=  559 Energy=  2.494648 N=  6.000000 Sz= -0.537397 S2=  6.000000 Doublon=  0.000000 
i=  560 Energy=  2.494648 N=  6.000000 Sz=  0.923875 S2=  6.000000 Doublon=  0.000000 
i=  561 Energy=  2.494648 N=  6.000000 Sz= -1.934376 S2=  6.000000 Doublon=  0.000000 
i=  562 Energy=  2.494648 N=  6.000000 Sz= -0.451978 S2=  6.000000 Doublon=  0.000000 
i=  563 Energy=  2.494648 N=  6.000000 Sz=  1.999876 S2=  6.000000 Doublon=  0.000000 
i=  564 Energy=  2.597569 N=  6.000000 Sz= -1.139804 S2=  6.000000 Doublon=  0.000000 
i=  565 Energy=  2.597569 N=  6.000000 Sz= -0.887369 S2=  6.000000 Doublon=  0.000000 
i=  566 Energy=  2.597569 N=  6.000000 Sz=  1.998514 S2=  6.000000 Doublon=  0.000000 
i=  567 Energy=  2.597569 N=  6.000000 Sz= -0.914525 S2=  6.000000 Doublon=  0.000000 
i=  568 Energy=  2.597569 N=  6.000000 Sz= -0.697129 S2=  6.000000 Doublon=  0.000000 
i=  569 Energy=  2.597569 N=  6.000000 Sz=  0.979535 S2=  6.000000 Doublon=  0.000000 
i=  570 Energy=  2.597569 N=  6.000000 Sz= -0.512815 S2=  6.000000 Doublon=  0.000000 
i=  571 Energy=  2.597569 N=  6.000000 Sz=  0.177685 S2=  6.000000 Doublon=  0.000000 
i=  572 Energy=  2.597569 N=  6.000000 Sz=  1.053811 S2=  6.000000 Doublon=  0.000000 
i=  573 Energy=  2.597569 N=  6.000000 Sz= -0.057902 S2=  6.000000 Doublon=  0.000000 
i=  574 Energy=  2.609372 N=  6.000000 Sz=  1.041890 S2= 12.000000 Doublon=  0.000000 
i=  575 Energy=  2.609372 N=  6.000000 Sz=  1.800292 S2= 12.000000 Doublon=  0.000000 
i=  576 Energy=  2.609372 N=  6.000000 Sz= -1.122038 S2= 12.000000 Doublon=  0.000000 
i=  577 Energy=  2.609372 N=  6.000000 Sz= -0.631108 S2= 12.000000 Doublon=  0.000000 
i=  578 Energy=  2.609372 N=  6.000000 Sz=  1.333186 S2= 12.000000 Doublon=  0.000000 
i=  579 Energy=  2.609372 N=  6.000000 Sz=  2.160623 S2= 12.000000 Doublon=  0.000000 
i=  580 Energy=  2.609372 N=  6.000000 Sz=  0.206366 S2= 12.000000 Doublon=  0.000000 
i=  581 Energy=  2.609372 N=  6.000000 Sz= -0.537495 S2= 12.000000 Doublon=  0.000000 
i=  582 Energy=  2.609372 N=  6.000000 Sz= -2.142476 S2= 12.000000 Doublon=  0.000000 
i=  583 Energy=  2.609372 N=  6.000000 Sz= -0.690075 S2= 12.000000 Doublon=  0.000000 
i=  584 Energy=  2.609372 N=  6.000000 Sz= -1.308082 S2= 12.000000 Doublon=  0.000000 
i=  585 Energy=  2.609372 N=  6.000000 Sz= -1.814604 S2= 12.000000 Doublon=  0.000000 
i=  586 Energy=  2.609372 N=  6.000000 Sz= -0.913249 S2= 12.000000 Doublon=  0.000000 
i=  587 Energy=  2.609372 N=  6.000000 Sz=  2.616771 S2= 12.000000 Doublon=  0.000000 
i=  588 Energy=  2.828427 N=  6.000000 Sz= -0.252014 S2=  2.000000 Doublon=  0.000000 
i=  589 Energy=  2.828427 N=  6.000000 Sz=  0.998642 S2=  2.000000 Doublon=  0.000000 
i=  590 Energy=  2.828427 N=  6.000000 Sz= -0.746628 S2=  2.000000 Doublon=  0.000000 
i=  591 Energy=  2.855773 N=  6.000000 Sz=  1.380773 S2= 12.000000 Doublon=  0.000000 
i=  592 Energy=  2.855773 N=  6.000000 Sz= -0.721732 S2= 12.000000 Doublon=  0.000000 
i=  593 Energy=  2.855773 N=  6.000000 Sz=  0.197953 S2= 12.000000 Doublon=  0.000000 
i=  594 Energy=  2.855773 N=  6.000000 Sz= -2.394163 S2= 12.000000 Doublon=  0.000000 
i=  595 Energy=  2.855773 N=  6.000000 Sz= -1.348583 S2= 12.000000 Doublon=  0.000000 
i=  596 Energy=  2.855773 N=  6.000000 Sz= -1.449234 S2= 12.000000 Doublon=  0.000000 
i=  597 Energy=  2.855773 N=  6.000000 Sz=  2.060728 S2= 12.000000 Doublon=  0.000000 
i=  598 Energy=  2.855773 N=  6.000000 Sz=  0.585620 S2= 12.000000 Doublon=  0.000000 
i=  599 Energy=  2.855773 N=  6.000000 Sz= -0.621186 S2= 12.000000 Doublon=  0.000000 
i=  600 Energy=  2.855773 N=  6.000000 Sz=  0.958751 S2= 12.000000 Doublon=  0.000000 
i=  601 Energy=  2.855773 N=  6.000000 Sz=  0.609933 S2= 12.000000 Doublon=  0.000000 
i=  602 Energy=  2.855773 N=  6.000000 Sz= -0.508917 S2= 12.000000 Doublon=  0.000000 
i=  603 Energy=  2.855773 N=  6.000000 Sz= -0.956839 S2= 12.000000 Doublon=  0.000000 
i=  604 Energy=  2.855773 N=  6.000000 Sz=  2.206895 S2= 12.000000 Doublon=  0.000000 
i=  605 Energy=  3.000000 N=  6.000000 Sz=  4.887218 S2= 29.835735 Doublon=  0.000000 
i=  606 Energy=  3.000000 N=  6.000000 Sz=  2.602166 S2= 27.468763 Doublon=  0.000000 
i=  607 Energy=  3.000000 N=  6.000000 Sz= -1.776127 S2= 24.368513 Doublon=  0.000000 
i=  608 Energy=  3.000000 N=  6.000000 Sz=  1.200447 S2= 24.001144 Doublon=  0.000000 
i=  609 Energy=  3.000000 N=  6.000000 Sz= -0.544639 S2= 26.869977 Doublon=  0.000000 
i=  610 Energy=  3.000000 N=  6.000000 Sz= -1.835965 S2= 28.992669 Doublon=  0.000000 
i=  611 Energy=  3.000000 N=  6.000000 Sz= -0.380760 S2= 26.586623 Doublon=  0.000000 
i=  612 Energy=  3.000000 N=  6.000000 Sz=  3.678420 S2= 25.918922 Doublon=  0.000000 
i=  613 Energy=  3.000000 N=  6.000000 Sz= -1.011991 S2= 28.139092 Doublon=  0.000000 
i=  614 Energy=  3.000000 N=  6.000000 Sz= -0.391839 S2= 25.248047 Doublon=  0.000000 
i=  615 Energy=  3.000000 N=  6.000000 Sz= -1.285088 S2= 27.433049 Doublon=  0.000000 
i=  616 Energy=  3.000000 N=  6.000000 Sz=  1.736021 S2= 24.550964 Doublon=  0.000000 
i=  617 Energy=  3.000000 N=  6.000000 Sz= -1.918300 S2= 27.391478 Doublon=  0.000000 
i=  618 Energy=  3.000000 N=  6.000000 Sz=  0.516981 S2= 29.676649 Doublon=  0.000000 
i=  619 Energy=  3.000000 N=  6.000000 Sz= -1.267388 S2= 25.077609 Doublon=  0.000000 
i=  620 Energy=  3.000000 N=  6.000000 Sz= -0.315204 S2= 26.343727 Doublon=  0.000000 
i=  621 Energy=  3.000000 N=  6.000000 Sz= -2.370451 S2= 28.814832 Doublon=  0.000000 
i=  622 Energy=  3.000000 N=  6.000000 Sz=  4.262879 S2= 28.954626 Doublon=  0.000000 
i=  623 Energy=  3.000000 N=  6.000000 Sz=  0.061018 S2= 26.314241 Doublon=  0.000000 
i=  624 Energy=  3.000000 N=  6.000000 Sz= -0.350888 S2= 27.091018 Doublon=  0.000000 
i=  625 Energy=  3.000000 N=  6.000000 Sz= -1.320312 S2= 26.499435 Doublon=  0.000000 
i=  626 Energy=  3.000000 N=  6.000000 Sz= -1.329371 S2= 28.501068 Doublon=  0.000000 
i=  627 Energy=  3.000000 N=  6.000000 Sz= -1.631791 S2= 26.517975 Doublon=  0.000000 
i=  628 Energy=  3.000000 N=  6.000000 Sz= -1.698847 S2= 28.084911 Doublon=  0.000000 
i=  629 Energy=  3.000000 N=  6.000000 Sz= -0.965080 S2= 25.291997 Doublon=  0.000000 
i=  630 Energy=  3.000000 N=  6.000000 Sz= -0.681769 S2= 26.570865 Doublon=  0.000000 
i=  631 Energy=  3.000000 N=  6.000000 Sz=  1.030318 S2= 26.386335 Doublon=  0.000000 
i=  632 Energy=  3.000000 N=  6.000000 Sz= -2.952475 S2= 29.260027 Doublon=  0.000000 
i=  633 Energy=  3.000000 N=  6.000000 Sz=  0.797278 S2= 28.679370 Doublon=  0.000000 
i=  634 Energy=  3.000000 N=  6.000000 Sz=  2.869528 S2= 28.459781 Doublon=  0.000000 
i=  635 Energy=  3.000000 N=  6.000000 Sz=  0.386014 S2= 26.670559 Doublon=  0.000000 
i=  636 Energy=  3.061780 N=  6.000000 Sz= -0.166159 S2=  2.000000 Doublon=  0.000000 
i=  637 Energy=  3.061780 N=  6.000000 Sz= -0.642024 S2=  2.000000 Doublon=  0.000000 
i=  638 Energy=  3.061780 N=  6.000000 Sz= -0.182366 S2=  2.000000 Doublon=  0.000000 
i=  639 Energy=  3.061780 N=  6.000000 Sz= -0.773480 S2=  2.000000 Doublon=  0.000000 
i=  640 Energy=  3.061780 N=  6.000000 Sz=  0.770805 S2=  2.000000 Doublon=  0.000000 
i=  641 Energy=  3.061780 N=  6.000000 Sz=  0.993225 S2=  2.000000 Doublon=  0.000000 
i=  642 Energy=  3.084603 N=  6.000000 Sz= -0.000000 S2= -0.000000 Doublon=  0.000000 
i=  643 Energy=  3.247544 N=  6.000000 Sz=  0.992315 S2=  6.000000 Doublon=  0.000000 
i=  644 Energy=  3.247544 N=  6.000000 Sz=  0.480950 S2=  6.000000 Doublon=  0.000000 
i=  645 Energy=  3.247544 N=  6.000000 Sz=  0.257339 S2=  6.000000 Doublon=  0.000000 
i=  646 Energy=  3.247544 N=  6.000000 Sz=  0.609660 S2=  6.000000 Doublon=  0.000000 
i=  647 Energy=  3.247544 N=  6.000000 Sz= -1.514742 S2=  6.000000 Doublon=  0.000000 
i=  648 Energy=  3.247544 N=  6.000000 Sz=  1.999900 S2=  6.000000 Doublon=  0.000000 
i=  649 Energy=  3.247544 N=  6.000000 Sz=  0.744059 S2=  6.000000 Doublon=  0.000000 
i=  650 Energy=  3.247544 N=  6.000000 Sz= -1.288261 S2=  6.000000 Doublon=  0.000000 
i=  651 Energy=  3.247544 N=  6.000000 Sz= -1.624407 S2=  6.000000 Doublon=  0.000000 
i=  652 Energy=  3.247544 N=  6.000000 Sz= -0.656812 S2=  6.000000 Doublon=  0.000000 
i=  653 Energy=  3.561553 N=  6.000000 Sz= -0.991794 S2= 12.000000 Doublon=  0.000000 
i=  654 Energy=  3.561553 N=  6.000000 Sz= -0.023370 S2= 12.000000 Doublon=  0.000000 
i=  655 Energy=  3.561553 N=  6.000000 Sz= -0.227439 S2= 12.000000 Doublon=  0.000000 
i=  656 Energy=  3.561553 N=  6.000000 Sz=  2.609052 S2= 12.000000 Doublon=  0.000000 
i=  657 Energy=  3.561553 N=  6.000000 Sz= -2.648698 S2= 12.000000 Doublon=  0.000000 
i=  658 Energy=  3.561553 N=  6.000000 Sz=  2.388733 S2= 12.000000 Doublon=  0.000000 
i=  659 Energy=  3.561553 N=  6.000000 Sz= -1.106484 S2= 12.000000 Doublon=  0.000000 
i=  660 Energy=  3.686904 N=  6.000000 Sz=  0.147428 S2= 12.000000 Doublon=  0.000000 
i=  661 Energy=  3.686904 N=  6.000000 Sz= -2.855079 S2= 12.000000 Doublon=  0.000000 
i=  662 Energy=  3.686904 N=  6.000000 Sz= -0.134465 S2= 12.000000 Doublon=  0.000000 
i=  663 Energy=  3.686904 N=  6.000000 Sz= -2.061810 S2= 12.000000 Doublon=  0.000000 
i=  664 Energy=  3.686904 N=  6.000000 Sz=  2.235462 S2= 12.000000 Doublon=  0.000000 
i=  665 Energy=  3.686904 N=  6.000000 Sz=  0.168768 S2= 12.000000 Doublon=  0.000000 
i=  666 Energy=  3.686904 N=  6.000000 Sz=  2.499696 S2= 12.000000 Doublon=  0.000000 
i=  667 Energy=  3.778457 N=  6.000000 Sz=  3.999867 S2= 20.000000 Doublon=  0.000000 
i=  668 Energy=  3.778457 N=  6.000000 Sz=  0.516412 S2= 20.000000 Doublon=  0.000000 
i=  669 Energy=  3.778457 N=  6.000000 Sz=  2.000225 S2= 20.000000 Doublon=  0.000000 
i=  670 Energy=  3.778457 N=  6.000000 Sz= -1.811015 S2= 20.000000 Doublon=  0.000000 
i=  671 Energy=  3.778457 N=  6.000000 Sz= -3.422756 S2= 20.000000 Doublon=  0.000000 
i=  672 Energy=  3.778457 N=  6.000000 Sz=  0.936508 S2= 20.000000 Doublon=  0.000000 
i=  673 Energy=  3.778457 N=  6.000000 Sz= -2.442033 S2= 20.000000 Doublon=  0.000000 
i=  674 Energy=  3.778457 N=  6.000000 Sz=  0.834822 S2= 20.000000 Doublon=  0.000000 
i=  675 Energy=  3.778457 N=  6.000000 Sz= -0.612029 S2= 20.000000 Doublon=  0.000000 
i=  676 Energy=  4.214320 N=  6.000000 Sz= -1.873680 S2= 20.000000 Doublon=  0.000000 
i=  677 Energy=  4.214320 N=  6.000000 Sz=  2.362724 S2= 20.000000 Doublon=  0.000000 
i=  678 Energy=  4.214320 N=  6.000000 Sz=  1.724727 S2= 20.000000 Doublon=  0.000000 
i=  679 Energy=  4.214320 N=  6.000000 Sz= -1.805253 S2= 20.000000 Doublon=  0.000000 
i=  680 Energy=  4.214320 N=  6.000000 Sz=  0.172597 S2= 20.000000 Doublon=  0.000000 
i=  681 Energy=  4.214320 N=  6.000000 Sz=  2.488147 S2= 20.000000 Doublon=  0.000000 
i=  682 Energy=  4.214320 N=  6.000000 Sz= -0.818285 S2= 20.000000 Doublon=  0.000000 
i=  683 Energy=  4.214320 N=  6.000000 Sz= -2.068317 S2= 20.000000 Doublon=  0.000000 
i=  684 Energy=  4.214320 N=  6.000000 Sz= -1.031648 S2= 20.000000 Doublon=  0.000000 
i=  685 Energy=  4.214320 N=  6.000000 Sz= -0.944963 S2= 20.000000 Doublon=  0.000000 
i=  686 Energy=  4.214320 N=  6.000000 Sz=  3.999958 S2= 20.000000 Doublon=  0.000000 
i=  687 Energy=  4.214320 N=  6.000000 Sz=  2.938224 S2= 20.000000 Doublon=  0.000000 
i=  688 Energy=  4.214320 N=  6.000000 Sz= -1.419444 S2= 20.000000 Doublon=  0.000000 
i=  689 Energy=  4.214320 N=  6.000000 Sz= -1.046664 S2= 20.000000 Doublon=  0.000000 
i=  690 Energy=  4.214320 N=  6.000000 Sz=  3.026445 S2= 20.000000 Doublon=  0.000000 
i=  691 Energy=  4.214320 N=  6.000000 Sz= -2.402825 S2= 20.000000 Doublon=  0.000000 
i=  692 Energy=  4.214320 N=  6.000000 Sz= -2.573208 S2= 20.000000 Doublon=  0.000000 
i=  693 Energy=  4.214320 N=  6.000000 Sz= -0.728537 S2= 20.000000 Doublon=  0.000000 
i=  694 Energy=  5.000000 N=  6.000000 Sz=  3.900401 S2= 30.000000 Doublon=  0.000000 
i=  695 Energy=  5.000000 N=  6.000000 Sz= -3.040357 S2= 30.000000 Doublon=  0.000000 
i=  696 Energy=  5.000000 N=  6.000000 Sz=  2.388758 S2= 30.000000 Doublon=  0.000000 
i=  697 Energy=  5.000000 N=  6.000000 Sz= -1.446669 S2= 30.000000 Doublon=  0.000000 
i=  698 Energy=  5.000000 N=  6.000000 Sz= -4.984196 S2= 30.000000 Doublon=  0.000000 
i=  699 Energy=  5.000000 N=  6.000000 Sz= -1.330817 S2= 30.000000 Doublon=  0.000000 
i=  700 Energy=  5.000000 N=  6.000000 Sz= -2.098487 S2= 30.000000 Doublon=  0.000000 
i=  701 Energy=  5.000000 N=  6.000000 Sz=  0.625370 S2= 30.000000 Doublon=  0.000000 
i=  702 Energy=  5.000000 N=  6.000000 Sz= -3.019724 S2= 30.000000 Doublon=  0.000000 
i=  703 Energy=  5.000000 N=  6.000000 Sz=  4.912651 S2= 30.000000 Doublon=  0.000000 
i=  704 Energy=  5.000000 N=  6.000000 Sz= -1.034120 S2= 30.000000 Doublon=  0.000000 
i=  705 Energy=  5.000000 N=  6.000000 Sz=  2.082828 S2= 30.000000 Doublon=  0.000000 
i=  706 Energy=  5.000000 N=  6.000000 Sz=  1.154718 S2= 30.000000 Doublon=  0.000000 
i=  707 Energy=  5.000000 N=  6.000000 Sz= -0.507169 S2= 30.000000 Doublon=  0.000000 
i=  708 Energy=  5.000000 N=  6.000000 Sz=  0.855244 S2= 30.000000 Doublon=  0.000000 
i=  709 Energy=  5.000000 N=  6.000000 Sz= -0.564928 S2= 30.000000 Doublon=  0.000000 
i=  710 Energy=  5.000000 N=  6.000000 Sz=  3.623746 S2= 30.000000 Doublon=  0.000000 
i=  711 Energy=  5.000000 N=  6.000000 Sz= -4.999656 S2= 30.000000 Doublon=  0.000000 
i=  712 Energy=  5.000000 N=  6.000000 Sz= -0.924223 S2= 30.000000 Doublon=  0.000000 
i=  713 Energy=  5.000000 N=  6.000000 Sz=  1.650943 S2= 30.000000 Doublon=  0.000000 
i=  714 Energy=  5.000000 N=  6.000000 Sz=  4.976843 S2= 30.000000 Doublon=  0.000000 
i=  715 Energy=  5.000000 N=  6.000000 Sz= -2.221156 S2= 30.000000 Doublon=  0.000000 
i=  716 Energy=  6.000000 N=  6.000000 Sz= -4.000000 S2= 42.000000 Doublon=  0.000000 
i=  717 Energy=  6.000000 N=  6.000000 Sz= -2.999932 S2= 42.000000 Doublon=  0.000000 
i=  718 Energy=  6.000000 N=  6.000000 Sz= -1.268913 S2= 42.000000 Doublon=  0.000000 
i=  719 Energy=  6.000000 N=  6.000000 Sz=  2.029002 S2= 42.000000 Doublon=  0.000000 
i=  720 Energy=  6.000000 N=  6.000000 Sz= -1.560663 S2= 42.000000 Doublon=  0.000000 
i=  721 Energy=  6.000000 N=  6.000000 Sz=  4.048430 S2= 42.000000 Doublon=  0.000000 
i=  722 Energy=  6.000000 N=  6.000000 Sz= -0.110988 S2= 42.000000 Doublon=  0.000000 
i=  723 Energy=  6.000000 N=  6.000000 Sz= -5.000000 S2= 42.000000 Doublon=  0.000000 
i=  724 Energy=  6.000000 N=  6.000000 Sz= -6.000000 S2= 42.000000 Doublon=  0.000000 
i=  725 Energy=  6.000000 N=  6.000000 Sz=  6.000000 S2= 42.000000 Doublon=  0.000000 
i=  726 Energy=  6.000000 N=  6.000000 Sz=  2.970584 S2= 42.000000 Doublon=  0.000000 
i=  727 Energy=  6.000000 N=  6.000000 Sz=  4.951557 S2= 42.000000 Doublon=  0.000000 
i=  728 Energy=  6.000000 N=  6.000000 Sz=  0.940923 S2= 42.000000 Doublon=  0.000000 
######  End  : Calc Expected value.  ######

######  Finish Calculation.  ######
