

#####  Parallelization Info.  #####

  OpenMP threads : 12
  MPI PEs : 1 


######  Standard Intarface Mode STARTS  ######

  Open Standard-Mode Inputfile ./StdFace.def 

  KEYWORD : l                    | VALUE : 6 
  KEYWORD : model                | VALUE : spingc 
  KEYWORD : lattice              | VALUE : chainlattice 
  KEYWORD : method               | VALUE : lanczos 
  Skipping a line.
  Skipping a line.
  KEYWORD : 2s                   | VALUE : 2 
  KEYWORD : j                    | VALUE : 1.0 

#######  Parameter Summary  #######

                L = 6  
                a = 1.00000     ######  DEFAULT VALUE IS USED  ######
               2S = 2         
                h = 0.00000     ######  DEFAULT VALUE IS USED  ######
            Gamma = 0.00000     ######  DEFAULT VALUE IS USED  ######
                D = 0.00000     ######  DEFAULT VALUE IS USED  ######
                J = 1.00000   
               Jz = 1.00000     ######  DEFAULT VALUE IS USED  ######
              Jxy = 1.00000     ######  DEFAULT VALUE IS USED  ######
               Jx = 1.00000     ######  DEFAULT VALUE IS USED  ######
               Jy = 1.00000     ######  DEFAULT VALUE IS USED  ######
               J' = 0.00000     ######  DEFAULT VALUE IS USED  ######
              Jz' = 0.00000     ######  DEFAULT VALUE IS USED  ######
             Jxy' = 0.00000     ######  DEFAULT VALUE IS USED  ######
              Jx' = 0.00000     ######  DEFAULT VALUE IS USED  ######
              Jy' = 0.00000     ######  DEFAULT VALUE IS USED  ######
       LargeValue = 4           ######  DEFAULT VALUE IS USED  ######

         filehead = zvo         ######  DEFAULT VALUE IS USED  ######
      Lanczos_max = 2000        ######  DEFAULT VALUE IS USED  ######
       initial_iv = 1           ######  DEFAULT VALUE IS USED  ######
             nvec = 1           ######  DEFAULT VALUE IS USED  ######
             exct = 1           ######  DEFAULT VALUE IS USED  ######
       LanczosEps = 14          ######  DEFAULT VALUE IS USED  ######
    LanczosTarget = 2           ######  DEFAULT VALUE IS USED  ######
           NumAve = 5           ######  DEFAULT VALUE IS USED  ######
    ExpecInterval = 20          ######  DEFAULT VALUE IS USED  ######
      ioutputmode = 1           ######  DEFAULT VALUE IS USED  ######

######  Print Expert input files  ######

    zlocspin.def is written.
      zTrans.def is written.
   zInterAll.def is written.
    namelist.def is written.
     calcmod.def is written.
     modpara.def is written.
    greenone.def is written.
    greentwo.def is written.

######  Input files are generated.  ######

  Read File 'namelist.def'.
  Read File 'calcmod.def' for CalcMod.
  Read File 'modpara.def' for ModPara.
  Read File 'zlocspn.def' for LocSpin.
  Read File 'zTrans.def' for Trans.
  Read File 'zInterAll.def' for InterAll.
  Read File 'greenone.def' for OneBodyG.
  Read File 'greentwo.def' for TwoBodyG.

######  Definition files are correct.  ######

  Read File 'zlocspn.def'.
  Read File 'zTrans.def'.
  Read File 'zInterAll.def'.
  Read File 'greenone.def'.
  Read File 'greentwo.def'.

######  Indices and Parameters of Definition files(*.def) are complete.  ######

  MAX DIMENSION idim_max=729 
  APPROXIMATE REQUIRED MEMORY  max_mem=0.000070 GB 


######  MPI site separation summary  ######

  INTRA process site
    Site    Bit
       0       3
       1       3
       2       3
       3       3
       4       3
       5       3

  INTER process site
    Site    Bit

  Process element info
    Process       Dimension   Nup  Ndown  Nelec  Total2Sz   State
          0             729     0      0      0         0   

   Total dimension : 729


######  LARGE ALLOCATE FINISH !  ######

  Start: Calculate HilbertNum for fixed Sz. 
  End  : Calculate HilbertNum for fixed Sz. 

  Start: Calculate diagaonal components of Hamiltonian. 
  End  : Calculate diagaonal components of Hamiltonian. 

######  Start: Calculate Lanczos Eigenvalue.  ######

  initial_mode=1 (random): iv = 1 i_max=729 k_exct =1 

  LanczosStep  E[1] E[2] E[3] E[4] 
  stp = 2 -3.1384161338 2.5766225099 xxxxxxxxxx xxxxxxxxx 
  stp = 4 -6.2990047612 -2.4584188756 1.5471037538 4.9783337112 
  stp = 6 -7.8031402665 -5.1334474964 -2.2680907604 0.7045030964 
  stp = 8 -8.3230177214 -6.4030366356 -4.2385914214 -1.9921061699 
  stp = 10 -8.5106230560 -7.4712718353 -5.9656952456 -3.9948067594 
  stp = 12 -8.6121680094 -7.8747428920 -6.2981065963 -4.6706310750 
  stp = 14 -8.6171520699 -7.8947462204 -6.3671646538 -5.5105851298 
  stp = 16 -8.6174196408 -7.8967491410 -6.4482047659 -6.0617987199 
  stp = 18 -8.6174231305 -7.8967946738 -6.4601404393 -6.0982571289 
  stp = 20 -8.6174231809 -7.8967957828 -6.4614263254 -6.1039664860 
  stp = 22 -8.6174231818 -7.8967958176 -6.4616271844 -6.1056597187 
  stp = 24 -8.6174231818 -7.8967958191 -6.4616892834 -6.1072169986 
  stp = 26 -8.6174231818 -7.8967958192 -6.4617132935 -6.1120536080 
  stp = 28 -8.6174231818 -7.8967958192 -6.4617178598 -6.1202717604 
  stp = 30 -8.6174231818 -7.8967958192 -6.4617181387 -6.1217122877 

######  End  : Calculate Lanczos EigenValue.  ######

######  Start: Calculate Lanczos Eigenvec.  ######

  Start: Calculate Lanczos Eigenvector.
  End  : Calculate Lanczos Eigenvector.
  Start: Calculate Energy.
  End  : Calculate Energy.

  Accuracy check !!!
  LanczosEnergy = -8.61742318181419e+00 
  EnergyByVec   = -8.60356673785767e+00 
  diff_ene      = 1.60795677131887e-03 
  var           = 1.76076096520712e-03 
  Accuracy of Lanczos vectors is NOT enough

  Start: Calculate EigenVector by CG method.
  End  : Calculate EigenVector by CG method.
  Start: Calculate Energy.
  End  : Calculate Energy.

  CG Accuracy check !!!
  LanczosEnergy = -8.61742318181419e+00
  EnergyByVec   = -8.61742318181421e+00
  diff_ene      = 2.88589700504507e-15
  var           = 1.91366255096191e-16 
 

######  End  : Calculate Lanczos EigenVec.  ######

  Start: Calculate one body Green functions.
  End  : Calculate one body Green functions.

  Start: Calculate two bodies Green functions.
  End  : Calculate two bodies Green functions.

