

#####  Parallelization Info.  #####

  OpenMP threads : 12
  MPI PEs : 1 


######  Standard Intarface Mode STARTS  ######

  Open Standard-Mode Inputfile ./StdFace.def 

  KEYWORD : l                    | VALUE : 4 
  KEYWORD : w                    | VALUE : 4 
  KEYWORD : model                | VALUE : spin 
  KEYWORD : method               | VALUE : lanczos 
  Skipping a line.
  Skipping a line.
  KEYWORD : lattice              | VALUE : squarelattice 
  KEYWORD : j                    | VALUE : 1.0 
  KEYWORD : 2sz                  | VALUE : 0 

#######  Parameter Summary  #######

                L = 4  
                W = 4  
                a = 1.00000     ######  DEFAULT VALUE IS USED  ######
               2S = 1           ######  DEFAULT VALUE IS USED  ######
                h = 0.00000     ######  DEFAULT VALUE IS USED  ######
            Gamma = 0.00000     ######  DEFAULT VALUE IS USED  ######
                D = 0.00000     ######  DEFAULT VALUE IS USED  ######
                J = 1.00000   
               Jz = 1.00000     ######  DEFAULT VALUE IS USED  ######
              Jxy = 1.00000     ######  DEFAULT VALUE IS USED  ######
               Jx = 1.00000     ######  DEFAULT VALUE IS USED  ######
               Jy = 1.00000     ######  DEFAULT VALUE IS USED  ######
               J' = 0.00000     ######  DEFAULT VALUE IS USED  ######
              Jz' = 0.00000     ######  DEFAULT VALUE IS USED  ######
             Jxy' = 0.00000     ######  DEFAULT VALUE IS USED  ######
              Jx' = 0.00000     ######  DEFAULT VALUE IS USED  ######
              Jy' = 0.00000     ######  DEFAULT VALUE IS USED  ######
       LargeValue = 2           ######  DEFAULT VALUE IS USED  ######

         filehead = zvo         ######  DEFAULT VALUE IS USED  ######
      Lanczos_max = 2000        ######  DEFAULT VALUE IS USED  ######
       initial_iv = 1           ######  DEFAULT VALUE IS USED  ######
             nvec = 1           ######  DEFAULT VALUE IS USED  ######
             exct = 1           ######  DEFAULT VALUE IS USED  ######
       LanczosEps = 14          ######  DEFAULT VALUE IS USED  ######
    LanczosTarget = 2           ######  DEFAULT VALUE IS USED  ######
           NumAve = 5           ######  DEFAULT VALUE IS USED  ######
    ExpecInterval = 20          ######  DEFAULT VALUE IS USED  ######
              2Sz = 0  
      ioutputmode = 1           ######  DEFAULT VALUE IS USED  ######

######  Print Expert input files  ######

    zlocspin.def is written.
      zTrans.def is written.
   zInterAll.def is written.
    namelist.def is written.
     calcmod.def is written.
     modpara.def is written.
    greenone.def is written.
    greentwo.def is written.

######  Input files are generated.  ######

  Read File 'namelist.def'.
  Read File 'calcmod.def' for CalcMod.
  Read File 'modpara.def' for ModPara.
  Read File 'zlocspn.def' for LocSpin.
  Read File 'zTrans.def' for Trans.
  Read File 'zInterAll.def' for InterAll.
  Read File 'greenone.def' for OneBodyG.
  Read File 'greentwo.def' for TwoBodyG.

######  Definition files are correct.  ######

  Read File 'zlocspn.def'.
  Read File 'zTrans.def'.
  Read File 'zInterAll.def'.
  Read File 'greenone.def'.
  Read File 'greentwo.def'.

######  Indices and Parameters of Definition files(*.def) are complete.  ######

  MAX DIMENSION idim_max=12870 
  APPROXIMATE REQUIRED MEMORY  max_mem=0.001236 GB 


######  MPI site separation summary  ######

  INTRA process site
    Site    Bit
       0       2
       1       2
       2       2
       3       2
       4       2
       5       2
       6       2
       7       2
       8       2
       9       2
      10       2
      11       2
      12       2
      13       2
      14       2
      15       2

  INTER process site
    Site    Bit

  Process element info
    Process       Dimension   Nup  Ndown  Nelec  Total2Sz   State
          0           12870     8      8      8         0   

   Total dimension : 12870


######  LARGE ALLOCATE FINISH !  ######

  Start: Calculate HilbertNum for fixed Sz. 
  End  : Calculate HilbertNum for fixed Sz. 

  Start: Calculate diagaonal components of Hamiltonian. 
  End  : Calculate diagaonal components of Hamiltonian. 

######  Start: Calculate Lanczos Eigenvalue.  ######

  initial_mode=0 normal: iv = 6437 i_max=12870 k_exct =1 

  LanczosStep  E[1] E[2] E[3] E[4] 
  stp = 2 -0.3027756377 3.3027756377 xxxxxxxxxx xxxxxxxxx 
  stp = 4 -4.5076800002 -0.3842373249 2.4941489678 4.9376279938 
  stp = 6 -7.6986694679 -3.8125581060 -0.5829712027 1.9594392740 
  stp = 8 -9.7926850476 -6.4297521450 -3.5029821726 -0.7882767037 
  stp = 10 -10.9947503816 -8.2967383596 -5.5248461645 -3.1504002286 
  stp = 12 -11.2083266541 -8.8542885777 -6.7540095791 -4.7317358945 
  stp = 14 -11.2258937014 -9.0772966052 -7.8481312242 -6.1199289151 
  stp = 16 -11.2283104518 -9.3961523656 -8.6562491014 -6.9991306213 
  stp = 18 -11.2284770949 -9.5033564758 -8.7699292576 -7.3474710427 
  stp = 20 -11.2284829918 -9.5159071699 -8.7893942248 -7.6137880185 
  stp = 22 -11.2284832001 -9.5174250164 -8.7944641924 -7.8827834714 
  stp = 24 -11.2284832081 -9.5176391644 -8.7962908311 -8.1260462464 
  stp = 26 -11.2284832084 -9.5176761316 -8.7972506884 -8.3337061889 
  stp = 28 -11.2284832084 -9.5176841765 -8.7981539671 -8.5328120558 
  stp = 30 -11.2284832084 -9.5176875029 -8.8254961060 -8.7872255591 
  stp = 32 -11.2284832084 -9.5176879460 -8.8776934418 -8.7939798590 
  stp = 34 -11.2284832084 -9.5176879812 -8.8852955092 -8.7943260103 
  stp = 36 -11.2284832084 -9.5176879838 -8.8863380562 -8.7943736678 
  stp = 38 -11.2284832084 -9.5176879839 -8.8864307327 -8.7943782609 
  stp = 40 -11.2284832084 -9.5176879839 -8.8864405361 -8.7943787937 
  stp = 42 -11.2284832084 -9.5176879839 -8.8864422628 -8.7943788984 
  stp = 44 -11.2284832084 -9.5176879839 -8.8864424018 -8.7943789077 
  stp = 46 -11.2284832084 -9.5176879839 -8.8864424075 -8.7943789081 

######  End  : Calculate Lanczos EigenValue.  ######

######  Start: Calculate Lanczos Eigenvec.  ######

  Start: Calculate Lanczos Eigenvector.
  End  : Calculate Lanczos Eigenvector.
  Start: Calculate Energy.
  End  : Calculate Energy.

  Accuracy check !!!
  LanczosEnergy = -1.12284832084288e+01 
  EnergyByVec   = -1.12284794798593e+01 
  diff_ene      = 3.32063511369577e-07 
  var           = 3.97916885379130e-07 
  Accuracy of Lanczos vectors is NOT enough

  Start: Calculate EigenVector by CG method.
  End  : Calculate EigenVector by CG method.
  Start: Calculate Energy.
  End  : Calculate Energy.

  CG Accuracy check !!!
  LanczosEnergy = -1.12284832084288e+01
  EnergyByVec   = -1.12284832084289e+01
  diff_ene      = 3.16401922935914e-15
  var           = 3.26870712448626e-15 
 

######  End  : Calculate Lanczos EigenVec.  ######

  Start: Calculate one body Green functions.
  End  : Calculate one body Green functions.

  Start: Calculate two bodies Green functions.
  End  : Calculate two bodies Green functions.

