

#####  Parallelization Info.  #####

  OpenMP threads : 24
  MPI PEs : 1 = 2^0    


######  Standard Intarface Mode STARTS  ######

  Open Standard-Mode Inputfile StdFace.def 

  KEYWORD : l                    | VALUE : 4 
  KEYWORD : w                    | VALUE : 4 
  KEYWORD : model                | VALUE : spin 
  KEYWORD : method               | VALUE : tpq 
  Skipping a line.
  Skipping a line.
  KEYWORD : lattice              | VALUE : squarelattice 
  KEYWORD : j                    | VALUE : 1.0 
  KEYWORD : 2sz                  | VALUE : 0 

#######  Parameter Summary  #######

                L = 4  
                W = 4  
                a = 1.00000     ######  DEFAULT VALUE IS USED  ######
                h = 0.00000     ######  DEFAULT VALUE IS USED  ######
            Gamma = 0.00000     ######  DEFAULT VALUE IS USED  ######
                D = 0.00000     ######  DEFAULT VALUE IS USED  ######
                J = 1.00000   
               Jz = 1.00000     ######  DEFAULT VALUE IS USED  ######
              Jxy = 1.00000     ######  DEFAULT VALUE IS USED  ######
               Jx = 1.00000     ######  DEFAULT VALUE IS USED  ######
               Jy = 1.00000     ######  DEFAULT VALUE IS USED  ######
               J' = 0.00000     ######  DEFAULT VALUE IS USED  ######
              Jz' = 0.00000     ######  DEFAULT VALUE IS USED  ######
             Jxy' = 0.00000     ######  DEFAULT VALUE IS USED  ######
              Jx' = 0.00000     ######  DEFAULT VALUE IS USED  ######
              Jy' = 0.00000     ######  DEFAULT VALUE IS USED  ######
       LargeValue = 2           ######  DEFAULT VALUE IS USED  ######

         filehead = zvo         ######  DEFAULT VALUE IS USED  ######
      Lanczos_max = 2000        ######  DEFAULT VALUE IS USED  ######
       initial_iv = 1           ######  DEFAULT VALUE IS USED  ######
             nvec = 1           ######  DEFAULT VALUE IS USED  ######
             exct = 1           ######  DEFAULT VALUE IS USED  ######
       LanczosEps = 14          ######  DEFAULT VALUE IS USED  ######
    LanczosTarget = 2           ######  DEFAULT VALUE IS USED  ######
           NumAve = 5           ######  DEFAULT VALUE IS USED  ######
    ExpecInterval = 20          ######  DEFAULT VALUE IS USED  ######
              2Sz = 0  
      ioutputmode = 1           ######  DEFAULT VALUE IS USED  ######

######  Print Expart input files  ######

    zlocspin.def is written.
      zTrans.def is written.
   zInterAll.def is written.
    namelist.def is written.
     calcmod.def is written.
     modpara.def is written.
    greenone.def is written.
    greentwo.def is written.

######  Input files are generated.  ######

Start: Read File 'namelist.def'.
End: Read File 'namelist.def'.
Read File 'calcmod.def' for CalcMod.
Read File 'modpara.def' for ModPara.
Read File 'zlocspn.def' for LocSpin.
Read File 'zTrans.def' for Trans.
Read File 'zInterAll.def' for InterAll.
Read File 'greenone.def' for OneBodyG.
Read File 'greentwo.def' for TwoBodyG.
Definition files are correct.
Read File 'zlocspn.def'.
Read File 'zTrans.def'.
Read File 'zInterAll.def'.
Read File 'greenone.def'.
Read File 'greentwo.def'.
comb_sum= 12870 
MAX DIMENSION idim_max=12870 
APPROXIMATE REQUIRED MEMORY  max_mem=0.001236 GB 
sdim=256 =2^8
Indices and Parameters of Definition files(*.def) are complete.
LARGE ALLOCATE FINISH !
EDTrans EDNTransfer=0 
EDTrans EDNChemi=0 
Start: Calc Sz. 
idim=65536.000000 irght=255 ilft=65280 ihfbit=256 
num_threads==24
Check.sdim=256, ihfbit=256
Xicnt=12870 
End  : Calc Sz. 
Start: calc diagaonal components of Hamiltonian. 
End  : calc diagaonal components of Hamiltonian. 
rand_i=0 
step_i/total_step=200/2000 
step_i/total_step=400/2000 
step_i/total_step=600/2000 
step_i/total_step=800/2000 
step_i/total_step=1000/2000 
step_i/total_step=1200/2000 
step_i/total_step=1400/2000 
step_i/total_step=1600/2000 
step_i/total_step=1800/2000 
rand_i=1 
step_i/total_step=200/2000 
step_i/total_step=400/2000 
step_i/total_step=600/2000 
step_i/total_step=800/2000 
step_i/total_step=1000/2000 
step_i/total_step=1200/2000 
step_i/total_step=1400/2000 
step_i/total_step=1600/2000 
step_i/total_step=1800/2000 
rand_i=2 
step_i/total_step=200/2000 
step_i/total_step=400/2000 
step_i/total_step=600/2000 
step_i/total_step=800/2000 
step_i/total_step=1000/2000 
step_i/total_step=1200/2000 
step_i/total_step=1400/2000 
step_i/total_step=1600/2000 
step_i/total_step=1800/2000 
rand_i=3 
step_i/total_step=200/2000 
step_i/total_step=400/2000 
step_i/total_step=600/2000 
step_i/total_step=800/2000 
step_i/total_step=1000/2000 
step_i/total_step=1200/2000 
step_i/total_step=1400/2000 
step_i/total_step=1600/2000 
step_i/total_step=1800/2000 
rand_i=4 
step_i/total_step=200/2000 
step_i/total_step=400/2000 
step_i/total_step=600/2000 
step_i/total_step=800/2000 
step_i/total_step=1000/2000 
step_i/total_step=1200/2000 
step_i/total_step=1400/2000 
step_i/total_step=1600/2000 
step_i/total_step=1800/2000 
Finish: Elapsed time is 50 [s].
