

#####  Parallelization Info.  #####

  OpenMP threads : 12
  MPI PEs : 1 

  Read File 'namelist.def'.
  Read File 'calcmod.def' for CalcMod.
  Read File 'modpara.def' for ModPara.
  Read File 'zlocspn.def' for LocSpin.
  Read File 'zTrans.def' for Trans.
  Read File 'zInterAll.def' for InterAll.
  Read File 'greenone.def' for OneBodyG.
  Read File 'greentwo.def' for TwoBodyG.

######  Definition files are correct.  ######

  Read File 'zlocspn.def'.
  Read File 'zTrans.def'.
  Read File 'zInterAll.def'.
  Read File 'greenone.def'.
  Read File 'greentwo.def'.

######  Indices and Parameters of Definition files(*.def) are complete.  ######

  MAX DIMENSION idim_max=141 
  APPROXIMATE REQUIRED MEMORY  max_mem=0.000014 GB 


######  MPI site separation summary  ######

  INTRA process site
    Site    Bit
       0       3
       1       3
       2       3
       3       3
       4       3
       5       3

  INTER process site
    Site    Bit

  Process element info
    Process       Dimension   Nup  Ndown  Nelec  Total2Sz   State
          0             141     3      3      3         0   

   Total dimension : 141


######  LARGE ALLOCATE FINISH !  ######

  Start: Calculate HilbertNum for fixed Sz. 
  End  : Calculate HilbertNum for fixed Sz. 

  Start: Calculate diagaonal components of Hamiltonian. 
  End  : Calculate diagaonal components of Hamiltonian. 

######  Start: Calculate Lanczos Eigenvalue.  ######

  initial_mode=1 (random): iv = 1 i_max=141 k_exct =1 

  LanczosStep  E[1] E[2] E[3] E[4] 
  stp = 2 -4.2060081093 1.7850204921 xxxxxxxxxx xxxxxxxxx 
  stp = 4 -7.3086705827 -3.1303081475 0.9250373167 4.5089173316 
  stp = 6 -8.2175259302 -5.5602447847 -2.4994436638 0.3291960049 
  stp = 8 -8.4331944028 -6.9294655900 -4.9193741341 -2.3644618011 
  stp = 10 -8.5979289336 -7.8303407410 -5.9417771343 -4.1656029104 
  stp = 12 -8.6170542209 -7.8948243394 -6.1098300618 -4.7108365223 
  stp = 14 -8.6174047910 -7.8966085073 -6.1371240443 -5.1870745120 
  stp = 16 -8.6174226477 -7.8967853629 -6.2949889583 -6.0626567019 
  stp = 18 -8.6174231699 -7.8967954106 -6.4319378080 -6.1002713100 
  stp = 20 -8.6174231816 -7.8967958080 -6.4565546380 -6.1058464126 
  stp = 22 -8.6174231818 -7.8967958186 -6.4599039867 -6.1072107393 
  stp = 24 -8.6174231818 -7.8967958192 -6.4611324020 -6.1087536628 
  stp = 26 -8.6174231818 -7.8967958192 -6.4616607226 -6.1157823803 
  stp = 28 -8.6174231818 -7.8967958192 -6.4617157531 -6.1212814960 
  stp = 30 -8.6174231818 -7.8967958192 -6.4617180391 -6.1217501490 

######  End  : Calculate Lanczos EigenValue.  ######

######  Start: Calculate Lanczos Eigenvec.  ######

  Start: Calculate Lanczos Eigenvector.
  End  : Calculate Lanczos Eigenvector.
  Start: Calculate Energy.
  End  : Calculate Energy.

  Accuracy check !!!
  LanczosEnergy = -8.61742318181418e+00 
  EnergyByVec   = -8.51985802816017e+00 
  diff_ene      = 1.13218477955114e-02 
  var           = 1.15400048528472e-02 
  Accuracy of Lanczos vectors is NOT enough

  Start: Calculate EigenVector by CG method.
  End  : Calculate EigenVector by CG method.
  Start: Calculate Energy.
  End  : Calculate Energy.

  CG Accuracy check !!!
  LanczosEnergy = -8.61742318181418e+00
  EnergyByVec   = -8.61742318181421e+00
  diff_ene      = 3.09203250540543e-15
  var           = 1.91366255096191e-16 
 

######  End  : Calculate Lanczos EigenVec.  ######

  Start: Calculate one body Green functions.
  End  : Calculate one body Green functions.

  Start: Calculate two bodies Green functions.
  End  : Calculate two bodies Green functions.

