

#####  Parallelization Info.  #####

  OpenMP threads : 12
  MPI PEs : 1 

  Read File 'namelist.def'.
  Read File 'calcmod.def' for CalcMod.
  Read File 'modpara.def' for ModPara.
  Read File 'zlocspn.def' for LocSpin.
  Read File 'zTrans.def' for Trans.
  Read File 'zInterAll.def' for InterAll.
  Read File 'greenone.def' for OneBodyG.
  Read File 'greentwo.def' for TwoBodyG.

######  Definition files are correct.  ######

  Read File 'zlocspn.def'.
  Read File 'zTrans.def'.
  Read File 'zInterAll.def'.
  Read File 'greenone.def'.
  Read File 'greentwo.def'.

######  Indices and Parameters of Definition files(*.def) are complete.  ######

  MAX DIMENSION idim_max=141 
  APPROXIMATE REQUIRED MEMORY  max_mem=0.000014 GB 


######  MPI site separation summary  ######

  INTRA process site
    Site    Bit
       0       3
       1       3
       2       3
       3       3
       4       3
       5       3

  INTER process site
    Site    Bit

  Process element info
    Process       Dimension   Nup  Ndown  Nelec  Total2Sz   State
          0             141     3      3      3         0   

   Total dimension : 141


######  LARGE ALLOCATE FINISH !  ######

  Start: Calculate HilbertNum for fixed Sz. 
  End  : Calculate HilbertNum for fixed Sz. 

  Start: Calculate diagaonal components of Hamiltonian. 
  End  : Calculate diagaonal components of Hamiltonian. 

######  Start: TPQCalculation.  ######

  rand_i / rand_max = 1 / 5
    CHECK: TPQ complex initial vector 
    step_i/total_step=200/2000 
    step_i/total_step=400/2000 
    step_i/total_step=600/2000 
    step_i/total_step=800/2000 
    step_i/total_step=1000/2000 
    step_i/total_step=1200/2000 
    step_i/total_step=1400/2000 
    step_i/total_step=1600/2000 
    step_i/total_step=1800/2000 
  rand_i / rand_max = 2 / 5
    CHECK: TPQ complex initial vector 
    step_i/total_step=200/2000 
    step_i/total_step=400/2000 
    step_i/total_step=600/2000 
    step_i/total_step=800/2000 
    step_i/total_step=1000/2000 
    step_i/total_step=1200/2000 
    step_i/total_step=1400/2000 
    step_i/total_step=1600/2000 
    step_i/total_step=1800/2000 
  rand_i / rand_max = 3 / 5
    CHECK: TPQ complex initial vector 
    step_i/total_step=200/2000 
    step_i/total_step=400/2000 
    step_i/total_step=600/2000 
    step_i/total_step=800/2000 
    step_i/total_step=1000/2000 
    step_i/total_step=1200/2000 
    step_i/total_step=1400/2000 
    step_i/total_step=1600/2000 
    step_i/total_step=1800/2000 
  rand_i / rand_max = 4 / 5
    CHECK: TPQ complex initial vector 
    step_i/total_step=200/2000 
    step_i/total_step=400/2000 
    step_i/total_step=600/2000 
    step_i/total_step=800/2000 
    step_i/total_step=1000/2000 
    step_i/total_step=1200/2000 
    step_i/total_step=1400/2000 
    step_i/total_step=1600/2000 
    step_i/total_step=1800/2000 
  rand_i / rand_max = 5 / 5
    CHECK: TPQ complex initial vector 
    step_i/total_step=200/2000 
    step_i/total_step=400/2000 
    step_i/total_step=600/2000 
    step_i/total_step=800/2000 
    step_i/total_step=1000/2000 
    step_i/total_step=1200/2000 
    step_i/total_step=1400/2000 
    step_i/total_step=1600/2000 
    step_i/total_step=1800/2000 
######  End  : TPQCalculation.  ######

Finish: Elapsed time is 125 [s].
