

#####  Parallelization Info.  #####

  OpenMP threads : 12
  MPI PEs : 1 


######  Standard Intarface Mode STARTS  ######

  Open Standard-Mode Inputfile ./StdFace.def 

  KEYWORD : w                    | VALUE : 2 
  KEYWORD : l                    | VALUE : 3 
  KEYWORD : model                | VALUE : spingc 
  KEYWORD : method               | VALUE : lanczos 
  Skipping a line.
  Skipping a line.
  KEYWORD : lattice              | VALUE : honeycomblattice 
  KEYWORD : jx0                  | VALUE : -1.0 
  KEYWORD : jy0                  | VALUE : 0.0 
  KEYWORD : jz0                  | VALUE : 0.0 
  KEYWORD : jx1                  | VALUE : 0.0 
  KEYWORD : jy1                  | VALUE : -1.0 
  KEYWORD : jz1                  | VALUE : 0.0 
  KEYWORD : jx2                  | VALUE : 0.0 
  KEYWORD : jy2                  | VALUE : 0.0 
  KEYWORD : jz2                  | VALUE : -1.0 
  KEYWORD : largevalue           | VALUE : 12 

#######  Parameter Summary  #######

                L = 3  
                W = 2  
                a = 1.00000     ######  DEFAULT VALUE IS USED  ######
               2S = 1           ######  DEFAULT VALUE IS USED  ######
                h = 0.00000     ######  DEFAULT VALUE IS USED  ######
            Gamma = 0.00000     ######  DEFAULT VALUE IS USED  ######
                D = 0.00000     ######  DEFAULT VALUE IS USED  ######
                J = 0.00000     ######  DEFAULT VALUE IS USED  ######
               J0 = 0.00000     ######  DEFAULT VALUE IS USED  ######
               J1 = 0.00000     ######  DEFAULT VALUE IS USED  ######
               J2 = 0.00000     ######  DEFAULT VALUE IS USED  ######
               Jz = 0.00000     ######  DEFAULT VALUE IS USED  ######
              Jz0 = 0.00000   
              Jz1 = 0.00000   
              Jz2 = -1.00000  
              Jxy = 0.00000     ######  DEFAULT VALUE IS USED  ######
             Jxy0 = 0.00000     ######  DEFAULT VALUE IS USED  ######
             Jxy1 = 0.00000     ######  DEFAULT VALUE IS USED  ######
             Jxy2 = 0.00000     ######  DEFAULT VALUE IS USED  ######
               Jx = 0.00000     ######  DEFAULT VALUE IS USED  ######
              Jx0 = -1.00000  
              Jx1 = 0.00000   
              Jx2 = 0.00000   
               Jy = 0.00000     ######  DEFAULT VALUE IS USED  ######
              Jy0 = 0.00000   
              Jy1 = -1.00000  
              Jy2 = 0.00000   
       LargeValue = 12        

         filehead = zvo         ######  DEFAULT VALUE IS USED  ######
      Lanczos_max = 2000        ######  DEFAULT VALUE IS USED  ######
       initial_iv = 1           ######  DEFAULT VALUE IS USED  ######
             nvec = 1           ######  DEFAULT VALUE IS USED  ######
             exct = 1           ######  DEFAULT VALUE IS USED  ######
       LanczosEps = 14          ######  DEFAULT VALUE IS USED  ######
    LanczosTarget = 2           ######  DEFAULT VALUE IS USED  ######
           NumAve = 5           ######  DEFAULT VALUE IS USED  ######
    ExpecInterval = 20          ######  DEFAULT VALUE IS USED  ######
      ioutputmode = 1           ######  DEFAULT VALUE IS USED  ######

######  Print Expert input files  ######

    zlocspin.def is written.
      zTrans.def is written.
   zInterAll.def is written.
    namelist.def is written.
     calcmod.def is written.
     modpara.def is written.
    greenone.def is written.
    greentwo.def is written.

######  Input files are generated.  ######

  Read File 'namelist.def'.
  Read File 'calcmod.def' for CalcMod.
  Read File 'modpara.def' for ModPara.
  Read File 'zlocspn.def' for LocSpin.
  Read File 'zTrans.def' for Trans.
  Read File 'zInterAll.def' for InterAll.
  Read File 'greenone.def' for OneBodyG.
  Read File 'greentwo.def' for TwoBodyG.

######  Definition files are correct.  ######

  Read File 'zlocspn.def'.
  Read File 'zTrans.def'.
  Read File 'zInterAll.def'.
  Read File 'greenone.def'.
  Read File 'greentwo.def'.

######  Indices and Parameters of Definition files(*.def) are complete.  ######

  MAX DIMENSION idim_max=4096 
  APPROXIMATE REQUIRED MEMORY  max_mem=0.000393 GB 


######  MPI site separation summary  ######

  INTRA process site
    Site    Bit
       0       2
       1       2
       2       2
       3       2
       4       2
       5       2
       6       2
       7       2
       8       2
       9       2
      10       2
      11       2

  INTER process site
    Site    Bit

  Process element info
    Process       Dimension   Nup  Ndown  Nelec  Total2Sz   State
          0            4096     0      0      0         0   

   Total dimension : 4096


######  LARGE ALLOCATE FINISH !  ######

  Start: Calculate HilbertNum for fixed Sz. 
  End  : Calculate HilbertNum for fixed Sz. 

  Start: Calculate diagaonal components of Hamiltonian. 
  End  : Calculate diagaonal components of Hamiltonian. 

######  Start: Calculate Lanczos Eigenvalue.  ######

  initial_mode=1 (random): iv = 1 i_max=4096 k_exct =1 

  LanczosStep  E[1] E[2] E[3] E[4] 
  stp = 2 -1.0397993121 1.0575936977 xxxxxxxxxx xxxxxxxxx 
  stp = 4 -1.9817982899 -0.6794660385 0.6887955448 1.9903228684 
  stp = 6 -2.2094169641 -1.4156250041 -0.4919046261 0.5143269298 
  stp = 8 -2.2791673482 -1.8253007556 -1.1270648644 -0.3808187749 
  stp = 10 -2.3326640929 -2.1007956316 -1.5873602562 -0.9786107679 
  stp = 12 -2.3998636747 -2.2167190205 -1.7968750526 -1.3100897485 
  stp = 14 -2.4258528117 -2.2456143874 -1.9651067088 -1.6516085437 
  stp = 16 -2.4416268428 -2.2785374678 -2.1379738280 -1.7864736520 
  stp = 18 -2.4479012533 -2.3037355417 -2.1873248449 -1.8716075901 
  stp = 20 -2.4493936080 -2.3138276480 -2.2033479176 -1.9758659331 
  stp = 22 -2.4498785712 -2.3203077103 -2.2192050622 -2.1006702957 
  stp = 24 -2.4500238934 -2.3246933854 -2.2383435746 -2.1579005959 
  stp = 26 -2.4500554136 -2.3267153933 -2.2504898460 -2.1754808741 
  stp = 28 -2.4500653702 -2.3281850029 -2.2628137490 -2.1919666819 
  stp = 30 -2.4500687835 -2.3296005313 -2.2785299020 -2.2130507205 
  stp = 32 -2.4500700563 -2.3315246001 -2.2972752046 -2.2320416650 
  stp = 34 -2.4500705217 -2.3347456159 -2.3120885493 -2.2442137224 
  stp = 36 -2.4500706256 -2.3371900426 -2.3171024587 -2.2493886257 
  stp = 38 -2.4500706610 -2.3393697945 -2.3200100496 -2.2549257710 
  stp = 40 -2.4500706715 -2.3409819041 -2.3217304745 -2.2621104528 
  stp = 42 -2.4500706741 -2.3418492767 -2.3226101491 -2.2690144080 
  stp = 44 -2.4500706749 -2.3424768150 -2.3232963816 -2.2774177149 
  stp = 46 -2.4500706750 -2.3427205538 -2.3235986631 -2.2821227872 
  stp = 48 -2.4500706751 -2.3427671572 -2.3236630795 -2.2832905105 

######  End  : Calculate Lanczos EigenValue.  ######

######  Start: Calculate Lanczos Eigenvec.  ######

  Start: Calculate Lanczos Eigenvector.
  End  : Calculate Lanczos Eigenvector.
  Start: Calculate Energy.
  End  : Calculate Energy.

  Accuracy check !!!
  LanczosEnergy = -2.45007067505857e+00 
  EnergyByVec   = -3.53809038325671e-02 
  diff_ene      = 9.85559231334532e-01 
  var           = 9.99376931851224e-01 
  Accuracy of Lanczos vectors is NOT enough

  Start: Calculate EigenVector by CG method.
  End  : Calculate EigenVector by CG method.
  Start: Calculate Energy.
  End  : Calculate Energy.

  CG Accuracy check !!!
  LanczosEnergy = -2.45007067505857e+00
  EnergyByVec   = -2.45007067506078e+00
  diff_ene      = 8.99209395261012e-13
  var           = 1.47959546758229e-16 
 

######  End  : Calculate Lanczos EigenVec.  ######

  Start: Calculate one body Green functions.
  End  : Calculate one body Green functions.

  Start: Calculate two bodies Green functions.
  End  : Calculate two bodies Green functions.

