      ,ammmmmmmmmmmmmmb,,        Welcome to the                 
    ,@@` dm          mb  ===m                                    
  ,@@` d@@@@@@@@@@@@@@@@b Pm,    @@          @@        @@       
 d@  d@@@ @@@ @@@@@@ @@@@b ~@a   @@          @@     @@@@@@@@    
d@   @@@@ ^^^ @@@@ m m @@@   @,  @@          @@   @@@  @@  @@@  
@    @@@@_@@@_@@@@mm mm@@@   @|  @@mmmmmmmmmm@@  @@    @@    @@ 
P@    9@@@@@@@@@@@@@@@@@P    @~  @@@@@@@@@@@@@@  @@    @@    @@ 
 @@      ~~9@@@@@@PPP~      @P   @@          @@   @@@  @@  @@@  
  ~@@b      @@@@@@@      ,@@~    @@          @@     @@@@@@@@    
    ~@@@m,,@@@@@@@@@  ,m@~`      @@          @@        @@       
        ~~9@@@@@@@@@  ~                                         
           9@P~~~9@P             Version 1.1.1                  
                                                                


#####  Parallelization Info.  #####

  OpenMP threads : 24
  MPI PEs : 16 

  Read File 'namelist.def'.
  Read File 'calcmod.def' for CalcMod.
  Read File 'modpara.def' for ModPara.
  Read File 'zlocspn.def' for LocSpin.
  Read File 'zTrans.def' for Trans.
  Read File 'zInterAll.def' for InterAll.
  Read File 'greenone.def' for OneBodyG.
  Read File 'greentwo.def' for TwoBodyG.

######  Definition files are correct.  ######

  Read File 'zlocspn.def'.
  Read File 'zTrans.def'.
  Read File 'zInterAll.def'.
  Read File 'greenone.def'.
  Read File 'greentwo.def'.

######  Indices and Parameters of Definition files(*.def) are complete.  ######

  MAX DIMENSION idim_max=924 
  APPROXIMATE REQUIRED MEMORY  max_mem=0.000089 GB 


######  MPI site separation summary  ######

  INTRA process site
    Site    Bit
       0       2
       1       2
       2       2
       3       2
       4       2
       5       2
       6       2
       7       2
       8       2
       9       2
      10       2
      11       2

  INTER process site
    Site    Bit
      12       2
      13       2
      14       2
      15       2

  Process element info
    Process       Dimension   Nup  Ndown  Nelec  Total2Sz   State
          0             495     8      4      8         0   0000
          1             792     7      5      7         0   1000
          2             792     7      5      7         0   0100
          3             924     6      6      6         0   1100
          4             792     7      5      7         0   0010
          5             924     6      6      6         0   1010
          6             924     6      6      6         0   0110
          7             792     5      7      5         0   1110
          8             792     7      5      7         0   0001
          9             924     6      6      6         0   1001
         10             924     6      6      6         0   0101
         11             792     5      7      5         0   1101
         12             924     6      6      6         0   0011
         13             792     5      7      5         0   1011
         14             792     5      7      5         0   0111
         15             495     4      8      4         0   1111

   Total dimension : 12870


######  LARGE ALLOCATE FINISH !  ######

  Start: Calculate HilbertNum for fixed Sz. 
  End  : Calculate HilbertNum for fixed Sz. 

  Start: Calculate diagaonal components of Hamiltonian. 
  End  : Calculate diagaonal components of Hamiltonian. 

######  Start: Calculate Lanczos Eigenvalue.  ######

  initial_mode=1 (random): iv = -1 i_max=495 k_exct =1 

  LanczosStep  E[1] E[2] E[3] E[4] E_Max/Nsite
  stp = 2 -2.2700954346 1.3031067807 xxxxxxxxxx xxxxxxxxx xxxxxxxxx 
  stp = 4 -4.7909844837 -2.0531496593 0.4661906221 2.6640344966 0.1665021560
  stp = 6 -6.1960805518 -4.0596382786 -2.0048135357 -0.0340958766 0.1998328432
  stp = 8 -6.8017574898 -5.2392406055 -3.5756389330 -1.9261104341 0.2159640714
  stp = 10 -6.9838474935 -5.8777074720 -4.6461246786 -3.2836220933 0.2253448031
  stp = 12 -7.0685028150 -6.3906609270 -5.3693317076 -4.2097379455 0.2316736573
  stp = 14 -7.1147582799 -6.6480202261 -5.7585348049 -4.8918369590 0.2364410466
  stp = 16 -7.1328681537 -6.7504352102 -6.0611685012 -5.3651582581 0.2411208587
  stp = 18 -7.1390471834 -6.8009037529 -6.3044224454 -5.6699391254 0.2451380479
  stp = 20 -7.1413900266 -6.8362448601 -6.4958855416 -5.9315188330 0.2474286419
  stp = 22 -7.1420826591 -6.8562896410 -6.5887934546 -6.0831982167 0.2485265841
  stp = 24 -7.1422415769 -6.8648273816 -6.6306247978 -6.2060528301 0.2491196006
  stp = 26 -7.1422854997 -6.8694510916 -6.6623733647 -6.3579856513 0.2494890159
  stp = 28 -7.1422944134 -6.8712753656 -6.6810425824 -6.4414609827 0.2497181440
  stp = 30 -7.1422960533 -6.8718886134 -6.6906034111 -6.4848343413 0.2498512318
  stp = 32 -7.1422963205 -6.8720619912 -6.6947985204 -6.5083787020 0.2499186408
  stp = 34 -7.1422963568 -6.8721002145 -6.6961945125 -6.5191728135 0.2499520630
  stp = 36 -7.1422963602 -6.8721057887 -6.6964824408 -6.5223231205 0.2499706162
  stp = 38 -7.1422963606 -6.8721065685 -6.6965367921 -6.5231603255 0.2499838363
  stp = 40 -7.1422963606 -6.8721066645 -6.6965456691 -6.5233511972 0.2499922593
  stp = 42 -7.1422963606 -6.8721066768 -6.6965471734 -6.5233962032 0.2499966800
  stp = 44 -7.1422963606 -6.8721066782 -6.6965473982 -6.5234054197 0.2499987111
  stp = 46 -7.1422963606 -6.8721066784 -6.6965474227 -6.5234067468 0.2499995309
  stp = 48 -7.1422963606 -6.8721066784 -6.6965474259 -6.5234069764 0.2499998124
  stp = 50 -7.1422963606 -6.8721066784 -6.6965474264 -6.5234070344 0.2499999231
  stp = 52 -7.1422963606 -6.8721066784 -6.6965474266 -6.5234070535 0.2499999693
  stp = 54 -7.1422963606 -6.8721066784 -6.6965474266 -6.5234070568 0.2499999878

######  End  : Calculate Lanczos EigenValue.  ######

######  Start: Calculate Lanczos Eigenvec.  ######

  Start: Calculate Lanczos Eigenvector.
  End  : Calculate Lanczos Eigenvector.
  Start: Calculate Energy.
  End  : Calculate Energy.

  Accuracy check !!!
  LanczosEnergy = -7.14229636061678e+00 
  EnergyByVec   = -7.14128473141155e+00 
  diff_ene      = 1.41639208757129e-04 
  var           = 1.45358903715708e-04 
  Accuracy of Lanczos vectors is NOT enough

  Start: Calculate EigenVector by CG method.
  End  : Calculate EigenVector by CG method.
  Start: Calculate Energy.
  End  : Calculate Energy.

  CG Accuracy check !!!
  LanczosEnergy = -7.14229636061678e+00
  EnergyByVec   = -7.14229636061678e+00
  diff_ene      = 3.73064225364947e-16
  var           = 1.50247116198971e-16 
 

######  End  : Calculate Lanczos EigenVec.  ######

  Start: Calculate one body Green functions.
  End  : Calculate one body Green functions.

  Start: Calculate two bodies Green functions.
  End  : Calculate two bodies Green functions.

