                                                                
      ,ammmmmmmmmmmmmmb,,        Welcome to the                 
    ,@@` dm          mb  ===m                                    
  ,@@` d@@@@@@@@@@@@@@@@b Pm,    @@          @@        @@       
 d@  d@@@ @@@ @@@@@@ @@@@b ~@a   @@          @@     @@@@@@@@    
d@   @@@@ ^^^ @@@@ m m @@@   @,  @@          @@   @@@  @@  @@@  
@    @@@@_@@@_@@@@mm mm@@@   @|  @@mmmmmmmmmm@@  @@    @@    @@ 
P@    9@@@@@@@@@@@@@@@@@P    @~  @@@@@@@@@@@@@@  @@    @@    @@ 
 @@      ~~9@@@@@@PPP~      @P   @@          @@   @@@  @@  @@@  
  ~@@b      @@@@@@@      ,@@~    @@          @@     @@@@@@@@    
    ~@@@m,,@@@@@@@@@  ,m@~`      @@          @@        @@       
        ~~9@@@@@@@@@  ~                                         
           9@P~~~9@P             Version 1.1                    
                                                                


#####  Parallelization Info.  #####

  OpenMP threads : 24
  MPI PEs : 16 


######  Standard Intarface Mode STARTS  ######

  Open Standard-Mode Inputfile StdFace.def 

  KEYWORD : w                    | VALUE : 3 
  KEYWORD : l                    | VALUE : 3 
  KEYWORD : model                | VALUE : spingcboost 
  KEYWORD : method               | VALUE : lanczos 
  Skipping a line.
  KEYWORD : lattice              | VALUE : honeycomblattice 
  KEYWORD : j0x                  | VALUE : -1.0 
  KEYWORD : j0y                  | VALUE : 0.0 
  KEYWORD : j0z                  | VALUE : 0.0 
  KEYWORD : j1x                  | VALUE : 0.0 
  KEYWORD : j1y                  | VALUE : -1.0 
  KEYWORD : j1z                  | VALUE : 0.0 
  KEYWORD : j2x                  | VALUE : 0.0 
  KEYWORD : j2y                  | VALUE : 0.0 
  KEYWORD : j2z                  | VALUE : -1.0 
  KEYWORD : 2s                   | VALUE : 1 

#######  Parameter Summary  #######

  @ Lattice Size & Shape

                L = 3         
                W = 3         

  @ Hamiltonian 

               2S = 1         
                h = 0.00000     ######  DEFAULT VALUE IS USED  ######
            Gamma = 0.00000     ######  DEFAULT VALUE IS USED  ######
                D = 0.00000     ######  DEFAULT VALUE IS USED  ######
              J0x = -1.00000  
              J0y = 0.00000   
              J0z = 0.00000   
              J1x = 0.00000   
              J1y = -1.00000  
              J1z = 0.00000   
              J2x = 0.00000   
              J2y = 0.00000   
              J2z = -1.00000  

  @ Numerical conditions

       LargeValue = 1.50000     ######  DEFAULT VALUE IS USED  ######
         filehead = zvo         ######  DEFAULT VALUE IS USED  ######
      Lanczos_max = 2000        ######  DEFAULT VALUE IS USED  ######
       initial_iv = -1          ######  DEFAULT VALUE IS USED  ######
             nvec = 1           ######  DEFAULT VALUE IS USED  ######
             exct = 1           ######  DEFAULT VALUE IS USED  ######
       LanczosEps = 14          ######  DEFAULT VALUE IS USED  ######
    LanczosTarget = 2           ######  DEFAULT VALUE IS USED  ######
           NumAve = 5           ######  DEFAULT VALUE IS USED  ######
    ExpecInterval = 20          ######  DEFAULT VALUE IS USED  ######
      ioutputmode = 1           ######  DEFAULT VALUE IS USED  ######

######  Print Expert input files  ######

    zlocspin.def is written.
      zTrans.def is written.
   zInterAll.def is written.
    namelist.def is written.
     calcmod.def is written.
     modpara.def is written.
    greenone.def is written.
    greentwo.def is written.

######  Input files are generated.  ######

  Read File 'namelist.def'.
  Read File 'calcmod.def' for CalcMod.
  Read File 'modpara.def' for ModPara.
  Read File 'zlocspn.def' for LocSpin.
  Read File 'zTrans.def' for Trans.
  Read File 'zInterAll.def' for InterAll.
  Read File 'greenone.def' for OneBodyG.
  Read File 'greentwo.def' for TwoBodyG.
  Read File 'boost.def' for Boost.

######  Definition files are correct.  ######

  Read File 'zlocspn.def'.
  Read File 'zTrans.def'.
  Read File 'zInterAll.def'.
  Read File 'greenone.def'.
  Read File 'greentwo.def'.
  Read File 'boost.def'.

######  Indices and Parameters of Definition files(*.def) are complete.  ######

  MAX DIMENSION idim_max=16384 
  APPROXIMATE REQUIRED MEMORY  max_mem=0.001573 GB 


######  MPI site separation summary  ######

  INTRA process site
    Site    Bit
       0       2
       1       2
       2       2
       3       2
       4       2
       5       2
       6       2
       7       2
       8       2
       9       2
      10       2
      11       2
      12       2
      13       2

  INTER process site
    Site    Bit
      14       2
      15       2
      16       2
      17       2

  Process element info
    Process       Dimension   Nup  Ndown  Nelec  Total2Sz   State
          0           16384     0      0      0         0   0000
          1           16384     0      0      0         0   1000
          2           16384     0      0      0         0   0100
          3           16384     0      0      0         0   1100
          4           16384     0      0      0         0   0010
          5           16384     0      0      0         0   1010
          6           16384     0      0      0         0   0110
          7           16384     0      0      0         0   1110
          8           16384     0      0      0         0   0001
          9           16384     0      0      0         0   1001
         10           16384     0      0      0         0   0101
         11           16384     0      0      0         0   1101
         12           16384     0      0      0         0   0011
         13           16384     0      0      0         0   1011
         14           16384     0      0      0         0   0111
         15           16384     0      0      0         0   1111

   Total dimension : 262144


######  LARGE ALLOCATE FINISH !  ######

  Start: Calculate HilbertNum for fixed Sz. 
  End  : Calculate HilbertNum for fixed Sz. 

  Start: Calculate diagaonal components of Hamiltonian. 
  End  : Calculate diagaonal components of Hamiltonian. 

######  Start: Calculate Lanczos Eigenvalue.  ######

  initial_mode=1 (random): iv = -1 i_max=16384 k_exct =1 

  LanczosStep  E[1] E[2] E[3] E[4] E_Max/Nsite
  stp = 2 -1.2969879809 1.2992599791 xxxxxxxxxx xxxxxxxxx xxxxxxxxx 
  stp = 4 -2.6228920950 -0.8930163771 0.8960504104 2.6299867508 0.1461103750
  stp = 6 -3.1498092471 -1.9832445268 -0.6755969890 0.6758027052 0.1750683157
  stp = 8 -3.3224684415 -2.5453206865 -1.5970549486 -0.5414900639 0.1846268080
  stp = 10 -3.3896596736 -2.8834738300 -2.1593889890 -1.3312244705 0.1884416549
  stp = 12 -3.4229617051 -3.0854451769 -2.5305160506 -1.8894911763 0.1903049402
  stp = 14 -3.4469802326 -3.2229135843 -2.7917355785 -2.2532695612 0.1916031176
  stp = 16 -3.4674308059 -3.3076591375 -2.9620981065 -2.5297888460 0.1926482352
  stp = 18 -3.4836427190 -3.3548517115 -3.0800716954 -2.7296172426 0.1934333578
  stp = 20 -3.4966143167 -3.3858696666 -3.1772781197 -2.8858581648 0.1939942780
  stp = 22 -3.5078891160 -3.4110356063 -3.2556510916 -3.0019036095 0.1944205607
  stp = 24 -3.5220439291 -3.4393059217 -3.3199438438 -3.1002479877 0.1949403185
  stp = 26 -3.5373639976 -3.4611362612 -3.3542662715 -3.1647868821 0.1956319782
  stp = 28 -3.5501569056 -3.4744809782 -3.3751323015 -3.2217602792 0.1964245143
  stp = 30 -3.5600646149 -3.4840255399 -3.3941819518 -3.2788640074 0.1972362336
  stp = 32 -3.5661155009 -3.4906048879 -3.4107903355 -3.3157294223 0.1978143439
  stp = 34 -3.5690382404 -3.4947071545 -3.4228641620 -3.3365276086 0.1981092163
  stp = 36 -3.5706858814 -3.4980538789 -3.4343206390 -3.3551758692 0.1982769445
  stp = 38 -3.5717462705 -3.5015905512 -3.4477724651 -3.3761454110 0.1983834723
  stp = 40 -3.5723295263 -3.5049405107 -3.4595394375 -3.3917054216 0.1984400473
  stp = 42 -3.5726090842 -3.5075800277 -3.4673042622 -3.4012428033 0.1984665390
  stp = 44 -3.5727412577 -3.5095330916 -3.4723976980 -3.4083110777 0.1984792706
  stp = 46 -3.5728022406 -3.5109136101 -3.4759007025 -3.4146270825 0.1984852747
  stp = 48 -3.5728385269 -3.5122345628 -3.4794583456 -3.4239087569 0.1984889880
  stp = 50 -3.5728574434 -3.5133997635 -3.4829168720 -3.4354170637 0.1984910317
  stp = 52 -3.5728660609 -3.5142771486 -3.4857688350 -3.4445751237 0.1984920226
  stp = 54 -3.5728703684 -3.5149930941 -3.4883204446 -3.4517968103 0.1984925209
  stp = 56 -3.5728731580 -3.5158136081 -3.4915574320 -3.4596044684 0.1984928238
  stp = 58 -3.5728745746 -3.5165856645 -3.4947453793 -3.4656900421 0.1984929732
  stp = 60 -3.5728751445 -3.5171167983 -3.4969031947 -3.4690990137 0.1984930344
  stp = 62 -3.5728754144 -3.5175205891 -3.4985286866 -3.4715036675 0.1984930637
  stp = 64 -3.5728755458 -3.5178348157 -3.4998174216 -3.4734614064 0.1984930784
  stp = 66 -3.5728756028 -3.5180487387 -3.5007360237 -3.4749901993 0.1984930852
  stp = 68 -3.5728756305 -3.5182111928 -3.5014890378 -3.4764419284 0.1984930887
  stp = 70 -3.5728756438 -3.5183342055 -3.5021224902 -3.4779246119 0.1984930905
  stp = 72 -3.5728756503 -3.5184298014 -3.5026824946 -3.4795605345 0.1984930913
  stp = 74 -3.5728756531 -3.5184977817 -3.5031425807 -3.4812278465 0.1984930917
  stp = 76 -3.5728756545 -3.5185470649 -3.5035315730 -3.4829215955 0.1984930918
  stp = 78 -3.5728756550 -3.5185798110 -3.5038340569 -3.4844390550 0.1984930919
  stp = 80 -3.5728756553 -3.5186028915 -3.5040849045 -3.4858505251 0.1984930919
  stp = 82 -3.5728756554 -3.5186201302 -3.5043084525 -3.4872441891 0.1984930920
  stp = 84 -3.5728756555 -3.5186317100 -3.5044886431 -3.4884682829 0.1984930920
  stp = 86 -3.5728756555 -3.5186410351 -3.5046653058 -3.4897665133 0.1984930920
  stp = 88 -3.5728756555 -3.5186485561 -3.5048438816 -3.4911668144 0.1984930920
  stp = 90 -3.5728756555 -3.5186534595 -3.5049900170 -3.4923495523 0.1984930920
  stp = 92 -3.5728756555 -3.5186562743 -3.5050922862 -3.4931876116 0.1984930920
  stp = 94 -3.5728756555 -3.5186580168 -3.5051676542 -3.4938171298 0.1984930920
  stp = 96 -3.5728756555 -3.5186589439 -3.5052144500 -3.4942210904 0.1984930920
  stp = 98 -3.5728756555 -3.5186593203 -3.5052358956 -3.4944145446 0.1984930920
  stp = 100 -3.5728756555 -3.5186594897 -3.5052465196 -3.4945156303 0.1984930920
  stp = 102 -3.5728756555 -3.5186595568 -3.5052510996 -3.4945618130 0.1984930920
  stp = 104 -3.5728756555 -3.5186595795 -3.5052527693 -3.4945796122 0.1984930920
  stp = 106 -3.5728756555 -3.5186595880 -3.5052534343 -3.4945870973 0.1984930920
  stp = 108 -3.5728756555 -3.5186595916 -3.5052537372 -3.4945907099 0.1984930920
  stp = 110 -3.5728756555 -3.5186595930 -3.5052538650 -3.4945923289 0.1984930920
  stp = 112 -3.5728756555 -3.5186595936 -3.5052539163 -3.4945930180 0.1984930920
  stp = 114 -3.5728756555 -3.5186595938 -3.5052539398 -3.4945933529 0.1984930920
  stp = 116 -3.5728756555 -3.5186595939 -3.5052539529 -3.4945935533 0.1984930920
  stp = 118 -3.5728756555 -3.5186595940 -3.5052539589 -3.4945936518 0.1984930920
  stp = 120 -3.5728756555 -3.5186595940 -3.5052539609 -3.4945936860 0.1984930920
  stp = 122 -3.5728756555 -3.5186595940 -3.5052539618 -3.4945937033 0.1984930920
  stp = 124 -3.5728756555 -3.5186595940 -3.5052539624 -3.4945937152 0.1984930920
  stp = 126 -3.5728756555 -3.5186595940 -3.5052539627 -3.4945937220 0.1984930920
  stp = 128 -3.5728756555 -3.5186595940 -3.5052539629 -3.4945937247 0.1984930920
  stp = 130 -3.5728756555 -3.5186595940 -3.5052539629 -3.4945937257 0.1984930920
  stp = 132 -3.5728756555 -3.5186595940 -3.5052539629 -3.4945937261 0.1984930920
  stp = 134 -3.5728756555 -3.5186595940 -3.5052539629 -3.4945937262 0.1984930920

######  End  : Calculate Lanczos EigenValue.  ######

######  Start: Calculate Lanczos Eigenvec.  ######

  Start: Calculate Lanczos Eigenvector.
  End  : Calculate Lanczos Eigenvector.
  Start: Calculate Energy.
  End  : Calculate Energy.

  Accuracy check !!!
  LanczosEnergy = -3.57287565553229e+00 
  EnergyByVec   = -3.57283390403144e+00 
  diff_ene      = 1.16856853885182e-05 
  var           = 1.32266206357719e-05 
  Accuracy of Lanczos vectors is NOT enough

  Start: Calculate EigenVector by CG method.
  End  : Calculate EigenVector by CG method.
  Start: Calculate Energy.
  End  : Calculate Energy.

  CG Accuracy check !!!
  LanczosEnergy = -3.57287565553229e+00
  EnergyByVec   = -3.57287565553229e+00
  diff_ene      = 1.74012463273778e-15
  var           = 5.06620059455480e-16 
 

######  End  : Calculate Lanczos EigenVec.  ######

  Start: Calculate one body Green functions.
  End  : Calculate one body Green functions.

  Start: Calculate two bodies Green functions.
  End  : Calculate two bodies Green functions.

