      ,ammmmmmmmmmmmmmb,,        Welcome to the                 
    ,@@` dm          mb  ===m                                    
  ,@@` d@@@@@@@@@@@@@@@@b Pm,    @@          @@        @@       
 d@  d@@@ @@@ @@@@@@ @@@@b ~@a   @@          @@     @@@@@@@@    
d@   @@@@ ^^^ @@@@ m m @@@   @,  @@          @@   @@@  @@  @@@  
@    @@@@_@@@_@@@@mm mm@@@   @|  @@mmmmmmmmmm@@  @@    @@    @@ 
P@    9@@@@@@@@@@@@@@@@@P    @~  @@@@@@@@@@@@@@  @@    @@    @@ 
 @@      ~~9@@@@@@PPP~      @P   @@          @@   @@@  @@  @@@  
  ~@@b      @@@@@@@      ,@@~    @@          @@     @@@@@@@@    
    ~@@@m,,@@@@@@@@@  ,m@~`      @@          @@        @@       
        ~~9@@@@@@@@@  ~                                         
           9@P~~~9@P             Version 2.0.1    
                                                                


#####  Parallelization Info.  #####

  OpenMP threads : 24
  MPI PEs : 16 


######  Standard Intarface Mode STARTS  ######

  Open Standard-Mode Inputfile StdFace2.def 

  KEYWORD : method               | VALUE : TPQ 
  KEYWORD : w                    | VALUE : 3 
  KEYWORD : l                    | VALUE : 3 
  KEYWORD : model                | VALUE : SpinGCboost 
  KEYWORD : lattice              | VALUE : Honeycomblattice 
  KEYWORD : j0x                  | VALUE : -1.0 
  KEYWORD : j0y                  | VALUE : 0.0 
  KEYWORD : j0z                  | VALUE : 0.0 
  KEYWORD : j1x                  | VALUE : 0.0 
  KEYWORD : j1y                  | VALUE : -1.0 
  KEYWORD : j1z                  | VALUE : 0.0 
  KEYWORD : j2x                  | VALUE : 0.0 
  KEYWORD : j2y                  | VALUE : 0.0 
  KEYWORD : j2z                  | VALUE : -1.0 
  KEYWORD : 2s                   | VALUE : 1 

#######  Parameter Summary  #######

  @ Lattice Size & Shape

                a = 1.00000     ######  DEFAULT VALUE IS USED  ######
          Wlength = 1.00000     ######  DEFAULT VALUE IS USED  ######
          Llength = 1.00000     ######  DEFAULT VALUE IS USED  ######
               Wx = 1.00000     ######  DEFAULT VALUE IS USED  ######
               Wy = 0.00000     ######  DEFAULT VALUE IS USED  ######
               Lx = 0.50000     ######  DEFAULT VALUE IS USED  ######
               Ly = 0.86603     ######  DEFAULT VALUE IS USED  ######
           phase0 = 0.00000     ######  DEFAULT VALUE IS USED  ######
           phase1 = 0.00000     ######  DEFAULT VALUE IS USED  ######

  @ Super-Lattice setting

                L = 3         
                W = 3         
           Height = 1           ######  DEFAULT VALUE IS USED  ######
         Number of Cell = 9

  @ Hamiltonian 

                h = 0.00000     ######  DEFAULT VALUE IS USED  ######
            Gamma = 0.00000     ######  DEFAULT VALUE IS USED  ######
               2S = 1         
                D = 0.00000     ######  DEFAULT VALUE IS USED  ######
              J0x = -1.00000  
              J0y = 0.00000   
              J0z = 0.00000   
              J1x = 0.00000   
              J1y = -1.00000  
              J1z = 0.00000   
              J2x = 0.00000   
              J2y = 0.00000   
              J2z = -1.00000  

  @ Numerical conditions

       LargeValue = 1.62500     ######  DEFAULT VALUE IS USED  ######

######  Print Expert input files  ######

    locspn.def is written.
      trans.def is written.

  @ Spectrum

       SpectrumQW = 0.00000     ######  DEFAULT VALUE IS USED  ######
       SpectrumQL = 0.00000     ######  DEFAULT VALUE IS USED  ######
       SpectrumQH = 0.00000     ######  DEFAULT VALUE IS USED  ######
     SpectrumType = szsz        ######  DEFAULT VALUE IS USED  ######
        pair.def is written.


  @ CalcMod

          Restart = none        ######  DEFAULT VALUE IS USED  ######
   InitialVecType = c           ######  DEFAULT VALUE IS USED  ######
       EigenVecIO = none        ######  DEFAULT VALUE IS USED  ######
         CalcSpec = none        ######  DEFAULT VALUE IS USED  ######
     calcmod.def is written.

    CDataFileHead = zvo         ######  DEFAULT VALUE IS USED  ######
      Lanczos_max = 2000        ######  DEFAULT VALUE IS USED  ######
       initial_iv = -1          ######  DEFAULT VALUE IS USED  ######
             exct = 1           ######  DEFAULT VALUE IS USED  ######
       LanczosEps = 14          ######  DEFAULT VALUE IS USED  ######
    LanczosTarget = 2           ######  DEFAULT VALUE IS USED  ######
           NumAve = 5           ######  DEFAULT VALUE IS USED  ######
    ExpecInterval = 20          ######  DEFAULT VALUE IS USED  ######
           NOmega = 200         ######  DEFAULT VALUE IS USED  ######
         OmegaMax = 29.25000    ######  DEFAULT VALUE IS USED  ######
         OmegaMin = -29.25000   ######  DEFAULT VALUE IS USED  ######
          OmegaIm = 0.01000     ######  DEFAULT VALUE IS USED  ######
     modpara.def is written.
      ioutputmode = 1           ######  DEFAULT VALUE IS USED  ######
    greenone.def is written.
    greentwo.def is written.
    namelist.def is written.

######  Input files are generated.  ######

  Read File 'namelist.def'.
  Read File 'calcmod.def' for CalcMod.
  Read File 'modpara.def' for ModPara.
  Read File 'locspn.def' for LocSpin.
  Read File 'trans.def' for Trans.
  Read File 'greenone.def' for OneBodyG.
  Read File 'greentwo.def' for TwoBodyG.
  Read File 'boost.def' for Boost.
  Read File 'pair.def' for PairExcitation.

######  Definition files are correct.  ######

  Read File 'locspn.def'.
  Read File 'trans.def'.
  Read File 'greenone.def'.
  Read File 'greentwo.def'.
  Read File 'boost.def'.
  Read File 'pair.def'.

######  Indices and Parameters of Definition files(*.def) are complete.  ######

  MAX DIMENSION idim_max=16384 
  APPROXIMATE REQUIRED MEMORY  max_mem=0.000918 GB 


######  MPI site separation summary  ######

  INTRA process site
    Site    Bit
       0       2
       1       2
       2       2
       3       2
       4       2
       5       2
       6       2
       7       2
       8       2
       9       2
      10       2
      11       2
      12       2
      13       2

  INTER process site
    Site    Bit
      14       2
      15       2
      16       2
      17       2

  Process element info
    Process       Dimension   Nup  Ndown  Nelec  Total2Sz   State
          0           16384     0      0      0         0   0000
          1           16384     0      0      0         0   1000
          2           16384     0      0      0         0   0100
          3           16384     0      0      0         0   1100
          4           16384     0      0      0         0   0010
          5           16384     0      0      0         0   1010
          6           16384     0      0      0         0   0110
          7           16384     0      0      0         0   1110
          8           16384     0      0      0         0   0001
          9           16384     0      0      0         0   1001
         10           16384     0      0      0         0   0101
         11           16384     0      0      0         0   1101
         12           16384     0      0      0         0   0011
         13           16384     0      0      0         0   1011
         14           16384     0      0      0         0   0111
         15           16384     0      0      0         0   1111

   Total dimension : 262144


######  LARGE ALLOCATE FINISH !  ######

  Start: Calculate HilbertNum for fixed Sz. 
  End  : Calculate HilbertNum for fixed Sz. 

  Start: Calculate diagaonal components of Hamiltonian. 
  End  : Calculate diagaonal components of Hamiltonian. 

######  Start: TPQCalculation.  ######

  rand_i / rand_max = 1 / 5
    step_i/total_step=200/2000 
    step_i/total_step=400/2000 
    step_i/total_step=600/2000 
    step_i/total_step=800/2000 
    step_i/total_step=1000/2000 
    step_i/total_step=1200/2000 
    step_i/total_step=1400/2000 
    step_i/total_step=1600/2000 
    step_i/total_step=1800/2000 
  rand_i / rand_max = 2 / 5
    step_i/total_step=200/2000 
    step_i/total_step=400/2000 
    step_i/total_step=600/2000 
    step_i/total_step=800/2000 
    step_i/total_step=1000/2000 
    step_i/total_step=1200/2000 
    step_i/total_step=1400/2000 
    step_i/total_step=1600/2000 
    step_i/total_step=1800/2000 
  rand_i / rand_max = 3 / 5
    step_i/total_step=200/2000 
    step_i/total_step=400/2000 
    step_i/total_step=600/2000 
    step_i/total_step=800/2000 
    step_i/total_step=1000/2000 
    step_i/total_step=1200/2000 
    step_i/total_step=1400/2000 
    step_i/total_step=1600/2000 
    step_i/total_step=1800/2000 
  rand_i / rand_max = 4 / 5
    step_i/total_step=200/2000 
    step_i/total_step=400/2000 
    step_i/total_step=600/2000 
    step_i/total_step=800/2000 
    step_i/total_step=1000/2000 
    step_i/total_step=1200/2000 
    step_i/total_step=1400/2000 
    step_i/total_step=1600/2000 
    step_i/total_step=1800/2000 
  rand_i / rand_max = 5 / 5
    step_i/total_step=200/2000 
    step_i/total_step=400/2000 
    step_i/total_step=600/2000 
    step_i/total_step=800/2000 
    step_i/total_step=1000/2000 
    step_i/total_step=1200/2000 
    step_i/total_step=1400/2000 
    step_i/total_step=1600/2000 
    step_i/total_step=1800/2000 
######  End  : TPQCalculation.  ######

Finish: Elapsed time is 73 [s].
