      ,ammmmmmmmmmmmmmb,,        Welcome to the                 
    ,@@` dm          mb  ===m                                    
  ,@@` d@@@@@@@@@@@@@@@@b Pm,    @@          @@        @@       
 d@  d@@@ @@@ @@@@@@ @@@@b ~@a   @@          @@     @@@@@@@@    
d@   @@@@ ^^^ @@@@ m m @@@   @,  @@          @@   @@@  @@  @@@  
@    @@@@_@@@_@@@@mm mm@@@   @|  @@mmmmmmmmmm@@  @@    @@    @@ 
P@    9@@@@@@@@@@@@@@@@@P    @~  @@@@@@@@@@@@@@  @@    @@    @@ 
 @@      ~~9@@@@@@PPP~      @P   @@          @@   @@@  @@  @@@  
  ~@@b      @@@@@@@      ,@@~    @@          @@     @@@@@@@@    
    ~@@@m,,@@@@@@@@@  ,m@~`      @@          @@        @@       
        ~~9@@@@@@@@@  ~                                         
           9@P~~~9@P             Version 1.2.0    
                                                                


#####  Parallelization Info.  #####

  OpenMP threads : 40
  MPI PEs : 1 

  Read File 'namelist.def'.
  Read File 'calcmod.def' for CalcMod.
  Read File 'modpara.def' for ModPara.
  Read File 'zlocspn.def' for LocSpin.
  Read File 'zTrans.def' for Trans.
  Read File 'zInterAll.def' for InterAll.
  Read File 'greenone.def' for OneBodyG.
  Read File 'greentwo.def' for TwoBodyG.

######  Definition files are correct.  ######

  Read File 'zlocspn.def'.
  Read File 'zTrans.def'.
  Read File 'zInterAll.def'.
  Read File 'greenone.def'.
  Read File 'greentwo.def'.

######  Indices and Parameters of Definition files(*.def) are complete.  ######

  MAX DIMENSION idim_max=346 
  APPROXIMATE REQUIRED MEMORY  max_mem=0.007662 GB 


######  MPI site separation summary  ######

  INTRA process site
    Site    Bit
       0       4
       1       4
       2       4
       3       4
       4       4
       5       4
       6       4
       7       4

  INTER process site
    Site    Bit

  Process element info
    Process       Dimension   Nup  Ndown  Nelec  Total2Sz   State
          0             346     4      4      8         0   

   Total dimension : 346


######  LARGE ALLOCATE FINISH !  ######

  Start: Calculate HilbertNum for fixed Sz. 
  j = 0 loc 1 
  j = 1 loc 1 
  j = 2 loc 1 
  j = 3 loc 1 
  j = 4 loc 0 
  j = 5 loc 0 
  j = 6 loc 0 
  j = 7 loc 0 
  N_all_up=4 N_all_down=4 
  End  : Calculate HilbertNum for fixed Sz. 

  Start: Calculate diagaonal components of Hamiltonian. 
  End  : Calculate diagaonal components of Hamiltonian. 

######  Start: Setting Hamiltonian.  ######

######  End  : Setting Hamiltonian.  ######

######  Start: Diagonalization.  ######

######  End  : Diagonalization.  ######

######  Start: Calc Expected value.  ######

i=    0 Energy=-12.677621 N=  8.000000 Sz= -0.000000 S2=  0.000000 Doublon=  0.107245 
i=    1 Energy= -9.834799 N=  8.000000 Sz=  0.000000 S2=  2.000000 Doublon=  0.428975 
i=    2 Energy= -9.182953 N=  8.000000 Sz=  0.000000 S2=  2.000000 Doublon=  0.309299 
i=    3 Energy= -9.182953 N=  8.000000 Sz=  0.000000 S2=  2.000000 Doublon=  0.309299 
i=    4 Energy= -8.403561 N=  8.000000 Sz= -0.000000 S2=  2.000000 Doublon=  0.100340 
i=    5 Energy= -8.102797 N=  8.000000 Sz= -0.000000 S2=  0.000000 Doublon=  0.853138 
i=    6 Energy= -8.102797 N=  8.000000 Sz=  0.000000 S2=  0.000000 Doublon=  0.853138 
i=    7 Energy= -7.813475 N=  8.000000 Sz=  0.000000 S2=  0.000000 Doublon=  1.015185 
i=    8 Energy= -7.594964 N=  8.000000 Sz=  0.000000 S2=  2.000000 Doublon=  0.723915 
i=    9 Energy= -7.534145 N=  8.000000 Sz= -0.000000 S2=  2.000000 Doublon=  1.016541 
i=   10 Energy= -7.534145 N=  8.000000 Sz=  0.000000 S2=  2.000000 Doublon=  1.016541 
i=   11 Energy= -7.440689 N=  8.000000 Sz= -0.000000 S2= -0.000000 Doublon=  0.794104 
i=   12 Energy= -7.317358 N=  8.000000 Sz= -0.000000 S2= -0.000000 Doublon=  0.661779 
i=   13 Energy= -7.284504 N=  8.000000 Sz= -0.000000 S2=  2.000000 Doublon=  0.821498 
i=   14 Energy= -6.964245 N=  8.000000 Sz=  0.000000 S2= -0.000000 Doublon=  1.042401 
i=   15 Energy= -6.794234 N=  8.000000 Sz= -0.000000 S2=  2.000000 Doublon=  1.043745 
i=   16 Energy= -6.759400 N=  8.000000 Sz= -0.000000 S2=  2.000000 Doublon=  0.933552 
i=   17 Energy= -6.660117 N=  8.000000 Sz=  0.000000 S2= -0.000000 Doublon=  1.000000 
i=   18 Energy= -6.603140 N=  8.000000 Sz=  0.000000 S2=  2.000000 Doublon=  0.501977 
i=   19 Energy= -6.603140 N=  8.000000 Sz=  0.000000 S2=  2.000000 Doublon=  0.501977 
i=   20 Energy= -6.513591 N=  8.000000 Sz= -0.000000 S2= -0.000000 Doublon=  1.021722 
i=   21 Energy= -6.513591 N=  8.000000 Sz= -0.000000 S2= -0.000000 Doublon=  1.021722 
i=   22 Energy= -6.339308 N=  8.000000 Sz= -0.000000 S2=  2.000000 Doublon=  1.012826 
i=   23 Energy= -6.136865 N=  8.000000 Sz=  0.000000 S2=  6.000000 Doublon=  0.456953 
i=   24 Energy= -5.997486 N=  8.000000 Sz= -0.000000 S2= -0.000000 Doublon=  0.872564 
i=   25 Energy= -5.997486 N=  8.000000 Sz= -0.000000 S2=  0.000000 Doublon=  0.872564 
i=   26 Energy= -5.987557 N=  8.000000 Sz=  0.000000 S2=  6.000000 Doublon=  0.554530 
i=   27 Energy= -5.752967 N=  8.000000 Sz= -0.000000 S2=  2.000000 Doublon=  1.012791 
i=   28 Energy= -5.752967 N=  8.000000 Sz= -0.000000 S2=  2.000000 Doublon=  1.012791 
i=   29 Energy= -5.715289 N=  8.000000 Sz=  0.000000 S2= -0.000000 Doublon=  0.654700 
i=   30 Energy= -5.622887 N=  8.000000 Sz= -0.000000 S2=  2.000000 Doublon=  0.602277 
i=   31 Energy= -5.622887 N=  8.000000 Sz= -0.000000 S2=  2.000000 Doublon=  0.602277 
i=   32 Energy= -5.311889 N=  8.000000 Sz= -0.000000 S2=  6.000000 Doublon=  0.592446 
i=   33 Energy= -5.236068 N=  8.000000 Sz= -0.000000 S2=  0.000000 Doublon=  0.276393 
i=   34 Energy= -5.197062 N=  8.000000 Sz= -0.000000 S2=  2.000000 Doublon=  0.554817 
i=   35 Energy= -5.116904 N=  8.000000 Sz=  0.000000 S2=  6.000000 Doublon=  0.375186 
i=   36 Energy= -5.116904 N=  8.000000 Sz= -0.000000 S2=  6.000000 Doublon=  0.375186 
i=   37 Energy= -5.017696 N=  8.000000 Sz=  0.000000 S2=  0.000000 Doublon=  1.000243 
i=   38 Energy= -4.926754 N=  8.000000 Sz=  0.000000 S2=  6.000000 Doublon=  1.131683 
i=   39 Energy= -4.893983 N=  8.000000 Sz= -0.000000 S2=  0.000000 Doublon=  0.835728 
i=   40 Energy= -4.821263 N=  8.000000 Sz=  0.000000 S2=  2.000000 Doublon=  0.954334 
i=   41 Energy= -4.600428 N=  8.000000 Sz= -0.000000 S2=  2.000000 Doublon=  0.689776 
i=   42 Energy= -4.600428 N=  8.000000 Sz= -0.000000 S2=  2.000000 Doublon=  0.689776 
i=   43 Energy= -4.282833 N=  8.000000 Sz=  0.000000 S2=  2.000000 Doublon=  0.578287 
i=   44 Energy= -4.273002 N=  8.000000 Sz=  0.000000 S2=  2.000000 Doublon=  1.113820 
i=   45 Energy= -4.273002 N=  8.000000 Sz=  0.000000 S2=  2.000000 Doublon=  1.113820 
i=   46 Energy= -4.167948 N=  8.000000 Sz=  0.000000 S2=  0.000000 Doublon=  0.581366 
i=   47 Energy= -4.167948 N=  8.000000 Sz=  0.000000 S2=  0.000000 Doublon=  0.581366 
i=   48 Energy= -4.143470 N=  8.000000 Sz=  0.000000 S2=  6.000000 Doublon=  0.044393 
i=   49 Energy= -4.082316 N=  8.000000 Sz=  0.000000 S2=  2.000000 Doublon=  0.808160 
i=   50 Energy= -4.082316 N=  8.000000 Sz=  0.000000 S2=  2.000000 Doublon=  0.808160 
i=   51 Energy= -4.063203 N=  8.000000 Sz= -0.000000 S2=  2.000000 Doublon=  0.541185 
i=   52 Energy= -4.028899 N=  8.000000 Sz=  0.000000 S2=  6.000000 Doublon=  0.763387 
i=   53 Energy= -4.028899 N=  8.000000 Sz=  0.000000 S2=  6.000000 Doublon=  0.763387 
i=   54 Energy= -3.875984 N=  8.000000 Sz= -0.000000 S2=  2.000000 Doublon=  1.020547 
i=   55 Energy= -3.855371 N=  8.000000 Sz=  0.000000 S2=  0.000000 Doublon=  0.442521 
i=   56 Energy= -3.817743 N=  8.000000 Sz=  0.000000 S2=  2.000000 Doublon=  1.168222 
i=   57 Energy= -3.746388 N=  8.000000 Sz= -0.000000 S2=  6.000000 Doublon=  1.006252 
i=   58 Energy= -3.746388 N=  8.000000 Sz= -0.000000 S2=  6.000000 Doublon=  1.006252 
i=   59 Energy= -3.736332 N=  8.000000 Sz= -0.000000 S2=  2.000000 Doublon=  0.801140 
i=   60 Energy= -3.665060 N=  8.000000 Sz=  0.000000 S2=  2.000000 Doublon=  0.864654 
i=   61 Energy= -3.603875 N=  8.000000 Sz=  0.000000 S2=  0.000000 Doublon=  1.000000 
i=   62 Energy= -3.525428 N=  8.000000 Sz=  0.000000 S2=  2.000000 Doublon=  1.039740 
i=   63 Energy= -3.440745 N=  8.000000 Sz= -0.000000 S2=  2.000000 Doublon=  0.816281 
i=   64 Energy= -3.440745 N=  8.000000 Sz= -0.000000 S2=  2.000000 Doublon=  0.816281 
i=   65 Energy= -3.421890 N=  8.000000 Sz= -0.000000 S2=  2.000000 Doublon=  0.901814 
i=   66 Energy= -3.336415 N=  8.000000 Sz=  0.000000 S2=  6.000000 Doublon=  0.787017 
i=   67 Energy= -3.293613 N=  8.000000 Sz= -0.000000 S2=  6.000000 Doublon=  0.473028 
i=   68 Energy= -3.256618 N=  8.000000 Sz=  0.000000 S2=  0.000000 Doublon=  1.121654 
i=   69 Energy= -3.256618 N=  8.000000 Sz= -0.000000 S2=  0.000000 Doublon=  1.121654 
i=   70 Energy= -3.236068 N=  8.000000 Sz=  0.000000 S2=  0.000000 Doublon=  0.723607 
i=   71 Energy= -3.145939 N=  8.000000 Sz=  0.000000 S2=  0.000000 Doublon=  1.326090 
i=   72 Energy= -3.143282 N=  8.000000 Sz=  0.000000 S2=  2.000000 Doublon=  0.813877 
i=   73 Energy= -3.133837 N=  8.000000 Sz=  0.000000 S2= -0.000000 Doublon=  1.158850 
i=   74 Energy= -3.097811 N=  8.000000 Sz=  0.000000 S2= -0.000000 Doublon=  0.703431 
i=   75 Energy= -3.097811 N=  8.000000 Sz= -0.000000 S2= -0.000000 Doublon=  0.703431 
i=   76 Energy= -3.068944 N=  8.000000 Sz=  0.000000 S2=  2.000000 Doublon=  1.020696 
i=   77 Energy= -3.016971 N=  8.000000 Sz=  0.000000 S2=  2.000000 Doublon=  0.539692 
i=   78 Energy= -3.016971 N=  8.000000 Sz= -0.000000 S2=  2.000000 Doublon=  0.539692 
i=   79 Energy= -2.997291 N=  8.000000 Sz= -0.000000 S2=  0.000000 Doublon=  0.783162 
i=   80 Energy= -2.974312 N=  8.000000 Sz=  0.000000 S2=  6.000000 Doublon=  1.000000 
i=   81 Energy= -2.954735 N=  8.000000 Sz=  0.000000 S2=  2.000000 Doublon=  1.065648 
i=   82 Energy= -2.954735 N=  8.000000 Sz= -0.000000 S2=  2.000000 Doublon=  1.065648 
i=   83 Energy= -2.926932 N=  8.000000 Sz=  0.000000 S2=  6.000000 Doublon=  1.198024 
i=   84 Energy= -2.926932 N=  8.000000 Sz=  0.000000 S2=  6.000000 Doublon=  1.198024 
i=   85 Energy= -2.775358 N=  8.000000 Sz=  0.000000 S2=  0.000000 Doublon=  0.482701 
i=   86 Energy= -2.758844 N=  8.000000 Sz=  0.000000 S2=  2.000000 Doublon=  0.834762 
i=   87 Energy= -2.752702 N=  8.000000 Sz=  0.000000 S2=  6.000000 Doublon=  0.880236 
i=   88 Energy= -2.736136 N=  8.000000 Sz= -0.000000 S2=  2.000000 Doublon=  0.764958 
i=   89 Energy= -2.683227 N=  8.000000 Sz= -0.000000 S2=  2.000000 Doublon=  1.116431 
i=   90 Energy= -2.683227 N=  8.000000 Sz= -0.000000 S2=  2.000000 Doublon=  1.116431 
i=   91 Energy= -2.654250 N=  8.000000 Sz=  0.000000 S2=  2.000000 Doublon=  1.223232 
i=   92 Energy= -2.630898 N=  8.000000 Sz= -0.000000 S2=  2.000000 Doublon=  1.203058 
i=   93 Energy= -2.576484 N=  8.000000 Sz= -0.000000 S2=  2.000000 Doublon=  1.045911 
i=   94 Energy= -2.534070 N=  8.000000 Sz= -0.000000 S2=  6.000000 Doublon=  0.785032 
i=   95 Energy= -2.496560 N=  8.000000 Sz= -0.000000 S2=  2.000000 Doublon=  1.112163 
i=   96 Energy= -2.473216 N=  8.000000 Sz= -0.000000 S2=  0.000000 Doublon=  0.918760 
i=   97 Energy= -2.473216 N=  8.000000 Sz= -0.000000 S2= -0.000000 Doublon=  0.918760 
i=   98 Energy= -2.470804 N=  8.000000 Sz= -0.000000 S2=  2.000000 Doublon=  1.169299 
i=   99 Energy= -2.408627 N=  8.000000 Sz= -0.000000 S2=  6.000000 Doublon=  0.630454 
i=  100 Energy= -2.279452 N=  8.000000 Sz=  0.000000 S2=  6.000000 Doublon=  1.000000 
i=  101 Energy= -2.279452 N=  8.000000 Sz=  0.000000 S2=  6.000000 Doublon=  1.000000 
i=  102 Energy= -2.271558 N=  8.000000 Sz= -0.000000 S2= 12.000000 Doublon=  0.621268 
i=  103 Energy= -2.170656 N=  8.000000 Sz= -0.000000 S2=  2.000000 Doublon=  0.946338 
i=  104 Energy= -2.170656 N=  8.000000 Sz=  0.000000 S2=  2.000000 Doublon=  0.946338 
i=  105 Energy= -2.132694 N=  8.000000 Sz= -0.000000 S2=  2.000000 Doublon=  1.063700 
i=  106 Energy= -2.132694 N=  8.000000 Sz= -0.000000 S2=  2.000000 Doublon=  1.063700 
i=  107 Energy= -2.103222 N=  8.000000 Sz=  0.000000 S2=  6.000000 Doublon=  0.599506 
i=  108 Energy= -2.103222 N=  8.000000 Sz= -0.000000 S2=  6.000000 Doublon=  0.599506 
i=  109 Energy= -2.097075 N=  8.000000 Sz= -0.000000 S2=  0.000000 Doublon=  1.096149 
i=  110 Energy= -2.000000 N=  8.000000 Sz= -0.000000 S2= -0.000000 Doublon=  1.164718 
i=  111 Energy= -2.000000 N=  8.000000 Sz=  0.000000 S2=  0.000000 Doublon=  1.088808 
i=  112 Energy= -2.000000 N=  8.000000 Sz=  0.000000 S2=  0.000000 Doublon=  1.178300 
i=  113 Energy= -2.000000 N=  8.000000 Sz= -0.000000 S2=  0.000000 Doublon=  1.070714 
i=  114 Energy= -2.000000 N=  8.000000 Sz=  0.000000 S2=  0.000000 Doublon=  1.035115 
i=  115 Energy= -2.000000 N=  8.000000 Sz= -0.000000 S2= -0.000000 Doublon=  1.033775 
i=  116 Energy= -1.776331 N=  8.000000 Sz=  0.000000 S2=  2.000000 Doublon=  0.732785 
i=  117 Energy= -1.776331 N=  8.000000 Sz=  0.000000 S2=  2.000000 Doublon=  0.732785 
i=  118 Energy= -1.718861 N=  8.000000 Sz= -0.000000 S2= -0.000000 Doublon=  1.351085 
i=  119 Energy= -1.683326 N=  8.000000 Sz= -0.000000 S2=  2.000000 Doublon=  1.094973 
i=  120 Energy= -1.683326 N=  8.000000 Sz= -0.000000 S2=  2.000000 Doublon=  1.094973 
i=  121 Energy= -1.653772 N=  8.000000 Sz= -0.000000 S2=  6.000000 Doublon=  1.306935 
i=  122 Energy= -1.643222 N=  8.000000 Sz= -0.000000 S2=  6.000000 Doublon=  0.623842 
i=  123 Energy= -1.643222 N=  8.000000 Sz= -0.000000 S2=  6.000000 Doublon=  0.623842 
i=  124 Energy= -1.596721 N=  8.000000 Sz=  0.000000 S2= -0.000000 Doublon=  1.000000 
i=  125 Energy= -1.573506 N=  8.000000 Sz= -0.000000 S2=  2.000000 Doublon=  0.821579 
i=  126 Energy= -1.565481 N=  8.000000 Sz=  0.000000 S2=  2.000000 Doublon=  0.948223 
i=  127 Energy= -1.565481 N=  8.000000 Sz=  0.000000 S2=  2.000000 Doublon=  0.948223 
i=  128 Energy= -1.540967 N=  8.000000 Sz=  0.000000 S2=  2.000000 Doublon=  0.765893 
i=  129 Energy= -1.503379 N=  8.000000 Sz= -0.000000 S2=  6.000000 Doublon=  1.000000 
i=  130 Energy= -1.457827 N=  8.000000 Sz=  0.000000 S2=  2.000000 Doublon=  0.702288 
i=  131 Energy= -1.396045 N=  8.000000 Sz= -0.000000 S2=  2.000000 Doublon=  0.971393 
i=  132 Energy= -1.305496 N=  8.000000 Sz= -0.000000 S2=  2.000000 Doublon=  1.183235 
i=  133 Energy= -1.305496 N=  8.000000 Sz= -0.000000 S2=  2.000000 Doublon=  1.183235 
i=  134 Energy= -1.267048 N=  8.000000 Sz=  0.000000 S2=  2.000000 Doublon=  1.372520 
i=  135 Energy= -1.236068 N=  8.000000 Sz=  0.000000 S2=  2.000000 Doublon=  1.063075 
i=  136 Energy= -1.214559 N=  8.000000 Sz=  0.000000 S2=  2.000000 Doublon=  1.013728 
i=  137 Energy= -1.171136 N=  8.000000 Sz= -0.000000 S2=  6.000000 Doublon=  1.151760 
i=  138 Energy= -1.171136 N=  8.000000 Sz=  0.000000 S2=  6.000000 Doublon=  1.151760 
i=  139 Energy= -1.129050 N=  8.000000 Sz= -0.000000 S2=  2.000000 Doublon=  1.258872 
i=  140 Energy= -1.116050 N=  8.000000 Sz= -0.000000 S2=  6.000000 Doublon=  0.862964 
i=  141 Energy= -1.116050 N=  8.000000 Sz= -0.000000 S2=  6.000000 Doublon=  0.862964 
i=  142 Energy= -1.060027 N=  8.000000 Sz=  0.000000 S2= -0.000000 Doublon=  1.292276 
i=  143 Energy= -0.965579 N=  8.000000 Sz=  0.000000 S2=  2.000000 Doublon=  1.166753 
i=  144 Energy= -0.890084 N=  8.000000 Sz=  0.000000 S2=  0.000000 Doublon=  1.000000 
i=  145 Energy= -0.852770 N=  8.000000 Sz=  0.000000 S2=  6.000000 Doublon=  0.502849 
i=  146 Energy= -0.834923 N=  8.000000 Sz=  0.000000 S2= -0.000000 Doublon=  0.752681 
i=  147 Energy= -0.834923 N=  8.000000 Sz= -0.000000 S2=  0.000000 Doublon=  0.752681 
i=  148 Energy= -0.828427 N=  8.000000 Sz= -0.000000 S2= 12.000000 Doublon=  0.250000 
i=  149 Energy= -0.828427 N=  8.000000 Sz= -0.000000 S2= 12.000000 Doublon=  0.250000 
i=  150 Energy= -0.776562 N=  8.000000 Sz=  0.000000 S2=  2.000000 Doublon=  0.870681 
i=  151 Energy= -0.766292 N=  8.000000 Sz= -0.000000 S2=  2.000000 Doublon=  1.164510 
i=  152 Energy= -0.766292 N=  8.000000 Sz= -0.000000 S2=  2.000000 Doublon=  1.164510 
i=  153 Energy= -0.763932 N=  8.000000 Sz= -0.000000 S2=  0.000000 Doublon=  0.723607 
i=  154 Energy= -0.731510 N=  8.000000 Sz= -0.000000 S2=  2.000000 Doublon=  1.326360 
i=  155 Energy= -0.731510 N=  8.000000 Sz=  0.000000 S2=  2.000000 Doublon=  1.326360 
i=  156 Energy= -0.723270 N=  8.000000 Sz= -0.000000 S2= -0.000000 Doublon=  1.670065 
i=  157 Energy= -0.723270 N=  8.000000 Sz=  0.000000 S2= -0.000000 Doublon=  1.670065 
i=  158 Energy= -0.702898 N=  8.000000 Sz= -0.000000 S2=  2.000000 Doublon=  0.674845 
i=  159 Energy= -0.632486 N=  8.000000 Sz= -0.000000 S2= -0.000000 Doublon=  1.420672 
i=  160 Energy= -0.588882 N=  8.000000 Sz= -0.000000 S2=  2.000000 Doublon=  0.706636 
i=  161 Energy= -0.517304 N=  8.000000 Sz= -0.000000 S2=  6.000000 Doublon=  0.481409 
i=  162 Energy= -0.509143 N=  8.000000 Sz=  0.000000 S2=  6.000000 Doublon=  0.844431 
i=  163 Energy= -0.304201 N=  8.000000 Sz=  0.000000 S2=  2.000000 Doublon=  1.531507 
i=  164 Energy= -0.275596 N=  8.000000 Sz= -0.000000 S2= -0.000000 Doublon=  1.053043 
i=  165 Energy= -0.239644 N=  8.000000 Sz=  0.000000 S2=  2.000000 Doublon=  0.619072 
i=  166 Energy= -0.239644 N=  8.000000 Sz= -0.000000 S2=  2.000000 Doublon=  0.619072 
i=  167 Energy= -0.118474 N=  8.000000 Sz=  0.000000 S2=  2.000000 Doublon=  0.958603 
i=  168 Energy= -0.088533 N=  8.000000 Sz= -0.000000 S2=  2.000000 Doublon=  0.874097 
i=  169 Energy= -0.088533 N=  8.000000 Sz= -0.000000 S2=  2.000000 Doublon=  0.874097 
i=  170 Energy=  0.000000 N=  8.000000 Sz=  0.000000 S2=  6.539407 Doublon=  1.077290 
i=  171 Energy= -0.000000 N=  8.000000 Sz=  0.000000 S2=  3.914414 Doublon=  1.281446 
i=  172 Energy=  0.000000 N=  8.000000 Sz=  0.000000 S2=  4.369251 Doublon=  1.353378 
i=  173 Energy= -0.000000 N=  8.000000 Sz=  0.000000 S2=  4.531078 Doublon=  1.310253 
i=  174 Energy= -0.000000 N=  8.000000 Sz=  0.000000 S2=  3.080391 Doublon=  1.439716 
i=  175 Energy= -0.000000 N=  8.000000 Sz= -0.000000 S2=  5.910260 Doublon=  1.175646 
i=  176 Energy=  0.000000 N=  8.000000 Sz= -0.000000 S2=  3.166843 Doublon=  1.193094 
i=  177 Energy=  0.000000 N=  8.000000 Sz=  0.000000 S2=  2.351018 Doublon=  1.724919 
i=  178 Energy=  0.000000 N=  8.000000 Sz= -0.000000 S2=  5.250652 Doublon=  1.438131 
i=  179 Energy=  0.000000 N=  8.000000 Sz=  0.000000 S2=  5.268776 Doublon=  1.212256 
i=  180 Energy=  0.000000 N=  8.000000 Sz= -0.000000 S2=  3.188410 Doublon=  1.366107 
i=  181 Energy= -0.000000 N=  8.000000 Sz=  0.000000 S2=  4.989723 Doublon=  1.149910 
i=  182 Energy= -0.000000 N=  8.000000 Sz=  0.000000 S2=  7.194151 Doublon=  1.152844 
i=  183 Energy= -0.000000 N=  8.000000 Sz=  0.000000 S2=  4.025992 Doublon=  1.586752 
i=  184 Energy= -0.000000 N=  8.000000 Sz= -0.000000 S2=  3.023901 Doublon=  1.415021 
i=  185 Energy=  0.000000 N=  8.000000 Sz= -0.000000 S2=  5.380447 Doublon=  1.131434 
i=  186 Energy=  0.000000 N=  8.000000 Sz= -0.000000 S2=  3.051364 Doublon=  1.439486 
i=  187 Energy=  0.000000 N=  8.000000 Sz= -0.000000 S2=  4.527318 Doublon=  1.254858 
i=  188 Energy=  0.000000 N=  8.000000 Sz=  0.000000 S2=  5.828238 Doublon=  1.006713 
i=  189 Energy=  0.000000 N=  8.000000 Sz=  0.000000 S2=  4.408367 Doublon=  1.487571 
i=  190 Energy=  0.102571 N=  8.000000 Sz=  0.000000 S2=  0.000000 Doublon=  0.780799 
i=  191 Energy=  0.102571 N=  8.000000 Sz= -0.000000 S2= -0.000000 Doublon=  0.780799 
i=  192 Energy=  0.343082 N=  8.000000 Sz= -0.000000 S2=  2.000000 Doublon=  1.170782 
i=  193 Energy=  0.343082 N=  8.000000 Sz=  0.000000 S2=  2.000000 Doublon=  1.170782 
i=  194 Energy=  0.346968 N=  8.000000 Sz= -0.000000 S2=  6.000000 Doublon=  0.694894 
i=  195 Energy=  0.395816 N=  8.000000 Sz= -0.000000 S2=  2.000000 Doublon=  0.629668 
i=  196 Energy=  0.437686 N=  8.000000 Sz= -0.000000 S2=  6.000000 Doublon=  0.780917 
i=  197 Energy=  0.444027 N=  8.000000 Sz= -0.000000 S2=  0.000000 Doublon=  0.864336 
i=  198 Energy=  0.444027 N=  8.000000 Sz= -0.000000 S2= -0.000000 Doublon=  0.864336 
i=  199 Energy=  0.458835 N=  8.000000 Sz= -0.000000 S2= -0.000000 Doublon=  1.438873 
i=  200 Energy=  0.458835 N=  8.000000 Sz= -0.000000 S2= -0.000000 Doublon=  1.438873 
i=  201 Energy=  0.459363 N=  8.000000 Sz=  0.000000 S2=  6.000000 Doublon=  1.000000 
i=  202 Energy=  0.459363 N=  8.000000 Sz=  0.000000 S2=  6.000000 Doublon=  1.000000 
i=  203 Energy=  0.489734 N=  8.000000 Sz=  0.000000 S2=  2.000000 Doublon=  1.039572 
i=  204 Energy=  0.506109 N=  8.000000 Sz=  0.000000 S2=  2.000000 Doublon=  0.610979 
i=  205 Energy=  0.506109 N=  8.000000 Sz= -0.000000 S2=  2.000000 Doublon=  0.610979 
i=  206 Energy=  0.546032 N=  8.000000 Sz=  0.000000 S2=  2.000000 Doublon=  1.376758 
i=  207 Energy=  0.561224 N=  8.000000 Sz=  0.000000 S2=  6.000000 Doublon=  0.499028 
i=  208 Energy=  0.561224 N=  8.000000 Sz= -0.000000 S2=  6.000000 Doublon=  0.499028 
i=  209 Energy=  0.675693 N=  8.000000 Sz=  0.000000 S2= 12.000000 Doublon=  0.378732 
i=  210 Energy=  0.691015 N=  8.000000 Sz=  0.000000 S2=  2.000000 Doublon=  0.866289 
i=  211 Energy=  0.790742 N=  8.000000 Sz=  0.000000 S2=  6.000000 Doublon=  0.594363 
i=  212 Energy=  0.790742 N=  8.000000 Sz= -0.000000 S2=  6.000000 Doublon=  0.594363 
i=  213 Energy=  0.813042 N=  8.000000 Sz= -0.000000 S2=  2.000000 Doublon=  0.649839 
i=  214 Energy=  0.862604 N=  8.000000 Sz= -0.000000 S2=  6.000000 Doublon=  1.349536 
i=  215 Energy=  0.939835 N=  8.000000 Sz= -0.000000 S2=  2.000000 Doublon=  1.224192 
i=  216 Energy=  0.958583 N=  8.000000 Sz=  0.000000 S2=  2.000000 Doublon=  0.880011 
i=  217 Energy=  0.958583 N=  8.000000 Sz=  0.000000 S2=  2.000000 Doublon=  0.880011 
i=  218 Energy=  1.003622 N=  8.000000 Sz= -0.000000 S2=  2.000000 Doublon=  0.418042 
i=  219 Energy=  1.024367 N=  8.000000 Sz=  0.000000 S2=  0.000000 Doublon=  1.176232 
i=  220 Energy=  1.039730 N=  8.000000 Sz= -0.000000 S2=  2.000000 Doublon=  1.349197 
i=  221 Energy=  1.039730 N=  8.000000 Sz=  0.000000 S2=  2.000000 Doublon=  1.349197 
i=  222 Energy=  1.041253 N=  8.000000 Sz=  0.000000 S2=  6.000000 Doublon=  1.000000 
i=  223 Energy=  1.060203 N=  8.000000 Sz=  0.000000 S2=  6.000000 Doublon=  1.101239 
i=  224 Energy=  1.060203 N=  8.000000 Sz= -0.000000 S2=  6.000000 Doublon=  1.101239 
i=  225 Energy=  1.095186 N=  8.000000 Sz=  0.000000 S2=  0.000000 Doublon=  1.483027 
i=  226 Energy=  1.101577 N=  8.000000 Sz=  0.000000 S2=  0.000000 Doublon=  0.765657 
i=  227 Energy=  1.236068 N=  8.000000 Sz= -0.000000 S2=  0.000000 Doublon=  0.276393 
i=  228 Energy=  1.279467 N=  8.000000 Sz=  0.000000 S2=  2.000000 Doublon=  1.050843 
i=  229 Energy=  1.279467 N=  8.000000 Sz=  0.000000 S2=  2.000000 Doublon=  1.050843 
i=  230 Energy=  1.344706 N=  8.000000 Sz=  0.000000 S2=  6.000000 Doublon=  0.697562 
i=  231 Energy=  1.387406 N=  8.000000 Sz= -0.000000 S2=  2.000000 Doublon=  0.795942 
i=  232 Energy=  1.387406 N=  8.000000 Sz=  0.000000 S2=  2.000000 Doublon=  0.795942 
i=  233 Energy=  1.482755 N=  8.000000 Sz= -0.000000 S2=  0.000000 Doublon=  1.182537 
i=  234 Energy=  1.510532 N=  8.000000 Sz= -0.000000 S2=  6.000000 Doublon=  0.729801 
i=  235 Energy=  1.510532 N=  8.000000 Sz= -0.000000 S2=  6.000000 Doublon=  0.729801 
i=  236 Energy=  1.550006 N=  8.000000 Sz=  0.000000 S2=  2.000000 Doublon=  0.623475 
i=  237 Energy=  1.690891 N=  8.000000 Sz=  0.000000 S2=  6.000000 Doublon=  0.854979 
i=  238 Energy=  1.758261 N=  8.000000 Sz=  0.000000 S2=  2.000000 Doublon=  1.076423 
i=  239 Energy=  1.758261 N=  8.000000 Sz=  0.000000 S2=  2.000000 Doublon=  1.076423 
i=  240 Energy=  1.829693 N=  8.000000 Sz=  0.000000 S2=  2.000000 Doublon=  0.664349 
i=  241 Energy=  1.831324 N=  8.000000 Sz=  0.000000 S2=  2.000000 Doublon=  0.706415 
i=  242 Energy=  1.876126 N=  8.000000 Sz=  0.000000 S2=  2.000000 Doublon=  0.758589 
i=  243 Energy=  2.000000 N=  8.000000 Sz=  0.000000 S2=  8.396386 Doublon=  0.920302 
i=  244 Energy=  2.000000 N=  8.000000 Sz= -0.000000 S2= 11.939514 Doublon=  0.700322 
i=  245 Energy=  2.000000 N=  8.000000 Sz=  0.000000 S2=  5.711913 Doublon=  0.973928 
i=  246 Energy=  2.000000 N=  8.000000 Sz=  0.000000 S2=  9.613803 Doublon=  0.896971 
i=  247 Energy=  2.000000 N=  8.000000 Sz= -0.000000 S2= 10.942629 Doublon=  0.970543 
i=  248 Energy=  2.000000 N=  8.000000 Sz=  0.000000 S2=  7.181577 Doublon=  0.784846 
i=  249 Energy=  2.000000 N=  8.000000 Sz= -0.000000 S2= 11.186783 Doublon=  0.936410 
i=  250 Energy=  2.000000 N=  8.000000 Sz=  0.000000 S2=  7.831810 Doublon=  0.837052 
i=  251 Energy=  2.000000 N=  8.000000 Sz=  0.000000 S2=  7.195583 Doublon=  0.979626 
i=  252 Energy=  2.038155 N=  8.000000 Sz=  0.000000 S2=  2.000000 Doublon=  0.617967 
i=  253 Energy=  2.038155 N=  8.000000 Sz= -0.000000 S2=  2.000000 Doublon=  0.617967 
i=  254 Energy=  2.156325 N=  8.000000 Sz= -0.000000 S2=  2.000000 Doublon=  1.184788 
i=  255 Energy=  2.256838 N=  8.000000 Sz=  0.000000 S2=  0.000000 Doublon=  1.000000 
i=  256 Energy=  2.259088 N=  8.000000 Sz= -0.000000 S2= -0.000000 Doublon=  0.750328 
i=  257 Energy=  2.301553 N=  8.000000 Sz=  0.000000 S2=  0.000000 Doublon=  0.783131 
i=  258 Energy=  2.301553 N=  8.000000 Sz= -0.000000 S2=  0.000000 Doublon=  0.783131 
i=  259 Energy=  2.308286 N=  8.000000 Sz=  0.000000 S2=  6.000000 Doublon=  1.007518 
i=  260 Energy=  2.308286 N=  8.000000 Sz=  0.000000 S2=  6.000000 Doublon=  1.007518 
i=  261 Energy=  2.317285 N=  8.000000 Sz=  0.000000 S2=  6.000000 Doublon=  0.830952 
i=  262 Energy=  2.317285 N=  8.000000 Sz= -0.000000 S2=  6.000000 Doublon=  0.830952 
i=  263 Energy=  2.421431 N=  8.000000 Sz= -0.000000 S2=  2.000000 Doublon=  1.015119 
i=  264 Energy=  2.473452 N=  8.000000 Sz=  0.000000 S2=  6.000000 Doublon=  0.561442 
i=  265 Energy=  2.493959 N=  8.000000 Sz=  0.000000 S2= -0.000000 Doublon=  1.000000 
i=  266 Energy=  2.530978 N=  8.000000 Sz= -0.000000 S2=  2.000000 Doublon=  0.830127 
i=  267 Energy=  2.664122 N=  8.000000 Sz= -0.000000 S2=  6.000000 Doublon=  0.908000 
i=  268 Energy=  2.664122 N=  8.000000 Sz=  0.000000 S2=  6.000000 Doublon=  0.908000 
i=  269 Energy=  2.680697 N=  8.000000 Sz= -0.000000 S2=  2.000000 Doublon=  0.950559 
i=  270 Energy=  2.688071 N=  8.000000 Sz=  0.000000 S2=  6.000000 Doublon=  1.213552 
i=  271 Energy=  2.688071 N=  8.000000 Sz= -0.000000 S2=  6.000000 Doublon=  1.213552 
i=  272 Energy=  2.697995 N=  8.000000 Sz=  0.000000 S2=  2.000000 Doublon=  1.102680 
i=  273 Energy=  2.714319 N=  8.000000 Sz=  0.000000 S2=  2.000000 Doublon=  0.731901 
i=  274 Energy=  2.714319 N=  8.000000 Sz= -0.000000 S2=  2.000000 Doublon=  0.731901 
i=  275 Energy=  2.726995 N=  8.000000 Sz= -0.000000 S2=  0.000000 Doublon=  1.056117 
i=  276 Energy=  2.748807 N=  8.000000 Sz=  0.000000 S2=  6.000000 Doublon=  1.089098 
i=  277 Energy=  2.804347 N=  8.000000 Sz= -0.000000 S2= -0.000000 Doublon=  0.978386 
i=  278 Energy=  2.870625 N=  8.000000 Sz=  0.000000 S2=  2.000000 Doublon=  1.167821 
i=  279 Energy=  2.870625 N=  8.000000 Sz=  0.000000 S2=  2.000000 Doublon=  1.167821 
i=  280 Energy=  2.904496 N=  8.000000 Sz= -0.000000 S2= -0.000000 Doublon=  1.237851 
i=  281 Energy=  2.904496 N=  8.000000 Sz= -0.000000 S2= -0.000000 Doublon=  1.237851 
i=  282 Energy=  2.949781 N=  8.000000 Sz=  0.000000 S2=  2.000000 Doublon=  1.212709 
i=  283 Energy=  2.971596 N=  8.000000 Sz=  0.000000 S2=  2.000000 Doublon=  1.216279 
i=  284 Energy=  2.976384 N=  8.000000 Sz= -0.000000 S2=  2.000000 Doublon=  1.236824 
i=  285 Energy=  2.994451 N=  8.000000 Sz=  0.000000 S2=  6.000000 Doublon=  0.709273 
i=  286 Energy=  3.051374 N=  8.000000 Sz=  0.000000 S2=  6.000000 Doublon=  0.733559 
i=  287 Energy=  3.129356 N=  8.000000 Sz=  0.000000 S2=  6.000000 Doublon=  0.699939 
i=  288 Energy=  3.129571 N=  8.000000 Sz= -0.000000 S2=  2.000000 Doublon=  1.025740 
i=  289 Energy=  3.129571 N=  8.000000 Sz= -0.000000 S2=  2.000000 Doublon=  1.025740 
i=  290 Energy=  3.130148 N=  8.000000 Sz=  0.000000 S2= -0.000000 Doublon=  1.224120 
i=  291 Energy=  3.130148 N=  8.000000 Sz=  0.000000 S2= -0.000000 Doublon=  1.224120 
i=  292 Energy=  3.236068 N=  8.000000 Sz= -0.000000 S2=  2.000000 Doublon=  1.109339 
i=  293 Energy=  3.324307 N=  8.000000 Sz= -0.000000 S2= 12.000000 Doublon=  0.378732 
i=  294 Energy=  3.349639 N=  8.000000 Sz=  0.000000 S2=  2.000000 Doublon=  0.955949 
i=  295 Energy=  3.395169 N=  8.000000 Sz= -0.000000 S2=  2.000000 Doublon=  0.869175 
i=  296 Energy=  3.431076 N=  8.000000 Sz= -0.000000 S2= -0.000000 Doublon=  0.957523 
i=  297 Energy=  3.431076 N=  8.000000 Sz= -0.000000 S2= -0.000000 Doublon=  0.957523 
i=  298 Energy=  3.436439 N=  8.000000 Sz=  0.000000 S2=  6.000000 Doublon=  1.000000 
i=  299 Energy=  3.563435 N=  8.000000 Sz= -0.000000 S2=  6.000000 Doublon=  0.927539 
i=  300 Energy=  3.564731 N=  8.000000 Sz=  0.000000 S2=  2.000000 Doublon=  1.038725 
i=  301 Energy=  3.564731 N=  8.000000 Sz=  0.000000 S2=  2.000000 Doublon=  1.038725 
i=  302 Energy=  3.581546 N=  8.000000 Sz= -0.000000 S2=  2.000000 Doublon=  0.926286 
i=  303 Energy=  3.630028 N=  8.000000 Sz=  0.000000 S2=  2.000000 Doublon=  0.838807 
i=  304 Energy=  3.630028 N=  8.000000 Sz=  0.000000 S2=  2.000000 Doublon=  0.838807 
i=  305 Energy=  3.787895 N=  8.000000 Sz= -0.000000 S2=  6.000000 Doublon=  1.021656 
i=  306 Energy=  3.787895 N=  8.000000 Sz= -0.000000 S2=  6.000000 Doublon=  1.021656 
i=  307 Energy=  3.820089 N=  8.000000 Sz=  0.000000 S2=  6.000000 Doublon=  1.000000 
i=  308 Energy=  3.820089 N=  8.000000 Sz=  0.000000 S2=  6.000000 Doublon=  1.000000 
i=  309 Energy=  4.000000 N=  8.000000 Sz=  0.000000 S2= 16.572181 Doublon=  0.428477 
i=  310 Energy=  4.000000 N=  8.000000 Sz= -0.000000 S2= 12.776725 Doublon=  0.902909 
i=  311 Energy=  4.000000 N=  8.000000 Sz= -0.000000 S2= 14.651094 Doublon=  0.668613 
i=  312 Energy=  4.077604 N=  8.000000 Sz=  0.000000 S2=  2.000000 Doublon=  0.970988 
i=  313 Energy=  4.077604 N=  8.000000 Sz= -0.000000 S2=  2.000000 Doublon=  0.970988 
i=  314 Energy=  4.115444 N=  8.000000 Sz=  0.000000 S2=  6.000000 Doublon=  0.667024 
i=  315 Energy=  4.115444 N=  8.000000 Sz= -0.000000 S2=  6.000000 Doublon=  0.667024 
i=  316 Energy=  4.394954 N=  8.000000 Sz= -0.000000 S2= -0.000000 Doublon=  0.932271 
i=  317 Energy=  4.394954 N=  8.000000 Sz= -0.000000 S2= -0.000000 Doublon=  0.932271 
i=  318 Energy=  4.555474 N=  8.000000 Sz= -0.000000 S2= -0.000000 Doublon=  1.117770 
i=  319 Energy=  4.563491 N=  8.000000 Sz= -0.000000 S2=  2.000000 Doublon=  0.879720 
i=  320 Energy=  4.582976 N=  8.000000 Sz= -0.000000 S2=  2.000000 Doublon=  0.894382 
i=  321 Energy=  4.713626 N=  8.000000 Sz= -0.000000 S2=  2.000000 Doublon=  1.044274 
i=  322 Energy=  4.828427 N=  8.000000 Sz= -0.000000 S2= 12.000000 Doublon=  0.250000 
i=  323 Energy=  4.828427 N=  8.000000 Sz= -0.000000 S2= 12.000000 Doublon=  0.250000 
i=  324 Energy=  4.969116 N=  8.000000 Sz=  0.000000 S2=  6.000000 Doublon=  1.122748 
i=  325 Energy=  4.975132 N=  8.000000 Sz=  0.000000 S2=  2.000000 Doublon=  1.139008 
i=  326 Energy=  4.979205 N=  8.000000 Sz= -0.000000 S2=  0.000000 Doublon=  1.145728 
i=  327 Energy=  5.065634 N=  8.000000 Sz= -0.000000 S2=  2.000000 Doublon=  1.126970 
i=  328 Energy=  5.065634 N=  8.000000 Sz=  0.000000 S2=  2.000000 Doublon=  1.126970 
i=  329 Energy=  5.157520 N=  8.000000 Sz=  0.000000 S2=  0.000000 Doublon=  1.122412 
i=  330 Energy=  5.393978 N=  8.000000 Sz= -0.000000 S2=  6.000000 Doublon=  0.560241 
i=  331 Energy=  5.447816 N=  8.000000 Sz=  0.000000 S2=  6.000000 Doublon=  0.367864 
i=  332 Energy=  5.454007 N=  8.000000 Sz=  0.000000 S2=  6.000000 Doublon=  0.378944 
i=  333 Energy=  5.650971 N=  8.000000 Sz=  0.000000 S2=  2.000000 Doublon=  0.548107 
i=  334 Energy=  5.650971 N=  8.000000 Sz= -0.000000 S2=  2.000000 Doublon=  0.548107 
i=  335 Energy=  5.722332 N=  8.000000 Sz=  0.000000 S2=  0.000000 Doublon=  0.585244 
i=  336 Energy=  5.915579 N=  8.000000 Sz=  0.000000 S2=  2.000000 Doublon=  0.518863 
i=  337 Energy=  6.014330 N=  8.000000 Sz=  0.000000 S2=  0.000000 Doublon=  0.477806 
i=  338 Energy=  6.048949 N=  8.000000 Sz=  0.000000 S2=  6.000000 Doublon=  0.545946 
i=  339 Energy=  6.048949 N=  8.000000 Sz= -0.000000 S2=  6.000000 Doublon=  0.545946 
i=  340 Energy=  6.193201 N=  8.000000 Sz=  0.000000 S2=  2.000000 Doublon=  0.452810 
i=  341 Energy=  6.193201 N=  8.000000 Sz= -0.000000 S2=  2.000000 Doublon=  0.452810 
i=  342 Energy=  6.271558 N=  8.000000 Sz=  0.000000 S2= 12.000000 Doublon=  0.621268 
i=  343 Energy=  6.456305 N=  8.000000 Sz= -0.000000 S2=  6.000000 Doublon=  0.522291 
i=  344 Energy=  6.560774 N=  8.000000 Sz=  0.000000 S2=  2.000000 Doublon=  0.472239 
i=  345 Energy=  6.609021 N=  8.000000 Sz= -0.000000 S2=  0.000000 Doublon=  0.450345 
######  End  : Calc Expected value.  ######

######  Finish Calculation.  ######
