      ,ammmmmmmmmmmmmmb,,        Welcome to the                 
    ,@@` dm          mb  ===m                                    
  ,@@` d@@@@@@@@@@@@@@@@b Pm,    @@          @@        @@       
 d@  d@@@ @@@ @@@@@@ @@@@b ~@a   @@          @@     @@@@@@@@    
d@   @@@@ ^^^ @@@@ m m @@@   @,  @@          @@   @@@  @@  @@@  
@    @@@@_@@@_@@@@mm mm@@@   @|  @@mmmmmmmmmm@@  @@    @@    @@ 
P@    9@@@@@@@@@@@@@@@@@P    @~  @@@@@@@@@@@@@@  @@    @@    @@ 
 @@      ~~9@@@@@@PPP~      @P   @@          @@   @@@  @@  @@@  
  ~@@b      @@@@@@@      ,@@~    @@          @@     @@@@@@@@    
    ~@@@m,,@@@@@@@@@  ,m@~`      @@          @@        @@       
        ~~9@@@@@@@@@  ~                                         
           9@P~~~9@P             Version 2.0.0    
                                                                


#####  Parallelization Info.  #####

  OpenMP threads : 24
  MPI PEs : 16 

  Read File 'namelist.def'.
  Read File 'calcmod.def' for CalcMod.
  Read File 'modpara.def' for ModPara.
  Read File 'locspn.def' for LocSpin.
  Read File 'trans.def' for Trans.
  Read File 'coulombinter.def' for CoulombInter.
  Read File 'hund.def' for Hund.
  Read File 'exchange.def' for Exchange.
  Read File 'greenone.def' for OneBodyG.
  Read File 'greentwo.def' for TwoBodyG.
  Read File 'pair.def' for PairExcitation.

######  Definition files are correct.  ######

  Read File 'locspn.def'.
  Read File 'trans.def'.
  Read File 'coulombinter.def'.
  Read File 'hund.def'.
  Read File 'exchange.def'.
  Read File 'greenone.def'.
  Read File 'greentwo.def'.
  Read File 'pair.def'.

######  Indices and Parameters of Definition files(*.def) are complete.  ######

  MAX DIMENSION idim_max=32 
  APPROXIMATE REQUIRED MEMORY  max_mem=0.000001 GB 


######  MPI site separation summary  ######

  INTRA process site
    Site    Bit
       0       4
       1       4
       2       4
       3       4
       4       4
       5       4

  INTER process site
    Site    Bit
       6       4
       7       4

  Process element info
    Process       Dimension   Nup  Ndown  Nelec  Total2Sz   State
          0               6     4      4      8         0   0000
          1              20     3      4      7         0   0100
          2              20     4      3      7         0   1000
          3              32     3      3      6         0   1100
          4              20     3      4      7         0   0001
          5              23     2      4      6         0   0101
          6              32     3      3      6         0   1001
          7              20     2      3      5         0   1101
          8              20     4      3      7         0   0010
          9              32     3      3      6         0   0110
         10              23     4      2      6         0   1010
         11              20     3      2      5         0   1110
         12              32     3      3      6         0   0011
         13              20     2      3      5         0   0111
         14              20     3      2      5         0   1011
         15               6     2      2      4         0   1111

   Total dimension : 346


######  LARGE ALLOCATE FINISH !  ######

  Start: Calculate HilbertNum for fixed Sz. 
  j = 0 loc 1 
  j = 1 loc 1 
  j = 2 loc 1 
  j = 3 loc 1 
  j = 4 loc 0 
  j = 5 loc 0 
  N_all_up=4 N_all_down=4 
  End  : Calculate HilbertNum for fixed Sz. 

  Start: Calculate diagaonal components of Hamiltonian. 
  End  : Calculate diagaonal components of Hamiltonian. 

######  Start: Calculate Lanczos Eigenvalue.  ######

  initial_mode=1 (random): iv = -1 i_max=6 k_exct =1 

  LanczosStep  E[1] E[2] E[3] E[4] Target:E[3] E_Max/Nsite
  stp = 2 -4.6402130891 2.4860454368 xxxxxxxxxx xxxxxxxxx  0.0000000000 xxxxxxxxx 
  stp = 4 -10.1460413333 -4.3286855296 0.6064482420 5.0176928328 0.6064482420 0.6272116041
  stp = 6 -12.4537540884 -8.0398912250 -3.7486035554 -0.1765101031 -3.7486035554 0.7274920397
  stp = 8 -12.6648743229 -9.1522787382 -6.7562613152 -3.3964895719 -6.7562613152 0.7692132574
  stp = 10 -12.6771257746 -9.6291368065 -7.8720590166 -5.5466463963 -7.8720590166 0.7892304027
  stp = 12 -12.6776020047 -9.7654807213 -8.4273506643 -6.9968012102 -8.4273506643 0.8025794436
  stp = 14 -12.6776207139 -9.8141608500 -8.8496605728 -7.7144160980 -8.8496605728 0.8119094246
  stp = 16 -12.6776213623 -9.8310890429 -9.0922558815 -8.1217582634 -9.0922558815 0.8168428621
  stp = 18 -12.6776213779 -9.8344354026 -9.1680326305 -8.3106589492 -9.1680326305 0.8194539482
  stp = 20 -12.6776213782 -9.8347740184 -9.1811479440 -8.3746407315 -9.1811479440 0.8211026655
  stp = 22 -12.6776213782 -9.8347968258 -9.1826792854 -8.3918237353 -9.1826792854 0.8224113599
  stp = 24 -12.6776213782 -9.8347988428 -9.1829245864 -8.3996669260 -9.1829245864 0.8233114732
  stp = 26 -12.6776213782 -9.8347989525 -9.1829479729 -8.4017615189 -9.1829479729 0.8239227654
  stp = 28 -12.6776213782 -9.8347989634 -9.1829521714 -8.4029134459 -9.1829521714 0.8245471855
  stp = 30 -12.6776213782 -9.8347989641 -9.1829526764 -8.4033815977 -9.1829526764 0.8248870613
  stp = 32 -12.6776213782 -9.8347989642 -9.1829527306 -8.4035222296 -9.1829527306 0.8251189710
  stp = 34 -12.6776213782 -9.8347989642 -9.1829527354 -8.4035534784 -9.1829527354 0.8253075241
  stp = 36 -12.6776213782 -9.8347989642 -9.1829527358 -8.4035598639 -9.1829527358 0.8256513259
  stp = 38 -12.6776213782 -9.8347989642 -9.1829527358 -8.4035605103 -9.1829527358 0.8259286205
  stp = 40 -12.6776213782 -9.8347989642 -9.1829527358 -8.4035605809 -9.1829527358 0.8260415410
  stp = 42 -12.6776213782 -9.8347989642 -9.1829527358 -8.4035605906 -9.1829527358 0.8260967492
  Lanczos EigenValue in vec12 = -12.6776213782 
 
######  End  : Calculate Lanczos EigenValue.  ######

######  Start: Calculate Lanczos Eigenvec.  ######

  Start: Calculate Lanczos Eigenvector.
  End  : Calculate Lanczos Eigenvector.
  Start: Calculate Energy.
  End  : Calculate Energy.

  Accuracy check !!!
  LanczosEnergy = -1.26776213781765e+01 
  EnergyByVec   = -1.26105509490184e+01 
  diff_ene      = 5.29045845094413e-03 
  var           = 5.46538037952811e-03 
  Accuracy of Lanczos vectors is NOT enough

  Start: Calculate EigenVector by CG method.
  End  : Calculate EigenVector by CG method.
  Start: Calculate Energy.
  End  : Calculate Energy.

  CG Accuracy check !!!
  LanczosEnergy = -1.26776213781765e+01
  EnergyByVec   = -1.26776213781765e+01
  diff_ene      = 0.00000000000000e+00
  var           = 2.65554386996686e-16 
 

######  End  : Calculate Lanczos EigenVec.  ######

  Start: Calculate one body Green functions.
  End  : Calculate one body Green functions.

  Start: Calculate two bodies Green functions.
  End  : Calculate two bodies Green functions.

