\BOOKMARK [0][-]{chapter.1}{What is \040H ?}{}% 1
\BOOKMARK [1][-]{section.1.1}{ H とは？}{chapter.1}% 2
\BOOKMARK [2][-]{subsection.1.1.1}{ライセンス}{section.1.1}% 3
\BOOKMARK [2][-]{subsection.1.1.2}{コピーライト}{section.1.1}% 4
\BOOKMARK [2][-]{subsection.1.1.3}{開発貢献者}{section.1.1}% 5
\BOOKMARK [1][-]{section.1.2}{動作環境}{chapter.1}% 6
\BOOKMARK [0][-]{chapter.2}{How to use \040H ?}{}% 7
\BOOKMARK [1][-]{section.2.1}{要件}{chapter.2}% 8
\BOOKMARK [1][-]{section.2.2}{インストール方法}{chapter.2}% 9
\BOOKMARK [2][-]{subsection.2.2.1}{HPhiconfig.shを使う方法}{section.2.2}% 10
\BOOKMARK [2][-]{subsection.2.2.2}{cmakeを使う場合}{section.2.2}% 11
\BOOKMARK [1][-]{section.2.3}{ディレクトリ構成}{chapter.2}% 12
\BOOKMARK [1][-]{section.2.4}{基本的な使い方}{chapter.2}% 13
\BOOKMARK [2][-]{subsection.2.4.1}{スタンダードモード}{section.2.4}% 14
\BOOKMARK [2][-]{subsection.2.4.2}{エキスパートモード}{section.2.4}% 15
\BOOKMARK [2][-]{subsection.2.4.3}{プロセス数の設定}{section.2.4}% 16
\BOOKMARK [0][-]{chapter.3}{チュートリアル}{}% 17
\BOOKMARK [1][-]{section.3.1}{スタンダードモード}{chapter.3}% 18
\BOOKMARK [2][-]{subsection.3.1.1}{Heisenberg模型}{section.3.1}% 19
\BOOKMARK [2][-]{subsection.3.1.2}{その他の系でのチュートリアル}{section.3.1}% 20
\BOOKMARK [1][-]{section.3.2}{エキスパートモード}{chapter.3}% 21
\BOOKMARK [2][-]{subsection.3.2.1}{入力ファイルリストファイル}{section.3.2}% 22
\BOOKMARK [2][-]{subsection.3.2.2}{基本パラメータの指定}{section.3.2}% 23
\BOOKMARK [2][-]{subsection.3.2.3}{Hamiltonianの指定}{section.3.2}% 24
\BOOKMARK [2][-]{subsection.3.2.4}{出力ファイルの指定}{section.3.2}% 25
\BOOKMARK [2][-]{subsection.3.2.5}{計算の実行}{section.3.2}% 26
\BOOKMARK [2][-]{subsection.3.2.6}{その他の系でのチュートリアル}{section.3.2}% 27
\BOOKMARK [1][-]{section.3.3}{エキスパート用入力ファイル作成モード}{chapter.3}% 28
\BOOKMARK [0][-]{chapter.4}{ファイル仕様}{}% 29
\BOOKMARK [1][-]{section.4.1}{スタンダードモード用入力ファイル}{chapter.4}% 30
\BOOKMARK [2][-]{subsection.4.1.1}{計算の種類に関する必須パラメーター}{section.4.1}% 31
\BOOKMARK [2][-]{subsection.4.1.2}{格子に関するパラメーター}{section.4.1}% 32
\BOOKMARK [2][-]{subsection.4.1.3}{保存量に関するパラメーター}{section.4.1}% 33
\BOOKMARK [2][-]{subsection.4.1.4}{Hubbard模型パラメーター}{section.4.1}% 34
\BOOKMARK [2][-]{subsection.4.1.5}{Kitaev-Heisenberg模型パラメーター}{section.4.1}% 35
\BOOKMARK [2][-]{subsection.4.1.6}{近藤格子模型パラメーター}{section.4.1}% 36
\BOOKMARK [2][-]{subsection.4.1.7}{計算条件のパラメーター}{section.4.1}% 37
\BOOKMARK [1][-]{section.4.2}{エキスパートモード用入力ファイル}{chapter.4}% 38
\BOOKMARK [2][-]{subsection.4.2.1}{入力ファイル指定用ファイル}{section.4.2}% 39
\BOOKMARK [2][-]{subsection.4.2.2}{CalcModファイル}{section.4.2}% 40
\BOOKMARK [2][-]{subsection.4.2.3}{ModParaファイル}{section.4.2}% 41
\BOOKMARK [2][-]{subsection.4.2.4}{LocSpin指定ファイル}{section.4.2}% 42
\BOOKMARK [2][-]{subsection.4.2.5}{Trans指定ファイル}{section.4.2}% 43
\BOOKMARK [2][-]{subsection.4.2.6}{InterAll指定ファイル}{section.4.2}% 44
\BOOKMARK [2][-]{subsection.4.2.7}{CoulombIntra指定ファイル}{section.4.2}% 45
\BOOKMARK [2][-]{subsection.4.2.8}{CoulombInter指定ファイル}{section.4.2}% 46
\BOOKMARK [2][-]{subsection.4.2.9}{Hund指定ファイル}{section.4.2}% 47
\BOOKMARK [2][-]{subsection.4.2.10}{PairHop指定ファイル}{section.4.2}% 48
\BOOKMARK [2][-]{subsection.4.2.11}{Exchange指定ファイル}{section.4.2}% 49
\BOOKMARK [2][-]{subsection.4.2.12}{Ising指定ファイル}{section.4.2}% 50
\BOOKMARK [2][-]{subsection.4.2.13}{PairLift指定ファイル}{section.4.2}% 51
\BOOKMARK [2][-]{subsection.4.2.14}{OneBodyG指定ファイル}{section.4.2}% 52
\BOOKMARK [2][-]{subsection.4.2.15}{TwoBodyG指定ファイル}{section.4.2}% 53
\BOOKMARK [1][-]{section.4.3}{出力ファイル}{chapter.4}% 54
\BOOKMARK [2][-]{subsection.4.3.1}{CHECK\137Chemi.dat}{section.4.3}% 55
\BOOKMARK [2][-]{subsection.4.3.2}{CHECK\137InterAll.dat}{section.4.3}% 56
\BOOKMARK [2][-]{subsection.4.3.3}{CHECK\137CoulombIntra.dat}{section.4.3}% 57
\BOOKMARK [2][-]{subsection.4.3.4}{CHECK\137Hund.dat}{section.4.3}% 58
\BOOKMARK [2][-]{subsection.4.3.5}{CHECK\137INTER\137U.dat}{section.4.3}% 59
\BOOKMARK [2][-]{subsection.4.3.6}{CHECK\137Memory.dat}{section.4.3}% 60
\BOOKMARK [2][-]{subsection.4.3.7}{WarningOnTransfer.dat}{section.4.3}% 61
\BOOKMARK [2][-]{subsection.4.3.8}{TimeKeeper.dat}{section.4.3}% 62
\BOOKMARK [2][-]{subsection.4.3.9}{sz\137TimeKeeper.dat}{section.4.3}% 63
\BOOKMARK [2][-]{subsection.4.3.10}{Time\137CG\137EigenVector.dat}{section.4.3}% 64
\BOOKMARK [2][-]{subsection.4.3.11}{energy.dat}{section.4.3}% 65
\BOOKMARK [2][-]{subsection.4.3.12}{Lanczos\137Step.dat}{section.4.3}% 66
\BOOKMARK [2][-]{subsection.4.3.13}{Norm\137rand.dat}{section.4.3}% 67
\BOOKMARK [2][-]{subsection.4.3.14}{SS\137rand.dat}{section.4.3}% 68
\BOOKMARK [2][-]{subsection.4.3.15}{Eigenvalue.dat}{section.4.3}% 69
\BOOKMARK [2][-]{subsection.4.3.16}{phys.dat}{section.4.3}% 70
\BOOKMARK [2][-]{subsection.4.3.17}{cisajs.dat}{section.4.3}% 71
\BOOKMARK [2][-]{subsection.4.3.18}{cisajscktalt.dat}{section.4.3}% 72
\BOOKMARK [2][-]{subsection.4.3.19}{eigenvec.dat}{section.4.3}% 73
\BOOKMARK [1][-]{section.4.4}{エラーメッセージ一覧}{chapter.4}% 74
\BOOKMARK [0][-]{chapter.5}{アルゴリズム}{}% 75
\BOOKMARK [1][-]{section.5.1}{Lanczos法}{chapter.5}% 76
\BOOKMARK [2][-]{subsection.5.1.1}{手法概要}{section.5.1}% 77
\BOOKMARK [2][-]{subsection.5.1.2}{逆反復法}{section.5.1}% 78
\BOOKMARK [2][-]{subsection.5.1.3}{実際の実装について}{section.5.1}% 79
\BOOKMARK [1][-]{section.5.2}{完全対角化}{chapter.5}% 80
\BOOKMARK [2][-]{subsection.5.2.1}{手法概要}{section.5.2}% 81
\BOOKMARK [2][-]{subsection.5.2.2}{有限温度物理量の計算}{section.5.2}% 82
\BOOKMARK [1][-]{section.5.3}{熱的純粋量子状態による有限温度計算}{chapter.5}% 83
\BOOKMARK [2][-]{subsection.5.3.1}{実際の実装について}{section.5.3}% 84
\BOOKMARK [0][-]{chapter.6}{謝辞}{}% 85
