                                                                
      ,ammmmmmmmmmmmmmb,,        Welcome to the                 
    ,@@` dm          mb  ===m                                    
  ,@@` d@@@@@@@@@@@@@@@@b Pm,    @@          @@        @@       
 d@  d@@@ @@@ @@@@@@ @@@@b ~@a   @@          @@     @@@@@@@@    
d@   @@@@ ^^^ @@@@ m m @@@   @,  @@          @@   @@@  @@  @@@  
@    @@@@_@@@_@@@@mm mm@@@   @|  @@mmmmmmmmmm@@  @@    @@    @@ 
P@    9@@@@@@@@@@@@@@@@@P    @~  @@@@@@@@@@@@@@  @@    @@    @@ 
 @@      ~~9@@@@@@PPP~      @P   @@          @@   @@@  @@  @@@  
  ~@@b      @@@@@@@      ,@@~    @@          @@     @@@@@@@@    
    ~@@@m,,@@@@@@@@@  ,m@~`      @@          @@        @@       
        ~~9@@@@@@@@@  ~                                         
           9@P~~~9@P             Version 1.1                    
                                                                


#####  Parallelization Info.  #####

  OpenMP threads : 24
  MPI PEs : 64 

  Read File 'namelist.def'.
  Read File 'calcmod.def' for CalcMod.
  Read File 'modpara.def' for ModPara.
  Read File 'zlocspn.def' for LocSpin.
  Read File 'zTrans.def' for Trans.
  Read File 'zInterAll.def' for InterAll.
  Read File 'greenone.def' for OneBodyG.
  Read File 'greentwo.def' for TwoBodyG.

######  Definition files are correct.  ######

  Read File 'zlocspn.def'.
  Read File 'zTrans.def'.
  Read File 'zInterAll.def'.
  Read File 'greenone.def'.
  Read File 'greentwo.def'.

######  Indices and Parameters of Definition files(*.def) are complete.  ######

  MAX DIMENSION idim_max=2704156 
  APPROXIMATE REQUIRED MEMORY  max_mem=0.259599 GB 


######  MPI site separation summary  ######

  INTRA process site
    Site    Bit
       0       2
       1       2
       2       2
       3       2
       4       2
       5       2
       6       2
       7       2
       8       2
       9       2
      10       2
      11       2
      12       2
      13       2
      14       2
      15       2
      16       2
      17       2
      18       2
      19       2
      20       2
      21       2
      22       2
      23       2

  INTER process site
    Site    Bit
      24       2
      25       2
      26       2
      27       2
      28       2
      29       2

  Process element info
    Process       Dimension   Nup  Ndown  Nelec  Total2Sz   State
          0         1307504    15      9     15         0   000000
          1         1961256    14     10     14         0   100000
          2         1961256    14     10     14         0   010000
          3         2496144    13     11     13         0   110000
          4         1961256    14     10     14         0   001000
          5         2496144    13     11     13         0   101000
          6         2496144    13     11     13         0   011000
          7         2704156    12     12     12         0   111000
          8         1961256    14     10     14         0   000100
          9         2496144    13     11     13         0   100100
         10         2496144    13     11     13         0   010100
         11         2704156    12     12     12         0   110100
         12         2496144    13     11     13         0   001100
         13         2704156    12     12     12         0   101100
         14         2704156    12     12     12         0   011100
         15         2496144    11     13     11         0   111100
         16         1961256    14     10     14         0   000010
         17         2496144    13     11     13         0   100010
         18         2496144    13     11     13         0   010010
         19         2704156    12     12     12         0   110010
         20         2496144    13     11     13         0   001010
         21         2704156    12     12     12         0   101010
         22         2704156    12     12     12         0   011010
         23         2496144    11     13     11         0   111010
         24         2496144    13     11     13         0   000110
         25         2704156    12     12     12         0   100110
         26         2704156    12     12     12         0   010110
         27         2496144    11     13     11         0   110110
         28         2704156    12     12     12         0   001110
         29         2496144    11     13     11         0   101110
         30         2496144    11     13     11         0   011110
         31         1961256    10     14     10         0   111110
         32         1961256    14     10     14         0   000001
         33         2496144    13     11     13         0   100001
         34         2496144    13     11     13         0   010001
         35         2704156    12     12     12         0   110001
         36         2496144    13     11     13         0   001001
         37         2704156    12     12     12         0   101001
         38         2704156    12     12     12         0   011001
         39         2496144    11     13     11         0   111001
         40         2496144    13     11     13         0   000101
         41         2704156    12     12     12         0   100101
         42         2704156    12     12     12         0   010101
         43         2496144    11     13     11         0   110101
         44         2704156    12     12     12         0   001101
         45         2496144    11     13     11         0   101101
         46         2496144    11     13     11         0   011101
         47         1961256    10     14     10         0   111101
         48         2496144    13     11     13         0   000011
         49         2704156    12     12     12         0   100011
         50         2704156    12     12     12         0   010011
         51         2496144    11     13     11         0   110011
         52         2704156    12     12     12         0   001011
         53         2496144    11     13     11         0   101011
         54         2496144    11     13     11         0   011011
         55         1961256    10     14     10         0   111011
         56         2704156    12     12     12         0   000111
         57         2496144    11     13     11         0   100111
         58         2496144    11     13     11         0   010111
         59         1961256    10     14     10         0   110111
         60         2496144    11     13     11         0   001111
         61         1961256    10     14     10         0   101111
         62         1961256    10     14     10         0   011111
         63         1307504     9     15      9         0   111111

   Total dimension : 155117520


######  LARGE ALLOCATE FINISH !  ######

  Start: Calculate HilbertNum for fixed Sz. 
  End  : Calculate HilbertNum for fixed Sz. 

  Start: Calculate diagaonal components of Hamiltonian. 
  End  : Calculate diagaonal components of Hamiltonian. 

######  Start: Calculate Lanczos Eigenvalue.  ######

  initial_mode=0 normal: iv = 77558961 i_max=1307504 k_exct =1 

  LanczosStep  E[1] E[2] E[3] E[4] E_Max/Nsite
  stp = 2 5.0000000000 9.0000000000 xxxxxxxxxx xxxxxxxxx xxxxxxxxx 
  stp = 4 2.0098148960 5.3775560971 8.3017093376 11.4096980520 0.3803232684
  stp = 6 -0.0995075090 2.7885943308 5.4152123685 7.8031585894 0.4211203864
  stp = 8 -2.0485032631 0.7251852852 3.0955801961 5.3275101611 0.4430740827
  stp = 10 -3.9354180904 -1.0838030598 1.1340184071 3.2016841735 0.4570416387
  stp = 12 -5.5065289437 -2.7988177673 -0.5695098861 1.3550841147 0.4659095969
  stp = 14 -6.9151790871 -4.4136380442 -2.1725918770 -0.2606399630 0.4722039159
  stp = 16 -8.2416400205 -5.7865755919 -3.7131879258 -1.7742766176 0.4775845170
  stp = 18 -9.3765148602 -7.0357092815 -5.0751037820 -3.2232368034 0.4818231030
  stp = 20 -10.2843994559 -8.1532051881 -6.2423832180 -4.5344600366 0.4851383288
  stp = 22 -10.9782744736 -9.0942951097 -7.2995005214 -5.6517522155 0.4882547560
  stp = 24 -11.4649669051 -9.8432476594 -8.2166219713 -6.6418009599 0.4907637062
  stp = 26 -11.8077014403 -10.4525079784 -8.9974563890 -7.5288805734 0.4927936721
  stp = 28 -12.0750619091 -10.9569996645 -9.6544637607 -8.3131373142 0.4945944458
  stp = 30 -12.2930667267 -11.3434482074 -10.1872979551 -8.9755254676 0.4960385894
  stp = 32 -12.4597507909 -11.6230247395 -10.6243531987 -9.5340243086 0.4971588434
  stp = 34 -12.5903835507 -11.8536397768 -11.0118249170 -10.0233682908 0.4980669414
  stp = 36 -12.7009134460 -12.0603730753 -11.3263048659 -10.4251411289 0.4987503719
  stp = 38 -12.7982390251 -12.2366629314 -11.5666114588 -10.7749017988 0.4992278053
  stp = 40 -12.8817029381 -12.3762580958 -11.7617240078 -11.0794540548 0.4995566594
  stp = 42 -12.9504531407 -12.4870253968 -11.9350132600 -11.3322561801 0.4997674101
  stp = 44 -13.0070318805 -12.5813989441 -12.0942948408 -11.5396495640 0.4998871337
  stp = 46 -13.0551418091 -12.6674542169 -12.2352288598 -11.7140837946 0.4999494913
  stp = 48 -13.0978541085 -12.7477330029 -12.3540865430 -11.8693055877 0.4999792701
  stp = 50 -13.1372630623 -12.8213621563 -12.4535651636 -12.0128511440 0.4999921481
  stp = 52 -13.1749406033 -12.8874710975 -12.5402820926 -12.1453480760 0.4999971009
  stp = 54 -13.2104186124 -12.9438977865 -12.6167798200 -12.2596698876 0.4999989012
  stp = 56 -13.2418469394 -12.9896925105 -12.6838713078 -12.3545523365 0.4999995684
  stp = 58 -13.2689377855 -13.0279213437 -12.7457101017 -12.4383201677 0.4999998223
  stp = 60 -13.2927156408 -13.0625146504 -12.8058829692 -12.5162684419 0.4999999252
  stp = 62 -13.3132064282 -13.0944222400 -12.8611820521 -12.5843304653 0.4999999689
  stp = 64 -13.3298712106 -13.1226108228 -12.9070764241 -12.6407829713 0.4999999874
  stp = 66 -13.3429053765 -13.1469313876 -12.9444716976 -12.6908179270 0.4999999948
  stp = 68 -13.3528889516 -13.1679410874 -12.9761932221 -12.7389835675 0.4999999977
  stp = 70 -13.3601954792 -13.1856555236 -13.0034523579 -12.7846009650 0.4999999990
  stp = 72 -13.3651303658 -13.1996955148 -13.0261383651 -12.8241591415 0.4999999996
  stp = 74 -13.3682713426 -13.2104160903 -13.0449327719 -12.8574889561 0.4999999999
  stp = 76 -13.3702720012 -13.2188519026 -13.0615797554 -12.8876033381 0.5000000000
  stp = 78 -13.3716108340 -13.2260750537 -13.0781040066 -12.9177492117 0.5000000000
  stp = 80 -13.3725802186 -13.2330439100 -13.0966337286 -12.9497422970 0.5000000000
  stp = 82 -13.3733348389 -13.2405753058 -13.1185250865 -12.9815717161 0.5000000000
  stp = 84 -13.3739526161 -13.2493408111 -13.1424816763 -13.0086433498 0.5000000000
  stp = 86 -13.3744718797 -13.2596193290 -13.1645826335 -13.0292314252 0.5000000000
  stp = 88 -13.3749078002 -13.2708082046 -13.1817929124 -13.0448734389 0.5000000000
  stp = 90 -13.3752647772 -13.2815812503 -13.1939476884 -13.0576319140 0.5000000000
  stp = 92 -13.3755526387 -13.2910555932 -13.2025877552 -13.0693028654 0.5000000000
  stp = 94 -13.3757891740 -13.2992289950 -13.2093055172 -13.0816112854 0.5000000000
  stp = 96 -13.3759913338 -13.3064515020 -13.2151909027 -13.0962725181 0.5000000000
  stp = 98 -13.3761693665 -13.3129737497 -13.2208966012 -13.1141464326 0.5000000000
  stp = 100 -13.3763268237 -13.3188394117 -13.2267557263 -13.1336488615 0.5000000000
  stp = 102 -13.3764621104 -13.3239211939 -13.2327633278 -13.1514338407 0.5000000000
  stp = 104 -13.3765728038 -13.3280972936 -13.2386510801 -13.1655210265 0.5000000000
  stp = 106 -13.3766587535 -13.3313660145 -13.2440974884 -13.1759894907 0.5000000000
  stp = 108 -13.3767215489 -13.3337987715 -13.2488369794 -13.1836440209 0.5000000000
  stp = 110 -13.3767647033 -13.3355262769 -13.2527555091 -13.1893052684 0.5000000000
  stp = 112 -13.3767927578 -13.3367037165 -13.2558741665 -13.1935929278 0.5000000000
  stp = 114 -13.3768102411 -13.3374826956 -13.2583013877 -13.1969444076 0.5000000000
  stp = 116 -13.3768210386 -13.3379985898 -13.2602129738 -13.1997173585 0.5000000000
  stp = 118 -13.3768278462 -13.3383504537 -13.2617868027 -13.2022101007 0.5000000000
  stp = 120 -13.3768321651 -13.3385937937 -13.2631234115 -13.2046010893 0.5000000000
  stp = 122 -13.3768348619 -13.3387602833 -13.2642629194 -13.2069668548 0.5000000000
  stp = 124 -13.3768365428 -13.3388743496 -13.2652469203 -13.2093847056 0.5000000000
  stp = 126 -13.3768376054 -13.3389538367 -13.2661212898 -13.2119597028 0.5000000000
  stp = 128 -13.3768382721 -13.3390089314 -13.2669026188 -13.2147240617 0.5000000000
  stp = 130 -13.3768386792 -13.3390461123 -13.2675862447 -13.2175933661 0.5000000000
  stp = 132 -13.3768389216 -13.3390705239 -13.2681674735 -13.2204166741 0.5000000000
  stp = 134 -13.3768390664 -13.3390865792 -13.2686609977 -13.2231197503 0.5000000000
  stp = 136 -13.3768391576 -13.3390977198 -13.2691054377 -13.2258140936 0.5000000000
  stp = 138 -13.3768392195 -13.3391061029 -13.2695492554 -13.2287558607 0.5000000000
  stp = 140 -13.3768392642 -13.3391129077 -13.2700488641 -13.2323134229 0.5000000000
  stp = 142 -13.3768392986 -13.3391188666 -13.2707014154 -13.2370687077 0.5000000000
  stp = 144 -13.3768393265 -13.3391244725 -13.2717300908 -13.2437548346 0.5000000000
  stp = 146 -13.3768393492 -13.3391299318 -13.2736983842 -13.2521306359 0.5000000000
  stp = 148 -13.3768393669 -13.3391350929 -13.2776347291 -13.2594098130 0.5000000000
  stp = 150 -13.3768393800 -13.3391397800 -13.2835845394 -13.2634531767 0.5000000000
  stp = 152 -13.3768393900 -13.3391441377 -13.2900813982 -13.2654076070 0.5000000000
  stp = 154 -13.3768393978 -13.3391484280 -13.2963211708 -13.2665026612 0.5000000000
  stp = 156 -13.3768394043 -13.3391528923 -13.3021668002 -13.2672377290 0.5000000000
  stp = 158 -13.3768394096 -13.3391577203 -13.3075827832 -13.2678038698 0.5000000000
  stp = 160 -13.3768394139 -13.3391629619 -13.3124205211 -13.2682779116 0.5000000000
  stp = 162 -13.3768394173 -13.3391685202 -13.3165200376 -13.2686943279 0.5000000000
  stp = 164 -13.3768394198 -13.3391742704 -13.3198647747 -13.2690759556 0.5000000000
  stp = 166 -13.3768394216 -13.3391799304 -13.3224739597 -13.2694313166 0.5000000000
  stp = 168 -13.3768394228 -13.3391850176 -13.3243804138 -13.2697540888 0.5000000000
  stp = 170 -13.3768394236 -13.3391890451 -13.3256622904 -13.2700283857 0.5000000000
  stp = 172 -13.3768394240 -13.3391919097 -13.3264769481 -13.2702478913 0.5000000000
  stp = 174 -13.3768394243 -13.3391938906 -13.3270026609 -13.2704247364 0.5000000000
  stp = 176 -13.3768394244 -13.3391953261 -13.3273690740 -13.2705789922 0.5000000000
  stp = 178 -13.3768394245 -13.3391964455 -13.3276493864 -13.2707297742 0.5000000000
  stp = 180 -13.3768394246 -13.3391973515 -13.3278750446 -13.2708907052 0.5000000000
  stp = 182 -13.3768394246 -13.3391980674 -13.3280543513 -13.2710674848 0.5000000000
  stp = 184 -13.3768394247 -13.3391986023 -13.3281901778 -13.2712587074 0.5000000000
  stp = 186 -13.3768394247 -13.3391989905 -13.3282907298 -13.2714649224 0.5000000000
  stp = 188 -13.3768394247 -13.3391992676 -13.3283642738 -13.2716873495 0.5000000000
  stp = 190 -13.3768394247 -13.3391994610 -13.3284170068 -13.2719235240 0.5000000000
  stp = 192 -13.3768394247 -13.3391995923 -13.3284538772 -13.2721663200 0.5000000000
  stp = 194 -13.3768394247 -13.3391996796 -13.3284791201 -13.2724063243 0.5000000000
  stp = 196 -13.3768394247 -13.3391997381 -13.3284965506 -13.2726404721 0.5000000000
  stp = 198 -13.3768394247 -13.3391997777 -13.3285087148 -13.2728672870 0.5000000000
  stp = 200 -13.3768394247 -13.3391998041 -13.3285170714 -13.2730801258 0.5000000000
  stp = 202 -13.3768394247 -13.3391998214 -13.3285227302 -13.2732736449 0.5000000000
  stp = 204 -13.3768394247 -13.3391998330 -13.3285266220 -13.2734499596 0.5000000000
  stp = 206 -13.3768394247 -13.3391998409 -13.3285293877 -13.2736152236 0.5000000000
  stp = 208 -13.3768394247 -13.3391998466 -13.3285314399 -13.2737781013 0.5000000000
  stp = 210 -13.3768394247 -13.3391998509 -13.3285330406 -13.2739503081 0.5000000000
  stp = 212 -13.3768394247 -13.3391998543 -13.3285343443 -13.2741471391 0.5000000000
  stp = 214 -13.3768394247 -13.3391998569 -13.3285354045 -13.2743816296 0.5000000000
  stp = 216 -13.3768394247 -13.3391998589 -13.3285362280 -13.2746578019 0.5000000000
  stp = 218 -13.3768394247 -13.3391998603 -13.3285368501 -13.2749798041 0.5000000000
  stp = 220 -13.3768394247 -13.3391998613 -13.3285373110 -13.2753491636 0.5000000000
  stp = 222 -13.3768394247 -13.3391998620 -13.3285376421 -13.2757540656 0.5000000000
  stp = 224 -13.3768394247 -13.3391998625 -13.3285378756 -13.2761770911 0.5000000000
  stp = 226 -13.3768394247 -13.3391998628 -13.3285380391 -13.2766007733 0.5000000000
  stp = 228 -13.3768394247 -13.3391998630 -13.3285381543 -13.2770137792 0.5000000000
  stp = 230 -13.3768394247 -13.3391998631 -13.3285382372 -13.2774151441 0.5000000000
  stp = 232 -13.3768394247 -13.3391998632 -13.3285382966 -13.2777965661 0.5000000000
  stp = 234 -13.3768394247 -13.3391998633 -13.3285383379 -13.2781421189 0.5000000000
  stp = 236 -13.3768394247 -13.3391998633 -13.3285383660 -13.2784426358 0.5000000000
  stp = 238 -13.3768394247 -13.3391998634 -13.3285383851 -13.2786988983 0.5000000000
  stp = 240 -13.3768394247 -13.3391998634 -13.3285383982 -13.2789166989 0.5000000000
  stp = 242 -13.3768394247 -13.3391998634 -13.3285384073 -13.2791039203 0.5000000000
  stp = 244 -13.3768394247 -13.3391998634 -13.3285384138 -13.2792696399 0.5000000000
  stp = 246 -13.3768394247 -13.3391998634 -13.3285384186 -13.2794200200 0.5000000000
  stp = 248 -13.3768394247 -13.3391998634 -13.3285384221 -13.2795566185 0.5000000000
  stp = 250 -13.3768394247 -13.3391998634 -13.3285384246 -13.2796786969 0.5000000000
  stp = 252 -13.3768394247 -13.3391998634 -13.3285384263 -13.2797841917 0.5000000000
  stp = 254 -13.3768394247 -13.3391998634 -13.3285384274 -13.2798721484 0.5000000000
  stp = 256 -13.3768394247 -13.3391998634 -13.3285384282 -13.2799447783 0.5000000000
  stp = 258 -13.3768394247 -13.3391998634 -13.3285384287 -13.2800032467 0.5000000000
  stp = 260 -13.3768394247 -13.3391998634 -13.3285384290 -13.2800477854 0.5000000000
  stp = 262 -13.3768394247 -13.3391998634 -13.3285384292 -13.2800810266 0.5000000000
  stp = 264 -13.3768394247 -13.3391998634 -13.3285384293 -13.2801070399 0.5000000000
  stp = 266 -13.3768394247 -13.3391998634 -13.3285384294 -13.2801286807 0.5000000000

######  End  : Calculate Lanczos EigenValue.  ######

######  Start: Calculate Lanczos Eigenvec.  ######

  Start: Calculate Lanczos Eigenvector.
  End  : Calculate Lanczos Eigenvector.
  Start: Calculate Energy.
  End  : Calculate Energy.

  Accuracy check !!!
  LanczosEnergy = -1.33768394247395e+01 
  EnergyByVec   = -1.33768394246992e+01 
  diff_ene      = 3.01414603707797e-12 
  var           = 4.70510804441124e-12 
  Accuracy of Lanczos vectors is NOT enough

  Start: Calculate EigenVector by CG method.
  End  : Calculate EigenVector by CG method.
  Start: Calculate Energy.
  End  : Calculate Energy.

  CG Accuracy check !!!
  LanczosEnergy = -1.33768394247395e+01
  EnergyByVec   = -1.33768394247395e+01
  diff_ene      = 2.65586927225127e-15
  var           = 2.70930339196191e-15 
 

######  End  : Calculate Lanczos EigenVec.  ######

  Start: Calculate one body Green functions.
  End  : Calculate one body Green functions.

  Start: Calculate two bodies Green functions.
  End  : Calculate two bodies Green functions.

