      ,ammmmmmmmmmmmmmb,,        Welcome to the                 
    ,@@` dm          mb  ===m                                    
  ,@@` d@@@@@@@@@@@@@@@@b Pm,    @@          @@        @@       
 d@  d@@@ @@@ @@@@@@ @@@@b ~@a   @@          @@     @@@@@@@@    
d@   @@@@ ^^^ @@@@ m m @@@   @,  @@          @@   @@@  @@  @@@  
@    @@@@_@@@_@@@@mm mm@@@   @|  @@mmmmmmmmmm@@  @@    @@    @@ 
P@    9@@@@@@@@@@@@@@@@@P    @~  @@@@@@@@@@@@@@  @@    @@    @@ 
 @@      ~~9@@@@@@PPP~      @P   @@          @@   @@@  @@  @@@  
  ~@@b      @@@@@@@      ,@@~    @@          @@     @@@@@@@@    
    ~@@@m,,@@@@@@@@@  ,m@~`      @@          @@        @@       
        ~~9@@@@@@@@@  ~                                         
           9@P~~~9@P             Version 1.1.1                  
                                                                


#####  Parallelization Info.  #####

  OpenMP threads : 24
  MPI PEs : 16 

  Read File 'namelist.def'.
  Read File 'calcmod.def' for CalcMod.
  Read File 'modpara.def' for ModPara.
  Read File 'zlocspn.def' for LocSpin.
  Read File 'zTrans.def' for Trans.
  Read File 'zInterAll.def' for InterAll.
  Read File 'greenone.def' for OneBodyG.
  Read File 'greentwo.def' for TwoBodyG.

######  Definition files are correct.  ######

  Read File 'zlocspn.def'.
  Read File 'zTrans.def'.
  Read File 'zInterAll.def'.
  Read File 'greenone.def'.
  Read File 'greentwo.def'.

######  Indices and Parameters of Definition files(*.def) are complete.  ######

  MAX DIMENSION idim_max=256 
  APPROXIMATE REQUIRED MEMORY  max_mem=0.000025 GB 


######  MPI site separation summary  ######

  INTRA process site
    Site    Bit
       0       2
       1       2
       2       2
       3       2
       4       2
       5       2
       6       2
       7       2

  INTER process site
    Site    Bit
       8       2
       9       2
      10       2
      11       2

  Process element info
    Process       Dimension   Nup  Ndown  Nelec  Total2Sz   State
          0             256     0      0      0         0   0000
          1             256     0      0      0         0   1000
          2             256     0      0      0         0   0100
          3             256     0      0      0         0   1100
          4             256     0      0      0         0   0010
          5             256     0      0      0         0   1010
          6             256     0      0      0         0   0110
          7             256     0      0      0         0   1110
          8             256     0      0      0         0   0001
          9             256     0      0      0         0   1001
         10             256     0      0      0         0   0101
         11             256     0      0      0         0   1101
         12             256     0      0      0         0   0011
         13             256     0      0      0         0   1011
         14             256     0      0      0         0   0111
         15             256     0      0      0         0   1111

   Total dimension : 4096


######  LARGE ALLOCATE FINISH !  ######

  Start: Calculate HilbertNum for fixed Sz. 
  End  : Calculate HilbertNum for fixed Sz. 

  Start: Calculate diagaonal components of Hamiltonian. 
  End  : Calculate diagaonal components of Hamiltonian. 

######  Start: Calculate Lanczos Eigenvalue.  ######

  initial_mode=1 (random): iv = -1 i_max=256 k_exct =1 

  LanczosStep  E[1] E[2] E[3] E[4] E_Max/Nsite
  stp = 2 -1.0910941058 1.0382938831 xxxxxxxxxx xxxxxxxxx xxxxxxxxx 
  stp = 4 -2.0185207582 -0.7003524252 0.6713277423 1.9746071683 0.1645505974
  stp = 6 -2.2190613421 -1.4243505703 -0.5009518794 0.4982999877 0.1838827544
  stp = 8 -2.2803062884 -1.8505917002 -1.1518578402 -0.4001388280 0.1901405241
  stp = 10 -2.3375689575 -2.1257373142 -1.5944226129 -0.9912318537 0.1943424718
  stp = 12 -2.4006454879 -2.2186125089 -1.8030868518 -1.3247156403 0.1993963455
  stp = 14 -2.4272513766 -2.2478316086 -1.9946943138 -1.6551742990 0.2017638498
  stp = 16 -2.4428087906 -2.2800769839 -2.1432608185 -1.7853945012 0.2032676254
  stp = 18 -2.4481364194 -2.3007441651 -2.1841551414 -1.8763736606 0.2039436369
  stp = 20 -2.4493988767 -2.3095519452 -2.2005499949 -1.9941761351 0.2041005144
  stp = 22 -2.4498779914 -2.3171329952 -2.2236126414 -2.1224479019 0.2041498872
  stp = 24 -2.4500205154 -2.3227500233 -2.2469544822 -2.1620916289 0.2041662882
  stp = 26 -2.4500544391 -2.3257368807 -2.2596369715 -2.1755610195 0.2041704931
  stp = 28 -2.4500656478 -2.3280808095 -2.2709974022 -2.1908114010 0.2041718843
  stp = 30 -2.4500690275 -2.3299265996 -2.2813747194 -2.2103681622 0.2041723215
  stp = 32 -2.4500701071 -2.3316188785 -2.2916796960 -2.2303807936 0.2041724844
  stp = 34 -2.4500705075 -2.3337618105 -2.3032442601 -2.2481767521 0.2041725391
  stp = 36 -2.4500706184 -2.3357870418 -2.3108513793 -2.2578328370 0.2041725510
  stp = 38 -2.4500706591 -2.3382290312 -2.3168987929 -2.2663847929 0.2041725548
  stp = 40 -2.4500706712 -2.3403842038 -2.3205076650 -2.2730400546 0.2041725559
  stp = 42 -2.4500706740 -2.3415923668 -2.3221454258 -2.2771591618 0.2041725562
  stp = 44 -2.4500706749 -2.3424503026 -2.3232690248 -2.2812283258 0.2041725562
  stp = 46 -2.4500706750 -2.3427199596 -2.3236394149 -2.2830660395 0.2041725563
  stp = 48 -2.4500706751 -2.3427674719 -2.3237097616 -2.2834998486 0.2041725563
  stp = 50 -2.4500706751 -2.3427748432 -2.3237216193 -2.2835888111 0.2041725563
  stp = 52 -2.4500706751 -2.3427776265 -2.3237265842 -2.2836364175 0.2041725563
  stp = 54 -2.4500706751 -2.3427784828 -2.3237283036 -2.2836585104 0.2041725563
  stp = 56 -2.4500706751 -2.3427786588 -2.3237286957 -2.2836650462 0.2041725563
  stp = 58 -2.4500706751 -2.3427786926 -2.3237287784 -2.2836667761 0.2041725563
  stp = 60 -2.4500706751 -2.3427787216 -2.3237288638 -2.2836697347 0.2041725563
  stp = 62 -2.4500706751 -2.3427787882 -2.3237292496 -2.3037820726 0.2041725563
  stp = 64 -2.4500706751 -2.3427788274 -2.3237299874 -2.3162937561 0.2041725563
  stp = 66 -2.4500706751 -2.3427788453 -2.3237311544 -2.3200651034 0.2041725563
  stp = 68 -2.4500706751 -2.3427788579 -2.3237353563 -2.3224550560 0.2041725563
  stp = 70 -2.4500706751 -2.3427788599 -2.3237380002 -2.3228279145 0.2041725563
  stp = 72 -2.4500706751 -2.3427788601 -2.3237384097 -2.3228671239 0.2041725563
  stp = 74 -2.4500706751 -2.3427788601 -2.3237384667 -2.3228723296 0.2041725563
  stp = 76 -2.4500706751 -2.3427788601 -2.3237384905 -2.3228744927 0.2041725563
  stp = 78 -2.4500706751 -2.3427788601 -2.3237385016 -2.3228755089 0.2041725563
  stp = 80 -2.4500706751 -2.3427788601 -2.3237385031 -2.3228756452 0.2041725563
  stp = 82 -2.4500706751 -2.3427788601 -2.3237385032 -2.3228756549 0.2041725563
  stp = 84 -2.4500706751 -2.3427788601 -2.3237385032 -2.3228756555 0.2041725563

######  End  : Calculate Lanczos EigenValue.  ######

######  Start: Calculate Lanczos Eigenvec.  ######

  Start: Calculate Lanczos Eigenvector.
  End  : Calculate Lanczos Eigenvector.
  Start: Calculate Energy.
  End  : Calculate Energy.

  Accuracy check !!!
  LanczosEnergy = -2.45007067506078e+00 
  EnergyByVec   = -2.44529208464775e+00 
  diff_ene      = 1.95038880374570e-03 
  var           = 2.30618762818688e-03 
  Accuracy of Lanczos vectors is NOT enough

  Start: Calculate EigenVector by CG method.
  End  : Calculate EigenVector by CG method.
  Start: Calculate Energy.
  End  : Calculate Energy.

  CG Accuracy check !!!
  LanczosEnergy = -2.45007067506078e+00
  EnergyByVec   = -2.45007067506078e+00
  diff_ene      = 5.43767019911432e-16
  var           = 2.64156268162073e-16 
 

######  End  : Calculate Lanczos EigenVec.  ######

  Start: Calculate one body Green functions.
  End  : Calculate one body Green functions.

  Start: Calculate two bodies Green functions.
  End  : Calculate two bodies Green functions.

