                                                                
      ,ammmmmmmmmmmmmmb,,        Welcome to the                 
    ,@@` dm          mb  ===m                                    
  ,@@` d@@@@@@@@@@@@@@@@b Pm,    @@          @@        @@       
 d@  d@@@ @@@ @@@@@@ @@@@b ~@a   @@          @@     @@@@@@@@    
d@   @@@@ ^^^ @@@@ m m @@@   @,  @@          @@   @@@  @@  @@@  
@    @@@@_@@@_@@@@mm mm@@@   @|  @@mmmmmmmmmm@@  @@    @@    @@ 
P@    9@@@@@@@@@@@@@@@@@P    @~  @@@@@@@@@@@@@@  @@    @@    @@ 
 @@      ~~9@@@@@@PPP~      @P   @@          @@   @@@  @@  @@@  
  ~@@b      @@@@@@@      ,@@~    @@          @@     @@@@@@@@    
    ~@@@m,,@@@@@@@@@  ,m@~`      @@          @@        @@       
        ~~9@@@@@@@@@  ~                                         
           9@P~~~9@P             Version 1.1                    
                                                                


#####  Parallelization Info.  #####

  OpenMP threads : 24
  MPI PEs : 16 


######  Standard Intarface Mode STARTS  ######

  Open Standard-Mode Inputfile StdFace.def 

  KEYWORD : l                    | VALUE : 4 
  KEYWORD : model                | VALUE : kondolattice 
  KEYWORD : method               | VALUE : lanczos 
  Skipping a line.
  Skipping a line.
  KEYWORD : lattice              | VALUE : chain 
  KEYWORD : t                    | VALUE : 1.0 
  KEYWORD : j                    | VALUE : 4.0 
  KEYWORD : nelec                | VALUE : 4 
  KEYWORD : 2sz                  | VALUE : 0 

#######  Parameter Summary  #######

  @ Lattice Size & Shape

                L = 4  
                a = 1.00000     ######  DEFAULT VALUE IS USED  ######

  @ Hamiltonian 

               mu = 0.00000     ######  DEFAULT VALUE IS USED  ######
                U = 0.00000     ######  DEFAULT VALUE IS USED  ######
               t0 = 1.00000   
               t' = 0.00000    0.00000     ######  DEFAULT VALUE IS USED  ######
               V' = 0.00000     ######  DEFAULT VALUE IS USED  ######
               2S = 1           ######  DEFAULT VALUE IS USED  ######
               Jx = 4.00000   
               Jy = 4.00000   
               Jz = 4.00000   

  @ Numerical conditions

       LargeValue = 6.00000     ######  DEFAULT VALUE IS USED  ######
         filehead = zvo         ######  DEFAULT VALUE IS USED  ######
      Lanczos_max = 2000        ######  DEFAULT VALUE IS USED  ######
       initial_iv = -1          ######  DEFAULT VALUE IS USED  ######
             nvec = 1           ######  DEFAULT VALUE IS USED  ######
             exct = 1           ######  DEFAULT VALUE IS USED  ######
       LanczosEps = 14          ######  DEFAULT VALUE IS USED  ######
    LanczosTarget = 2           ######  DEFAULT VALUE IS USED  ######
           NumAve = 5           ######  DEFAULT VALUE IS USED  ######
    ExpecInterval = 20          ######  DEFAULT VALUE IS USED  ######
            nelec = 4  
      ioutputmode = 1           ######  DEFAULT VALUE IS USED  ######

######  Print Expert input files  ######

    zlocspin.def is written.
      zTrans.def is written.
   zInterAll.def is written.
    namelist.def is written.
     calcmod.def is written.
     modpara.def is written.
    greenone.def is written.
    greentwo.def is written.

######  Input files are generated.  ######

  Read File 'namelist.def'.
  Read File 'calcmod.def' for CalcMod.
  Read File 'modpara.def' for ModPara.
  Read File 'zlocspn.def' for LocSpin.
  Read File 'zTrans.def' for Trans.
  Read File 'zInterAll.def' for InterAll.
  Read File 'greenone.def' for OneBodyG.
  Read File 'greentwo.def' for TwoBodyG.

######  Definition files are correct.  ######

  Read File 'zlocspn.def'.
  Read File 'zTrans.def'.
  Read File 'zInterAll.def'.
  Read File 'greenone.def'.
  Read File 'greentwo.def'.

######  Indices and Parameters of Definition files(*.def) are complete.  ######

  MAX DIMENSION idim_max=32 
  APPROXIMATE REQUIRED MEMORY  max_mem=0.000003 GB 


######  MPI site separation summary  ######

  INTRA process site
    Site    Bit
       0       4
       1       4
       2       4
       3       4
       4       4
       5       4

  INTER process site
    Site    Bit
       6       4
       7       4

  Process element info
    Process       Dimension   Nup  Ndown  Nelec  Total2Sz   State
          0               6     4      4      8         0   0000
          1              20     3      4      7         0   0100
          2              20     4      3      7         0   1000
          3              32     3      3      6         0   1100
          4              20     3      4      7         0   0001
          5              23     2      4      6         0   0101
          6              32     3      3      6         0   1001
          7              20     2      3      5         0   1101
          8              20     4      3      7         0   0010
          9              32     3      3      6         0   0110
         10              23     4      2      6         0   1010
         11              20     3      2      5         0   1110
         12              32     3      3      6         0   0011
         13              20     2      3      5         0   0111
         14              20     3      2      5         0   1011
         15               6     2      2      4         0   1111

   Total dimension : 346


######  LARGE ALLOCATE FINISH !  ######

  Start: Calculate HilbertNum for fixed Sz. 
  j = 0 loc 1 
  j = 1 loc 1 
  j = 2 loc 1 
  j = 3 loc 1 
  j = 4 loc 0 
  j = 5 loc 0 
  N_all_up=4 N_all_down=4 
  End  : Calculate HilbertNum for fixed Sz. 

  Start: Calculate diagaonal components of Hamiltonian. 
  End  : Calculate diagaonal components of Hamiltonian. 

######  Start: Calculate Lanczos Eigenvalue.  ######

  initial_mode=1 (random): iv = -1 i_max=6 k_exct =1 

  LanczosStep  E[1] E[2] E[3] E[4] E_Max/Nsite
  stp = 2 -4.6402130891 2.4860454368 xxxxxxxxxx xxxxxxxxx xxxxxxxxx 
  stp = 4 -10.1460413333 -4.3286855296 0.6064482420 5.0176928328 0.6272116041
  stp = 6 -12.4537540884 -8.0398912250 -3.7486035554 -0.1765101031 0.7274920397
  stp = 8 -12.6648743229 -9.1522787382 -6.7562613152 -3.3964895719 0.7692132574
  stp = 10 -12.6771257746 -9.6291368065 -7.8720590166 -5.5466463963 0.7892304027
  stp = 12 -12.6776020047 -9.7654807213 -8.4273506643 -6.9968012102 0.8025794436
  stp = 14 -12.6776207139 -9.8141608500 -8.8496605728 -7.7144160980 0.8119094246
  stp = 16 -12.6776213623 -9.8310890429 -9.0922558815 -8.1217582634 0.8168428621
  stp = 18 -12.6776213779 -9.8344354026 -9.1680326305 -8.3106589492 0.8194539482
  stp = 20 -12.6776213782 -9.8347740184 -9.1811479440 -8.3746407315 0.8211026655
  stp = 22 -12.6776213782 -9.8347968258 -9.1826792854 -8.3918237353 0.8224113599
  stp = 24 -12.6776213782 -9.8347988428 -9.1829245864 -8.3996669260 0.8233114732
  stp = 26 -12.6776213782 -9.8347989525 -9.1829479729 -8.4017615189 0.8239227654
  stp = 28 -12.6776213782 -9.8347989634 -9.1829521714 -8.4029134459 0.8245471855
  stp = 30 -12.6776213782 -9.8347989641 -9.1829526764 -8.4033815977 0.8248870613
  stp = 32 -12.6776213782 -9.8347989642 -9.1829527306 -8.4035222296 0.8251189710
  stp = 34 -12.6776213782 -9.8347989642 -9.1829527354 -8.4035534784 0.8253075241
  stp = 36 -12.6776213782 -9.8347989642 -9.1829527358 -8.4035598639 0.8256513259
  stp = 38 -12.6776213782 -9.8347989642 -9.1829527358 -8.4035605103 0.8259286205

######  End  : Calculate Lanczos EigenValue.  ######

######  Start: Calculate Lanczos Eigenvec.  ######

  Start: Calculate Lanczos Eigenvector.
  End  : Calculate Lanczos Eigenvector.
  Start: Calculate Energy.
  End  : Calculate Energy.

  Accuracy check !!!
  LanczosEnergy = -1.26776213781764e+01 
  EnergyByVec   = -1.26105509490184e+01 
  diff_ene      = 5.29045845094245e-03 
  var           = 5.46538037952672e-03 
  Accuracy of Lanczos vectors is NOT enough

  Start: Calculate EigenVector by CG method.
  End  : Calculate EigenVector by CG method.
  Start: Calculate Energy.
  End  : Calculate Energy.

  CG Accuracy check !!!
  LanczosEnergy = -1.26776213781764e+01
  EnergyByVec   = -1.26776213781764e+01
  diff_ene      = 1.40117517822240e-16
  var           = 1.46806486477943e-17 
 

######  End  : Calculate Lanczos EigenVec.  ######

  Start: Calculate one body Green functions.
  End  : Calculate one body Green functions.

  Start: Calculate two bodies Green functions.
  End  : Calculate two bodies Green functions.

