      ,ammmmmmmmmmmmmmb,,        Welcome to the                 
    ,@@` dm          mb  ===m                                    
  ,@@` d@@@@@@@@@@@@@@@@b Pm,    @@          @@        @@       
 d@  d@@@ @@@ @@@@@@ @@@@b ~@a   @@          @@     @@@@@@@@    
d@   @@@@ ^^^ @@@@ m m @@@   @,  @@          @@   @@@  @@  @@@  
@    @@@@_@@@_@@@@mm mm@@@   @|  @@mmmmmmmmmm@@  @@    @@    @@ 
P@    9@@@@@@@@@@@@@@@@@P    @~  @@@@@@@@@@@@@@  @@    @@    @@ 
 @@      ~~9@@@@@@PPP~      @P   @@          @@   @@@  @@  @@@  
  ~@@b      @@@@@@@      ,@@~    @@          @@     @@@@@@@@    
    ~@@@m,,@@@@@@@@@  ,m@~`      @@          @@        @@       
        ~~9@@@@@@@@@  ~                                         
           9@P~~~9@P             Version 1.2.0    
                                                                


#####  Parallelization Info.  #####

  OpenMP threads : 24
  MPI PEs : 16 


######  Standard Intarface Mode STARTS  ######

  Open Standard-Mode Inputfile StdFace2.def 

  KEYWORD : method               | VALUE : tpq 
  KEYWORD : l                    | VALUE : 4 
  KEYWORD : model                | VALUE : kondolattice 
  KEYWORD : lattice              | VALUE : chain 
  KEYWORD : t                    | VALUE : 1.0 
  KEYWORD : j                    | VALUE : 4.0 
  KEYWORD : nelec                | VALUE : 4 
  KEYWORD : 2sz                  | VALUE : 0 

#######  Parameter Summary  #######

  @ Lattice Size & Shape

                L = 4  
                a = 1.00000     ######  DEFAULT VALUE IS USED  ######

  @ Hamiltonian 

               mu = 0.00000     ######  DEFAULT VALUE IS USED  ######
                U = 0.00000     ######  DEFAULT VALUE IS USED  ######
               t0 = 1.00000   
               t' = 0.00000    0.00000     ######  DEFAULT VALUE IS USED  ######
               V' = 0.00000     ######  DEFAULT VALUE IS USED  ######
               2S = 1           ######  DEFAULT VALUE IS USED  ######
               Jx = 4.00000   
               Jy = 4.00000   
               Jz = 4.00000   

  @ Numerical conditions

       LargeValue = 6.00000     ######  DEFAULT VALUE IS USED  ######
         filehead = zvo         ######  DEFAULT VALUE IS USED  ######
      Lanczos_max = 2000        ######  DEFAULT VALUE IS USED  ######
       initial_iv = -1          ######  DEFAULT VALUE IS USED  ######
             exct = 1           ######  DEFAULT VALUE IS USED  ######
       LanczosEps = 14          ######  DEFAULT VALUE IS USED  ######
    LanczosTarget = 2           ######  DEFAULT VALUE IS USED  ######
           NumAve = 5           ######  DEFAULT VALUE IS USED  ######
    ExpecInterval = 20          ######  DEFAULT VALUE IS USED  ######
            nelec = 4  
      ioutputmode = 1           ######  DEFAULT VALUE IS USED  ######

######  Print Expert input files  ######

    zlocspin.def is written.
      zTrans.def is written.
   zInterAll.def is written.
    namelist.def is written.
     calcmod.def is written.
     modpara.def is written.
    greenone.def is written.
    greentwo.def is written.

######  Input files are generated.  ######

  Read File 'namelist.def'.
  Read File 'calcmod.def' for CalcMod.
  Read File 'modpara.def' for ModPara.
  Read File 'zlocspn.def' for LocSpin.
  Read File 'zTrans.def' for Trans.
  Read File 'zInterAll.def' for InterAll.
  Read File 'greenone.def' for OneBodyG.
  Read File 'greentwo.def' for TwoBodyG.

######  Definition files are correct.  ######

  Read File 'zlocspn.def'.
  Read File 'zTrans.def'.
  Read File 'zInterAll.def'.
  Read File 'greenone.def'.
  Read File 'greentwo.def'.

######  Indices and Parameters of Definition files(*.def) are complete.  ######

  MAX DIMENSION idim_max=32 
  APPROXIMATE REQUIRED MEMORY  max_mem=0.000002 GB 


######  MPI site separation summary  ######

  INTRA process site
    Site    Bit
       0       4
       1       4
       2       4
       3       4
       4       4
       5       4

  INTER process site
    Site    Bit
       6       4
       7       4

  Process element info
    Process       Dimension   Nup  Ndown  Nelec  Total2Sz   State
          0               6     4      4      8         0   0000
          1              20     3      4      7         0   0100
          2              20     4      3      7         0   1000
          3              32     3      3      6         0   1100
          4              20     3      4      7         0   0001
          5              23     2      4      6         0   0101
          6              32     3      3      6         0   1001
          7              20     2      3      5         0   1101
          8              20     4      3      7         0   0010
          9              32     3      3      6         0   0110
         10              23     4      2      6         0   1010
         11              20     3      2      5         0   1110
         12              32     3      3      6         0   0011
         13              20     2      3      5         0   0111
         14              20     3      2      5         0   1011
         15               6     2      2      4         0   1111

   Total dimension : 346


######  LARGE ALLOCATE FINISH !  ######

  Start: Calculate HilbertNum for fixed Sz. 
  j = 0 loc 1 
  j = 1 loc 1 
  j = 2 loc 1 
  j = 3 loc 1 
  j = 4 loc 0 
  j = 5 loc 0 
  N_all_up=4 N_all_down=4 
  End  : Calculate HilbertNum for fixed Sz. 

  Start: Calculate diagaonal components of Hamiltonian. 
  End  : Calculate diagaonal components of Hamiltonian. 

######  Start: TPQCalculation.  ######

  rand_i / rand_max = 1 / 5
    step_i/total_step=200/2000 
    step_i/total_step=400/2000 
    step_i/total_step=600/2000 
    step_i/total_step=800/2000 
    step_i/total_step=1000/2000 
    step_i/total_step=1200/2000 
    step_i/total_step=1400/2000 
    step_i/total_step=1600/2000 
    step_i/total_step=1800/2000 
  rand_i / rand_max = 2 / 5
    step_i/total_step=200/2000 
    step_i/total_step=400/2000 
    step_i/total_step=600/2000 
    step_i/total_step=800/2000 
    step_i/total_step=1000/2000 
    step_i/total_step=1200/2000 
    step_i/total_step=1400/2000 
    step_i/total_step=1600/2000 
    step_i/total_step=1800/2000 
  rand_i / rand_max = 3 / 5
    step_i/total_step=200/2000 
    step_i/total_step=400/2000 
    step_i/total_step=600/2000 
    step_i/total_step=800/2000 
    step_i/total_step=1000/2000 
    step_i/total_step=1200/2000 
    step_i/total_step=1400/2000 
    step_i/total_step=1600/2000 
    step_i/total_step=1800/2000 
  rand_i / rand_max = 4 / 5
    step_i/total_step=200/2000 
    step_i/total_step=400/2000 
    step_i/total_step=600/2000 
    step_i/total_step=800/2000 
    step_i/total_step=1000/2000 
    step_i/total_step=1200/2000 
    step_i/total_step=1400/2000 
    step_i/total_step=1600/2000 
    step_i/total_step=1800/2000 
  rand_i / rand_max = 5 / 5
    step_i/total_step=200/2000 
    step_i/total_step=400/2000 
    step_i/total_step=600/2000 
    step_i/total_step=800/2000 
    step_i/total_step=1000/2000 
    step_i/total_step=1200/2000 
    step_i/total_step=1400/2000 
    step_i/total_step=1600/2000 
    step_i/total_step=1800/2000 
######  End  : TPQCalculation.  ######

Finish: Elapsed time is 14 [s].
