Checking CG_EigenVector.c...
Checking CG_EigenVector.c: BIG_ENDIAN;BYTE_ORDER...
Checking CG_EigenVector.c: DSFMT_BIG_ENDIAN;__amd64...
Checking CG_EigenVector.c: DSFMT_DO_NOT_USE_OLD_NAMES...
Checking CG_EigenVector.c: HAVE_ALTIVEC...
Checking CG_EigenVector.c: HAVE_ALTIVEC;__APPLE__...
Checking CG_EigenVector.c: HAVE_SSE2...
Checking CG_EigenVector.c: _BIG_ENDIAN;_BYTE_ORDER...
Checking CG_EigenVector.c: _MSC_VER...
Checking CG_EigenVector.c: __BIG_ENDIAN;__BYTE_ORDER...
Checking CG_EigenVector.c: __BIG_ENDIAN__;__BYTE_ORDER__...
Checking CG_EigenVector.c: __GNUC__...
1/45 files checked 1% done
Checking CalcByFullDiag.c...
Checking CalcByFullDiag.c: BIG_ENDIAN;BYTE_ORDER...
Checking CalcByFullDiag.c: DSFMT_BIG_ENDIAN;__amd64...
Checking CalcByFullDiag.c: DSFMT_DO_NOT_USE_OLD_NAMES...
Checking CalcByFullDiag.c: HAVE_ALTIVEC...
Checking CalcByFullDiag.c: HAVE_ALTIVEC;__APPLE__...
Checking CalcByFullDiag.c: HAVE_SSE2...
Checking CalcByFullDiag.c: _BIG_ENDIAN;_BYTE_ORDER...
Checking CalcByFullDiag.c: _MSC_VER...
Checking CalcByFullDiag.c: __BIG_ENDIAN;__BYTE_ORDER...
Checking CalcByFullDiag.c: __BIG_ENDIAN__;__BYTE_ORDER__...
Checking CalcByFullDiag.c: __GNUC__...
2/45 files checked 1% done
Checking CalcByLanczos.c...
Checking CalcByLanczos.c: BIG_ENDIAN;BYTE_ORDER...
Checking CalcByLanczos.c: DSFMT_BIG_ENDIAN;__amd64...
Checking CalcByLanczos.c: DSFMT_DO_NOT_USE_OLD_NAMES...
Checking CalcByLanczos.c: HAVE_ALTIVEC...
Checking CalcByLanczos.c: HAVE_ALTIVEC;__APPLE__...
Checking CalcByLanczos.c: HAVE_SSE2...
Checking CalcByLanczos.c: _BIG_ENDIAN;_BYTE_ORDER...
Checking CalcByLanczos.c: _MSC_VER...
Checking CalcByLanczos.c: __BIG_ENDIAN;__BYTE_ORDER...
Checking CalcByLanczos.c: __BIG_ENDIAN__;__BYTE_ORDER__...
Checking CalcByLanczos.c: __GNUC__...
3/45 files checked 2% done
Checking CalcByTPQ.c...
Checking CalcByTPQ.c: BIG_ENDIAN;BYTE_ORDER...
Checking CalcByTPQ.c: DSFMT_BIG_ENDIAN;__amd64...
Checking CalcByTPQ.c: DSFMT_DO_NOT_USE_OLD_NAMES...
Checking CalcByTPQ.c: HAVE_ALTIVEC...
Checking CalcByTPQ.c: HAVE_ALTIVEC;__APPLE__...
Checking CalcByTPQ.c: HAVE_SSE2...
Checking CalcByTPQ.c: _BIG_ENDIAN;_BYTE_ORDER...
Checking CalcByTPQ.c: _MSC_VER...
Checking CalcByTPQ.c: __BIG_ENDIAN;__BYTE_ORDER...
Checking CalcByTPQ.c: __BIG_ENDIAN__;__BYTE_ORDER__...
Checking CalcByTPQ.c: __GNUC__...
4/45 files checked 3% done
Checking CalcByTPQy.c...
Checking CalcByTPQy.c: BIG_ENDIAN;BYTE_ORDER...
Checking CalcByTPQy.c: DSFMT_BIG_ENDIAN;__amd64...
Checking CalcByTPQy.c: DSFMT_DO_NOT_USE_OLD_NAMES...
Checking CalcByTPQy.c: HAVE_ALTIVEC...
Checking CalcByTPQy.c: HAVE_ALTIVEC;__APPLE__...
Checking CalcByTPQy.c: HAVE_SSE2...
Checking CalcByTPQy.c: _BIG_ENDIAN;_BYTE_ORDER...
Checking CalcByTPQy.c: _MSC_VER...
Checking CalcByTPQy.c: __BIG_ENDIAN;__BYTE_ORDER...
Checking CalcByTPQy.c: __BIG_ENDIAN__;__BYTE_ORDER__...
Checking CalcByTPQy.c: __GNUC__...
5/45 files checked 3% done
Checking CheckMPI.c...
Checking CheckMPI.c: BIG_ENDIAN;BYTE_ORDER...
Checking CheckMPI.c: DSFMT_BIG_ENDIAN;__amd64...
Checking CheckMPI.c: DSFMT_DO_NOT_USE_OLD_NAMES...
Checking CheckMPI.c: HAVE_ALTIVEC...
Checking CheckMPI.c: HAVE_ALTIVEC;__APPLE__...
Checking CheckMPI.c: HAVE_SSE2...
Checking CheckMPI.c: _BIG_ENDIAN;_BYTE_ORDER...
Checking CheckMPI.c: _MSC_VER...
Checking CheckMPI.c: __BIG_ENDIAN;__BYTE_ORDER...
Checking CheckMPI.c: __BIG_ENDIAN__;__BYTE_ORDER__...
Checking CheckMPI.c: __GNUC__...
6/45 files checked 6% done
Checking ErrorMessage.c...
7/45 files checked 6% done
Checking FileIO.c...
Checking FileIO.c: BIG_ENDIAN;BYTE_ORDER...
Checking FileIO.c: DSFMT_BIG_ENDIAN;__amd64...
Checking FileIO.c: DSFMT_DO_NOT_USE_OLD_NAMES...
Checking FileIO.c: HAVE_ALTIVEC...
Checking FileIO.c: HAVE_ALTIVEC;__APPLE__...
Checking FileIO.c: HAVE_SSE2...
Checking FileIO.c: _BIG_ENDIAN;_BYTE_ORDER...
Checking FileIO.c: _MSC_VER...
Checking FileIO.c: __BIG_ENDIAN;__BYTE_ORDER...
Checking FileIO.c: __BIG_ENDIAN__;__BYTE_ORDER__...
Checking FileIO.c: __GNUC__...
8/45 files checked 7% done
Checking FirstMultiply.c...
Checking FirstMultiply.c: BIG_ENDIAN;BYTE_ORDER...
Checking FirstMultiply.c: DSFMT_BIG_ENDIAN;__amd64...
Checking FirstMultiply.c: DSFMT_DO_NOT_USE_OLD_NAMES...
Checking FirstMultiply.c: HAVE_ALTIVEC...
Checking FirstMultiply.c: HAVE_ALTIVEC;__APPLE__...
Checking FirstMultiply.c: HAVE_SSE2...
Checking FirstMultiply.c: _BIG_ENDIAN;_BYTE_ORDER...
Checking FirstMultiply.c: _MSC_VER...
Checking FirstMultiply.c: __BIG_ENDIAN;__BYTE_ORDER...
Checking FirstMultiply.c: __BIG_ENDIAN__;__BYTE_ORDER__...
Checking FirstMultiply.c: __GNUC__...
9/45 files checked 7% done
Checking HPhiMain.c...
Checking HPhiMain.c: BIG_ENDIAN;BYTE_ORDER...
Checking HPhiMain.c: DSFMT_BIG_ENDIAN;__amd64...
Checking HPhiMain.c: DSFMT_DO_NOT_USE_OLD_NAMES...
Checking HPhiMain.c: HAVE_ALTIVEC...
Checking HPhiMain.c: HAVE_ALTIVEC;__APPLE__...
Checking HPhiMain.c: HAVE_SSE2...
Checking HPhiMain.c: _BIG_ENDIAN;_BYTE_ORDER...
Checking HPhiMain.c: _MSC_VER...
Checking HPhiMain.c: __BIG_ENDIAN;__BYTE_ORDER...
Checking HPhiMain.c: __BIG_ENDIAN__;__BYTE_ORDER__...
Checking HPhiMain.c: __GNUC__...
10/45 files checked 8% done
Checking HPhiTrans.c...
Checking HPhiTrans.c: BIG_ENDIAN;BYTE_ORDER...
Checking HPhiTrans.c: DSFMT_BIG_ENDIAN;__amd64...
Checking HPhiTrans.c: DSFMT_DO_NOT_USE_OLD_NAMES...
Checking HPhiTrans.c: HAVE_ALTIVEC...
Checking HPhiTrans.c: HAVE_ALTIVEC;__APPLE__...
Checking HPhiTrans.c: HAVE_SSE2...
Checking HPhiTrans.c: _BIG_ENDIAN;_BYTE_ORDER...
Checking HPhiTrans.c: _MSC_VER...
Checking HPhiTrans.c: __BIG_ENDIAN;__BYTE_ORDER...
Checking HPhiTrans.c: __BIG_ENDIAN__;__BYTE_ORDER__...
Checking HPhiTrans.c: __GNUC__...
11/45 files checked 9% done
Checking Lanczos_EigenValue.c...
Checking Lanczos_EigenValue.c: BIG_ENDIAN;BYTE_ORDER...
Checking Lanczos_EigenValue.c: DSFMT_BIG_ENDIAN;__amd64...
Checking Lanczos_EigenValue.c: DSFMT_DO_NOT_USE_OLD_NAMES...
