      ,ammmmmmmmmmmmmmb,,        Welcome to the                 
    ,@@` dm          mb  ===m                                    
  ,@@` d@@@@@@@@@@@@@@@@b Pm,    @@          @@        @@       
 d@  d@@@ @@@ @@@@@@ @@@@b ~@a   @@          @@     @@@@@@@@    
d@   @@@@ ^^^ @@@@ m m @@@   @,  @@          @@   @@@  @@  @@@  
@    @@@@_@@@_@@@@mm mm@@@   @|  @@mmmmmmmmmm@@  @@    @@    @@ 
P@    9@@@@@@@@@@@@@@@@@P    @~  @@@@@@@@@@@@@@  @@    @@    @@ 
 @@      ~~9@@@@@@PPP~      @P   @@          @@   @@@  @@  @@@  
  ~@@b      @@@@@@@      ,@@~    @@          @@     @@@@@@@@    
    ~@@@m,,@@@@@@@@@  ,m@~`      @@          @@        @@       
        ~~9@@@@@@@@@  ~                                         
           9@P~~~9@P             Version 2.0.0    
                                                                


#####  Parallelization Info.  #####

  OpenMP threads : 24
  MPI PEs : 16 


######  Standard Intarface Mode STARTS  ######

  Open Standard-Mode Inputfile StdFace2.def 

  KEYWORD : method               | VALUE : TPQ 
  KEYWORD : w                    | VALUE : 4 
  KEYWORD : l                    | VALUE : 2 
  KEYWORD : model                | VALUE : FermionHubbard 
  KEYWORD : lattice              | VALUE : Tetragonal 
  KEYWORD : t                    | VALUE : 1.0 
  KEYWORD : u                    | VALUE : 4.0 
  KEYWORD : nelec                | VALUE : 8 
  KEYWORD : 2sz                  | VALUE : 0 
  Skipping a line.
  Skipping a line.

#######  Parameter Summary  #######

  @ Lattice Size & Shape

                a = 1.00000     ######  DEFAULT VALUE IS USED  ######
          Wlength = 1.00000     ######  DEFAULT VALUE IS USED  ######
          Llength = 1.00000     ######  DEFAULT VALUE IS USED  ######
               Wx = 1.00000     ######  DEFAULT VALUE IS USED  ######
               Wy = 0.00000     ######  DEFAULT VALUE IS USED  ######
               Lx = 0.00000     ######  DEFAULT VALUE IS USED  ######
               Ly = 1.00000     ######  DEFAULT VALUE IS USED  ######
           phase0 = 0.00000     ######  DEFAULT VALUE IS USED  ######
           phase1 = 0.00000     ######  DEFAULT VALUE IS USED  ######

  @ Super-Lattice setting

                L = 2         
                W = 4         
           Height = 1           ######  DEFAULT VALUE IS USED  ######
         Number of Cell = 8

  @ Hamiltonian 

               mu = 0.00000     ######  DEFAULT VALUE IS USED  ######
                U = 4.00000   
               t0 = 1.00000    0.00000   
               t1 = 1.00000    0.00000   
               t' = 0.00000    0.00000     ######  DEFAULT VALUE IS USED  ######
               V' = 0.00000     ######  DEFAULT VALUE IS USED  ######

  @ Numerical conditions

       LargeValue = 12.00000    ######  DEFAULT VALUE IS USED  ######

######  Print Expert input files  ######

    locspn.def is written.
      trans.def is written.
    coulombintra.def is written.

  @ Spectrum

       SpectrumQW = 0.00000     ######  DEFAULT VALUE IS USED  ######
       SpectrumQL = 0.00000     ######  DEFAULT VALUE IS USED  ######
       SpectrumQH = 0.00000     ######  DEFAULT VALUE IS USED  ######
     SpectrumType = szsz        ######  DEFAULT VALUE IS USED  ######
        pair.def is written.


  @ CalcMod

          Restart = none        ######  DEFAULT VALUE IS USED  ######
   InitialVecType = c           ######  DEFAULT VALUE IS USED  ######
       EigenVecIO = none        ######  DEFAULT VALUE IS USED  ######
         CalcSpec = none        ######  DEFAULT VALUE IS USED  ######
     calcmod.def is written.

    CDataFileHead = zvo         ######  DEFAULT VALUE IS USED  ######
      Lanczos_max = 2000        ######  DEFAULT VALUE IS USED  ######
       initial_iv = -1          ######  DEFAULT VALUE IS USED  ######
             exct = 1           ######  DEFAULT VALUE IS USED  ######
       LanczosEps = 14          ######  DEFAULT VALUE IS USED  ######
    LanczosTarget = 2           ######  DEFAULT VALUE IS USED  ######
           NumAve = 5           ######  DEFAULT VALUE IS USED  ######
    ExpecInterval = 20          ######  DEFAULT VALUE IS USED  ######
           NOmega = 200         ######  DEFAULT VALUE IS USED  ######
         OmegaMax = 96.00000    ######  DEFAULT VALUE IS USED  ######
         OmegaMin = -96.00000   ######  DEFAULT VALUE IS USED  ######
          OmegaIm = 0.12000     ######  DEFAULT VALUE IS USED  ######
            nelec = 8  
     modpara.def is written.
      ioutputmode = 1           ######  DEFAULT VALUE IS USED  ######
    greenone.def is written.
    greentwo.def is written.
    namelist.def is written.

######  Input files are generated.  ######

  Read File 'namelist.def'.
  Read File 'calcmod.def' for CalcMod.
  Read File 'modpara.def' for ModPara.
  Read File 'locspn.def' for LocSpin.
  Read File 'trans.def' for Trans.
  Read File 'coulombintra.def' for CoulombIntra.
  Read File 'greenone.def' for OneBodyG.
  Read File 'greentwo.def' for TwoBodyG.
  Read File 'pair.def' for PairExcitation.

######  Definition files are correct.  ######

  Read File 'locspn.def'.
  Read File 'trans.def'.
  Read File 'coulombintra.def'.
  Read File 'greenone.def'.
  Read File 'greentwo.def'.
  Read File 'pair.def'.

######  Indices and Parameters of Definition files(*.def) are complete.  ######

  MAX DIMENSION idim_max=400 
  APPROXIMATE REQUIRED MEMORY  max_mem=0.000029 GB 


######  MPI site separation summary  ######

  INTRA process site
    Site    Bit
       0       4
       1       4
       2       4
       3       4
       4       4
       5       4

  INTER process site
    Site    Bit
       6       4
       7       4

  Process element info
    Process       Dimension   Nup  Ndown  Nelec  Total2Sz   State
          0             225     4      4      8         0   0000
          1             300     3      4      7         0   0100
          2             300     4      3      7         0   1000
          3             400     3      3      6         0   1100
          4             300     3      4      7         0   0001
          5             225     2      4      6         0   0101
          6             400     3      3      6         0   1001
          7             300     2      3      5         0   1101
          8             300     4      3      7         0   0010
          9             400     3      3      6         0   0110
         10             225     4      2      6         0   1010
         11             300     3      2      5         0   1110
         12             400     3      3      6         0   0011
         13             300     2      3      5         0   0111
         14             300     3      2      5         0   1011
         15             225     2      2      4         0   1111

   Total dimension : 4900


######  LARGE ALLOCATE FINISH !  ######

  Start: Calculate HilbertNum for fixed Sz. 
  End  : Calculate HilbertNum for fixed Sz. 

  Start: Calculate diagaonal components of Hamiltonian. 
  End  : Calculate diagaonal components of Hamiltonian. 

######  Start: TPQCalculation.  ######

  rand_i / rand_max = 1 / 5
    step_i/total_step=200/2000 
    step_i/total_step=400/2000 
    step_i/total_step=600/2000 
    step_i/total_step=800/2000 
    step_i/total_step=1000/2000 
    step_i/total_step=1200/2000 
    step_i/total_step=1400/2000 
    step_i/total_step=1600/2000 
    step_i/total_step=1800/2000 
  rand_i / rand_max = 2 / 5
    step_i/total_step=200/2000 
    step_i/total_step=400/2000 
    step_i/total_step=600/2000 
    step_i/total_step=800/2000 
    step_i/total_step=1000/2000 
    step_i/total_step=1200/2000 
    step_i/total_step=1400/2000 
    step_i/total_step=1600/2000 
    step_i/total_step=1800/2000 
  rand_i / rand_max = 3 / 5
    step_i/total_step=200/2000 
    step_i/total_step=400/2000 
    step_i/total_step=600/2000 
    step_i/total_step=800/2000 
    step_i/total_step=1000/2000 
    step_i/total_step=1200/2000 
    step_i/total_step=1400/2000 
    step_i/total_step=1600/2000 
    step_i/total_step=1800/2000 
  rand_i / rand_max = 4 / 5
    step_i/total_step=200/2000 
    step_i/total_step=400/2000 
    step_i/total_step=600/2000 
    step_i/total_step=800/2000 
    step_i/total_step=1000/2000 
    step_i/total_step=1200/2000 
    step_i/total_step=1400/2000 
    step_i/total_step=1600/2000 
    step_i/total_step=1800/2000 
  rand_i / rand_max = 5 / 5
    step_i/total_step=200/2000 
    step_i/total_step=400/2000 
    step_i/total_step=600/2000 
    step_i/total_step=800/2000 
    step_i/total_step=1000/2000 
    step_i/total_step=1200/2000 
    step_i/total_step=1400/2000 
    step_i/total_step=1600/2000 
    step_i/total_step=1800/2000 
######  End  : TPQCalculation.  ######

Finish: Elapsed time is 18 [s].
